#
# A fatal error has been detected by the Java Runtime Environment:
#
#  SIGSEGV (0xb) at pc=0x00007f8030643a67, pid=758501, tid=758502
#
# JRE version: OpenJDK Runtime Environment Corretto-18.0.2.9.1 (18.0.2+9) (build 18.0.2+9-FR)
# Java VM: OpenJDK 64-Bit Server VM Corretto-18.0.2.9.1 (18.0.2+9-FR, mixed mode, sharing, tiered, compressed oops, compressed class ptrs, g1 gc, linux-amd64)
# Problematic frame:
# C  [liblwjgl_opengl.so+0x43a67]  Java_org_lwjgl_opengl_GL20_glCreateProgram+0x7
#
# Core dump will be written. Default location: Core dumps may be processed with "/usr/lib/systemd/systemd-coredump %P %u %g %s %t %c %h" (or dumping to /home/linuxdev/dev/WPI-Masters-Thesis-Workspace/Target_OpenGL_Triangle/core.758501)
#
# If you would like to submit a bug report, please visit:
#   https://github.com/corretto/corretto-18/issues/
# The crash happened outside the Java Virtual Machine in native code.
# See problematic frame for where to report the bug.
#

---------------  S U M M A R Y ------------

Command Line: -Dfile.encoding=UTF-8 -Duser.country=US -Duser.language=en -Duser.variant main.java.Application

Host: AMD Ryzen 9 7900X 12-Core Processor, 24 cores, 30G, Arch Linux
Time: Sun Apr 23 20:12:12 2023 EDT elapsed time: 0.103316 seconds (0d 0h 0m 0s)

---------------  T H R E A D  ---------------

Current thread (0x00007f80b8026380):  JavaThread "main" [_thread_in_native, id=758502, stack(0x00007f80bdb19000,0x00007f80bdc19000)]

Stack: [0x00007f80bdb19000,0x00007f80bdc19000],  sp=0x00007f80bdc177f8,  free space=1017k
Native frames: (J=compiled Java code, j=interpreted, Vv=VM code, C=native code)
C  [liblwjgl_opengl.so+0x43a67]  Java_org_lwjgl_opengl_GL20_glCreateProgram+0x7
j  main.java.ShaderProgram.<init>()V+5
j  main.java.Application.initShaders()V+14
j  main.java.Application.run()V+19
j  main.java.Application.main([Ljava/lang/String;)V+7
v  ~StubRoutines::call_stub
V  [libjvm.so+0x85e2d4]  JavaCalls::call_helper(JavaValue*, methodHandle const&, JavaCallArguments*, JavaThread*)+0x334
V  [libjvm.so+0x8f6d0f]  jni_invoke_static(JNIEnv_*, JavaValue*, _jobject*, JNICallType, _jmethodID*, JNI_ArgumentPusher*, JavaThread*) [clone .isra.154] [clone .constprop.330]+0x15f
V  [libjvm.so+0x8f8f11]  jni_CallStaticVoidMethod+0x141
C  [libjli.so+0xae7d]  JavaMain+0xd5d
C  [libjli.so+0xdcd9]  ThreadJavaMain+0x9

Java frames: (J=compiled Java code, j=interpreted, Vv=VM code)
j  org.lwjgl.opengl.GL20.glCreateProgram()I+0
j  main.java.ShaderProgram.<init>()V+5
j  main.java.Application.initShaders()V+14
j  main.java.Application.run()V+19
j  main.java.Application.main([Ljava/lang/String;)V+7
v  ~StubRoutines::call_stub

siginfo: si_signo: 11 (SIGSEGV), si_code: 1 (SEGV_MAPERR), si_addr: 0x0000000000000850

Register to memory mapping:

RAX=0x0 is NULL
RBX={method} {0x00007f80744ac2a8} 'glCreateProgram' '()I' in 'org/lwjgl/opengl/GL20'
RCX=0x0000000000000008 is an unknown value
RDX=0x00007f80b8026e98 points into unknown readable memory: 0x0000000000000025 | 25 00 00 00 00 00 00 00
RSP=0x00007f80bdc177f8 is pointing into the stack for thread: 0x00007f80b8026380
RBP=0x00007f80bdc17848 is pointing into the stack for thread: 0x00007f80b8026380
RSI=0x00007f80bdc17858 is pointing into the stack for thread: 0x00007f80b8026380
RDI=0x00007f80b8026610 points into unknown readable memory: 0x00007f80bd98faa0 | a0 fa 98 bd 80 7f 00 00
R8 ={method} {0x00007f80744ac2a8} 'glCreateProgram' '()I' in 'org/lwjgl/opengl/GL20'
R9 =0x0000000000000002 is an unknown value
R10=0x00007f80a0a0d50b is at code_begin+843 in an Interpreter codelet
method entry point (kind = native)  [0x00007f80a0a0d1c0, 0x00007f80a0a0da20]  2144 bytes
R11=0x00000006367d2200 is an oop: java.lang.Class 
{0x00000006367d2200} - klass: 'java/lang/Class'
 - ---- fields (total size 56 words):
 - private volatile transient 'classRedefinedCount' 'I' @12  0
 - abstract internal 'klass' 'J' @16  34372398176 (c12c60 8)
 - abstract internal 'array_klass' 'J' @24  0 (0 0)
 - abstract internal 'oop_size' 'I' @32  56 (38)
 - abstract internal 'static_oop_field_count' 'I' @36  0
 - private volatile transient 'cachedConstructor' 'Ljava/lang/reflect/Constructor;' @40  NULL (0)
 - private transient 'name' 'Ljava/lang/String;' @44  "org.lwjgl.opengl.GL20"{0x00000006367d23d0} (c6cfa47a)
 - private transient 'module' 'Ljava/lang/Module;' @48  a 'java/lang/Module'{0x00000007ffb568a8} (fff6ad15)
 - private final 'classLoader' 'Ljava/lang/ClassLoader;' @52  a 'jdk/internal/loader/ClassLoaders$AppClassLoader'{0x00000007ffb56120} (fff6ac24)
 - private transient 'classData' 'Ljava/lang/Object;' @56  NULL (0)
 - private transient 'packageName' 'Ljava/lang/String;' @60  "org.lwjgl.opengl"{0x00000006367b84d8} (c6cf709b)
 - private final 'componentType' 'Ljava/lang/Class;' @64  NULL (0)
 - private volatile transient 'reflectionData' 'Ljava/lang/ref/SoftReference;' @68  NULL (0)
 - private volatile transient 'genericInfo' 'Lsun/reflect/generics/repository/ClassRepository;' @72  NULL (0)
 - private volatile transient 'enumConstants' '[Ljava/lang/Object;' @76  NULL (0)
 - private volatile transient 'enumConstantDirectory' 'Ljava/util/Map;' @80  NULL (0)
 - private volatile transient 'annotationData' 'Ljava/lang/Class$AnnotationData;' @84  NULL (0)
 - private volatile transient 'annotationType' 'Lsun/reflect/annotation/AnnotationType;' @88  NULL (0)
 - transient 'classValueMap' 'Ljava/lang/ClassValue$ClassValueMap;' @92  NULL (0)
 - abstract internal 'protection_domain' 'Ljava/lang/Object;' @96  a 'java/security/ProtectionDomain'{0x00000006367d1fa0} (c6cfa3f4)
 - abstract internal 'signers_name' 'Ljava/lang/Object;' @100  NULL (0)
 - abstract internal 'source_file' 'Ljava/lang/Object;' @104  NULL (0)
 - signature: Lorg/lwjgl/opengl/GL20;
 - ---- static fields (0):
 - public static final 'GL_SHADING_LANGUAGE_VERSION' 'I' @112  35724 (8b8c)
 - public static final 'GL_CURRENT_PROGRAM' 'I' @116  35725 (8b8d)
 - public static final 'GL_SHADER_TYPE' 'I' @120  35663 (8b4f)
 - public static final 'GL_DELETE_STATUS' 'I' @124  35712 (8b80)
 - public static final 'GL_COMPILE_STATUS' 'I' @128  35713 (8b81)
 - public static final 'GL_LINK_STATUS' 'I' @132  35714 (8b82)
 - public static final 'GL_VALIDATE_STATUS' 'I' @136  35715 (8b83)
 - public static final 'GL_INFO_LOG_LENGTH' 'I' @140  35716 (8b84)
 - public static final 'GL_ATTACHED_SHADERS' 'I' @144  35717 (8b85)
 - public static final 'GL_ACTIVE_UNIFORMS' 'I' @148  35718 (8b86)
 - public static final 'GL_ACTIVE_UNIFORM_MAX_LENGTH' 'I' @152  35719 (8b87)
 - public static final 'GL_ACTIVE_ATTRIBUTES' 'I' @156  35721 (8b89)
 - public static final 'GL_ACTIVE_ATTRIBUTE_MAX_LENGTH' 'I' @160  35722 (8b8a)
 - public static final 'GL_SHADER_SOURCE_LENGTH' 'I' @164  35720 (8b88)
 - public static final 'GL_FLOAT_VEC2' 'I' @168  35664 (8b50)
 - public static final 'GL_FLOAT_VEC3' 'I' @172  35665 (8b51)
 - public static final 'GL_FLOAT_VEC4' 'I' @176  35666 (8b52)
 - public static final 'GL_INT_VEC2' 'I' @180  35667 (8b53)
 - public static final 'GL_INT_VEC3' 'I' @184  35668 (8b54)
 - public static final 'GL_INT_VEC4' 'I' @188  35669 (8b55)
 - public static final 'GL_BOOL' 'I' @192  35670 (8b56)
 - public static final 'GL_BOOL_VEC2' 'I' @196  35671 (8b57)
 - public static final 'GL_BOOL_VEC3' 'I' @200  35672 (8b58)
 - public static final 'GL_BOOL_VEC4' 'I' @204  35673 (8b59)
 - public static final 'GL_FLOAT_MAT2' 'I' @208  35674 (8b5a)
 - public static final 'GL_FLOAT_MAT3' 'I' @212  35675 (8b5b)
 - public static final 'GL_FLOAT_MAT4' 'I' @216  35676 (8b5c)
 - public static final 'GL_SAMPLER_1D' 'I' @220  35677 (8b5d)
 - public static final 'GL_SAMPLER_2D' 'I' @224  35678 (8b5e)
 - public static final 'GL_SAMPLER_3D' 'I' @228  35679 (8b5f)
 - public static final 'GL_SAMPLER_CUBE' 'I' @232  35680 (8b60)
 - public static final 'GL_SAMPLER_1D_SHADOW' 'I' @236  35681 (8b61)
 - public static final 'GL_SAMPLER_2D_SHADOW' 'I' @240  35682 (8b62)
 - public static final 'GL_VERTEX_SHADER' 'I' @244  35633 (8b31)
 - public static final 'GL_MAX_VERTEX_UNIFORM_COMPONENTS' 'I' @248  35658 (8b4a)
 - public static final 'GL_MAX_VARYING_FLOATS' 'I' @252  35659 (8b4b)
 - public static final 'GL_MAX_VERTEX_ATTRIBS' 'I' @256  34921 (8869)
 - public static final 'GL_MAX_TEXTURE_IMAGE_UNITS' 'I' @260  34930 (8872)
 - public static final 'GL_MAX_VERTEX_TEXTURE_IMAGE_UNITS' 'I' @264  35660 (8b4c)
 - public static final 'GL_MAX_COMBINED_TEXTURE_IMAGE_UNITS' 'I' @268  35661 (8b4d)
 - public static final 'GL_MAX_TEXTURE_COORDS' 'I' @272  34929 (8871)
 - public static final 'GL_VERTEX_PROGRAM_POINT_SIZE' 'I' @276  34370 (8642)
 - public static final 'GL_VERTEX_PROGRAM_TWO_SIDE' 'I' @280  34371 (8643)
 - public static final 'GL_VERTEX_ATTRIB_ARRAY_ENABLED' 'I' @284  34338 (8622)
 - public static final 'GL_VERTEX_ATTRIB_ARRAY_SIZE' 'I' @288  34339 (8623)
 - public static final 'GL_VERTEX_ATTRIB_ARRAY_STRIDE' 'I' @292  34340 (8624)
 - public static final 'GL_VERTEX_ATTRIB_ARRAY_TYPE' 'I' @296  34341 (8625)
 - public static final 'GL_VERTEX_ATTRIB_ARRAY_NORMALIZED' 'I' @300  34922 (886a)
 - public static final 'GL_CURRENT_VERTEX_ATTRIB' 'I' @304  34342 (8626)
 - public static final 'GL_VERTEX_ATTRIB_ARRAY_POINTER' 'I' @308  34373 (8645)
 - public static final 'GL_FRAGMENT_SHADER' 'I' @312  35632 (8b30)
 - public static final 'GL_MAX_FRAGMENT_UNIFORM_COMPONENTS' 'I' @316  35657 (8b49)
 - public static final 'GL_FRAGMENT_SHADER_DERIVATIVE_HINT' 'I' @320  35723 (8b8b)
 - public static final 'GL_MAX_DRAW_BUFFERS' 'I' @324  34852 (8824)
 - public static final 'GL_DRAW_BUFFER0' 'I' @328  34853 (8825)
 - public static final 'GL_DRAW_BUFFER1' 'I' @332  34854 (8826)
 - public static final 'GL_DRAW_BUFFER2' 'I' @336  34855 (8827)
 - public static final 'GL_DRAW_BUFFER3' 'I' @340  34856 (8828)
 - public static final 'GL_DRAW_BUFFER4' 'I' @344  34857 (8829)
 - public static final 'GL_DRAW_BUFFER5' 'I' @348  34858 (882a)
 - public static final 'GL_DRAW_BUFFER6' 'I' @352  34859 (882b)
 - public static final 'GL_DRAW_BUFFER7' 'I' @356  34860 (882c)
 - public static final 'GL_DRAW_BUFFER8' 'I' @360  34861 (882d)
 - public static final 'GL_DRAW_BUFFER9' 'I' @364  34862 (882e)
 - public static final 'GL_DRAW_BUFFER10' 'I' @368  34863 (882f)
 - public static final 'GL_DRAW_BUFFER11' 'I' @372  34864 (8830)
 - public static final 'GL_DRAW_BUFFER12' 'I' @376  34865 (8831)
 - public static final 'GL_DRAW_BUFFER13' 'I' @380  34866 (8832)
 - public static final 'GL_DRAW_BUFFER14' 'I' @384  34867 (8833)
 - public static final 'GL_DRAW_BUFFER15' 'I' @388  34868 (8834)
 - public static final 'GL_POINT_SPRITE' 'I' @392  34913 (8861)
 - public static final 'GL_COORD_REPLACE' 'I' @396  34914 (8862)
 - public static final 'GL_POINT_SPRITE_COORD_ORIGIN' 'I' @400  36000 (8ca0)
 - public static final 'GL_LOWER_LEFT' 'I' @404  36001 (8ca1)
 - public static final 'GL_UPPER_LEFT' 'I' @408  36002 (8ca2)
 - public static final 'GL_BLEND_EQUATION_RGB' 'I' @412  32777 (8009)
 - public static final 'GL_BLEND_EQUATION_ALPHA' 'I' @416  34877 (883d)
 - public static final 'GL_STENCIL_BACK_FUNC' 'I' @420  34816 (8800)
 - public static final 'GL_STENCIL_BACK_FAIL' 'I' @424  34817 (8801)
 - public static final 'GL_STENCIL_BACK_PASS_DEPTH_FAIL' 'I' @428  34818 (8802)
 - public static final 'GL_STENCIL_BACK_PASS_DEPTH_PASS' 'I' @432  34819 (8803)
 - public static final 'GL_STENCIL_BACK_REF' 'I' @436  36003 (8ca3)
 - public static final 'GL_STENCIL_BACK_VALUE_MASK' 'I' @440  36004 (8ca4)
 - public static final 'GL_STENCIL_BACK_WRITEMASK' 'I' @444  36005 (8ca5)
R12=0x0 is NULL
R13={method} {0x00007f80744ac2a8} 'glCreateProgram' '()I' in 'org/lwjgl/opengl/GL20'
R14=0x00007f80bdc17860 is pointing into the stack for thread: 0x00007f80b8026380
R15=0x00007f80b8026380 is a thread


Registers:
RAX=0x0000000000000000, RBX=0x00007f80744ac2a8, RCX=0x0000000000000008, RDX=0x00007f80b8026e98
RSP=0x00007f80bdc177f8, RBP=0x00007f80bdc17848, RSI=0x00007f80bdc17858, RDI=0x00007f80b8026610
R8 =0x00007f80744ac2a8, R9 =0x0000000000000002, R10=0x00007f80a0a0d50b, R11=0x00000006367d2200
R12=0x0000000000000000, R13=0x00007f80744ac2a8, R14=0x00007f80bdc17860, R15=0x00007f80b8026380
RIP=0x00007f8030643a67, EFLAGS=0x0000000000010283, CSGSFS=0x002b000000000033, ERR=0x0000000000000004
  TRAPNO=0x000000000000000e

Top of Stack: (sp=0x00007f80bdc177f8)
0x00007f80bdc177f8:   00007f80a0a0d53a 00007f80bdc17800
0x00007f80bdc17808:   00007f80744ac2a8 00007f80bdc17860
0x00007f80bdc17818:   00007f80744b8000 0000000000000000
0x00007f80bdc17828:   00000006367d2200 00007f80744ac2a8 

Instructions: (pc=0x00007f8030643a67)
0x00007f8030643967:   ce 4c 89 c2 4c 89 c9 44 89 d7 48 8b 40 18 48 8b
0x00007f8030643977:   80 88 2f 00 00 ff e0 66 90 48 8b 07 89 ce 89 d7
0x00007f8030643987:   48 8b 40 18 48 8b 80 48 0a 00 00 ff e0 66 66 66
0x00007f8030643997:   2e 0f 1f 84 00 00 00 00 00 48 8b 07 89 ce 89 d7
0x00007f80306439a7:   48 8b 40 18 48 8b 40 60 ff e0 66 66 66 66 66 66
0x00007f80306439b7:   2e 0f 1f 84 00 00 00 00 00 48 8b 07 89 d7 48 8b
0x00007f80306439c7:   40 18 48 8b 80 80 1b 00 00 ff e0 66 66 66 66 66
0x00007f80306439d7:   2e 0f 1f 84 00 00 00 00 00 48 8b 07 89 d7 48 8b
0x00007f80306439e7:   40 18 48 8b 80 c0 09 00 00 ff e0 66 66 66 66 66
0x00007f80306439f7:   2e 0f 1f 84 00 00 00 00 00 48 8b 07 89 d7 48 8b
0x00007f8030643a07:   40 18 48 8b 80 80 08 00 00 ff e0 66 66 66 66 66
0x00007f8030643a17:   2e 0f 1f 84 00 00 00 00 00 48 8b 07 89 d7 48 8b
0x00007f8030643a27:   40 18 48 8b 80 40 1b 00 00 ff e0 66 66 66 66 66
0x00007f8030643a37:   2e 0f 1f 84 00 00 00 00 00 48 8b 07 89 d7 48 8b
0x00007f8030643a47:   40 18 48 8b 80 80 09 00 00 ff e0 66 66 66 66 66
0x00007f8030643a57:   2e 0f 1f 84 00 00 00 00 00 48 8b 07 48 8b 40 18
0x00007f8030643a67:   ff a0 50 08 00 00 0f 1f 00 48 8b 07 41 89 d1 89
0x00007f8030643a77:   ce 4c 89 c2 44 89 cf 48 8b 40 18 48 8b 80 58 15
0x00007f8030643a87:   00 00 ff e0 0f 1f 44 00 00 48 8b 07 41 89 d1 89
0x00007f8030643a97:   ce 4c 89 c2 44 89 cf 48 8b 40 18 48 8b 80 38 15
0x00007f8030643aa7:   00 00 ff e0 0f 1f 44 00 00 48 8b 07 41 89 d1 89
0x00007f8030643ab7:   ce 4c 89 c2 44 89 cf 48 8b 40 18 48 8b 80 68 15
0x00007f8030643ac7:   00 00 ff e0 0f 1f 44 00 00 48 8b 07 89 d7 48 8b
0x00007f8030643ad7:   40 18 48 8b 80 70 0c 00 00 ff e0 66 66 66 66 66
0x00007f8030643ae7:   2e 0f 1f 84 00 00 00 00 00 48 8b 07 89 ce 89 d7
0x00007f8030643af7:   48 8b 40 18 48 8b 80 98 00 00 00 ff e0 66 66 66
0x00007f8030643b07:   2e 0f 1f 84 00 00 00 00 00 48 8b 07 89 d7 48 8b
0x00007f8030643b17:   40 18 48 8b 80 58 1b 00 00 ff e0 66 66 66 66 66
0x00007f8030643b27:   2e 0f 1f 84 00 00 00 00 00 48 8b 07 48 89 ce 89
0x00007f8030643b37:   d7 48 8b 40 18 48 8b 80 98 09 00 00 ff e0 66 66
0x00007f8030643b47:   2e 0f 1f 84 00 00 00 00 00 48 8b 07 48 89 ce 89
0x00007f8030643b57:   d7 48 8b 40 18 48 8b 80 d8 0e 00 00 ff e0 66 66 


Stack slot to memory mapping:
stack at sp + 0 slots: 0x00007f80a0a0d53a is at code_begin+890 in an Interpreter codelet
method entry point (kind = native)  [0x00007f80a0a0d1c0, 0x00007f80a0a0da20]  2144 bytes
stack at sp + 1 slots: 0x00007f80bdc17800 is pointing into the stack for thread: 0x00007f80b8026380
stack at sp + 2 slots: {method} {0x00007f80744ac2a8} 'glCreateProgram' '()I' in 'org/lwjgl/opengl/GL20'
stack at sp + 3 slots: 0x00007f80bdc17860 is pointing into the stack for thread: 0x00007f80b8026380
stack at sp + 4 slots: 0x00007f80744b8000 is pointing into metadata
stack at sp + 5 slots: 0x0 is NULL
stack at sp + 6 slots: 0x00000006367d2200 is an oop: java.lang.Class 
{0x00000006367d2200} - klass: 'java/lang/Class'
 - ---- fields (total size 56 words):
 - private volatile transient 'classRedefinedCount' 'I' @12  0
 - abstract internal 'klass' 'J' @16  34372398176 (c12c60 8)
 - abstract internal 'array_klass' 'J' @24  0 (0 0)
 - abstract internal 'oop_size' 'I' @32  56 (38)
 - abstract internal 'static_oop_field_count' 'I' @36  0
 - private volatile transient 'cachedConstructor' 'Ljava/lang/reflect/Constructor;' @40  NULL (0)
 - private transient 'name' 'Ljava/lang/String;' @44  "org.lwjgl.opengl.GL20"{0x00000006367d23d0} (c6cfa47a)
 - private transient 'module' 'Ljava/lang/Module;' @48  a 'java/lang/Module'{0x00000007ffb568a8} (fff6ad15)
 - private final 'classLoader' 'Ljava/lang/ClassLoader;' @52  a 'jdk/internal/loader/ClassLoaders$AppClassLoader'{0x00000007ffb56120} (fff6ac24)
 - private transient 'classData' 'Ljava/lang/Object;' @56  NULL (0)
 - private transient 'packageName' 'Ljava/lang/String;' @60  "org.lwjgl.opengl"{0x00000006367b84d8} (c6cf709b)
 - private final 'componentType' 'Ljava/lang/Class;' @64  NULL (0)
 - private volatile transient 'reflectionData' 'Ljava/lang/ref/SoftReference;' @68  NULL (0)
 - private volatile transient 'genericInfo' 'Lsun/reflect/generics/repository/ClassRepository;' @72  NULL (0)
 - private volatile transient 'enumConstants' '[Ljava/lang/Object;' @76  NULL (0)
 - private volatile transient 'enumConstantDirectory' 'Ljava/util/Map;' @80  NULL (0)
 - private volatile transient 'annotationData' 'Ljava/lang/Class$AnnotationData;' @84  NULL (0)
 - private volatile transient 'annotationType' 'Lsun/reflect/annotation/AnnotationType;' @88  NULL (0)
 - transient 'classValueMap' 'Ljava/lang/ClassValue$ClassValueMap;' @92  NULL (0)
 - abstract internal 'protection_domain' 'Ljava/lang/Object;' @96  a 'java/security/ProtectionDomain'{0x00000006367d1fa0} (c6cfa3f4)
 - abstract internal 'signers_name' 'Ljava/lang/Object;' @100  NULL (0)
 - abstract internal 'source_file' 'Ljava/lang/Object;' @104  NULL (0)
 - signature: Lorg/lwjgl/opengl/GL20;
 - ---- static fields (0):
 - public static final 'GL_SHADING_LANGUAGE_VERSION' 'I' @112  35724 (8b8c)
 - public static final 'GL_CURRENT_PROGRAM' 'I' @116  35725 (8b8d)
 - public static final 'GL_SHADER_TYPE' 'I' @120  35663 (8b4f)
 - public static final 'GL_DELETE_STATUS' 'I' @124  35712 (8b80)
 - public static final 'GL_COMPILE_STATUS' 'I' @128  35713 (8b81)
 - public static final 'GL_LINK_STATUS' 'I' @132  35714 (8b82)
 - public static final 'GL_VALIDATE_STATUS' 'I' @136  35715 (8b83)
 - public static final 'GL_INFO_LOG_LENGTH' 'I' @140  35716 (8b84)
 - public static final 'GL_ATTACHED_SHADERS' 'I' @144  35717 (8b85)
 - public static final 'GL_ACTIVE_UNIFORMS' 'I' @148  35718 (8b86)
 - public static final 'GL_ACTIVE_UNIFORM_MAX_LENGTH' 'I' @152  35719 (8b87)
 - public static final 'GL_ACTIVE_ATTRIBUTES' 'I' @156  35721 (8b89)
 - public static final 'GL_ACTIVE_ATTRIBUTE_MAX_LENGTH' 'I' @160  35722 (8b8a)
 - public static final 'GL_SHADER_SOURCE_LENGTH' 'I' @164  35720 (8b88)
 - public static final 'GL_FLOAT_VEC2' 'I' @168  35664 (8b50)
 - public static final 'GL_FLOAT_VEC3' 'I' @172  35665 (8b51)
 - public static final 'GL_FLOAT_VEC4' 'I' @176  35666 (8b52)
 - public static final 'GL_INT_VEC2' 'I' @180  35667 (8b53)
 - public static final 'GL_INT_VEC3' 'I' @184  35668 (8b54)
 - public static final 'GL_INT_VEC4' 'I' @188  35669 (8b55)
 - public static final 'GL_BOOL' 'I' @192  35670 (8b56)
 - public static final 'GL_BOOL_VEC2' 'I' @196  35671 (8b57)
 - public static final 'GL_BOOL_VEC3' 'I' @200  35672 (8b58)
 - public static final 'GL_BOOL_VEC4' 'I' @204  35673 (8b59)
 - public static final 'GL_FLOAT_MAT2' 'I' @208  35674 (8b5a)
 - public static final 'GL_FLOAT_MAT3' 'I' @212  35675 (8b5b)
 - public static final 'GL_FLOAT_MAT4' 'I' @216  35676 (8b5c)
 - public static final 'GL_SAMPLER_1D' 'I' @220  35677 (8b5d)
 - public static final 'GL_SAMPLER_2D' 'I' @224  35678 (8b5e)
 - public static final 'GL_SAMPLER_3D' 'I' @228  35679 (8b5f)
 - public static final 'GL_SAMPLER_CUBE' 'I' @232  35680 (8b60)
 - public static final 'GL_SAMPLER_1D_SHADOW' 'I' @236  35681 (8b61)
 - public static final 'GL_SAMPLER_2D_SHADOW' 'I' @240  35682 (8b62)
 - public static final 'GL_VERTEX_SHADER' 'I' @244  35633 (8b31)
 - public static final 'GL_MAX_VERTEX_UNIFORM_COMPONENTS' 'I' @248  35658 (8b4a)
 - public static final 'GL_MAX_VARYING_FLOATS' 'I' @252  35659 (8b4b)
 - public static final 'GL_MAX_VERTEX_ATTRIBS' 'I' @256  34921 (8869)
 - public static final 'GL_MAX_TEXTURE_IMAGE_UNITS' 'I' @260  34930 (8872)
 - public static final 'GL_MAX_VERTEX_TEXTURE_IMAGE_UNITS' 'I' @264  35660 (8b4c)
 - public static final 'GL_MAX_COMBINED_TEXTURE_IMAGE_UNITS' 'I' @268  35661 (8b4d)
 - public static final 'GL_MAX_TEXTURE_COORDS' 'I' @272  34929 (8871)
 - public static final 'GL_VERTEX_PROGRAM_POINT_SIZE' 'I' @276  34370 (8642)
 - public static final 'GL_VERTEX_PROGRAM_TWO_SIDE' 'I' @280  34371 (8643)
 - public static final 'GL_VERTEX_ATTRIB_ARRAY_ENABLED' 'I' @284  34338 (8622)
 - public static final 'GL_VERTEX_ATTRIB_ARRAY_SIZE' 'I' @288  34339 (8623)
 - public static final 'GL_VERTEX_ATTRIB_ARRAY_STRIDE' 'I' @292  34340 (8624)
 - public static final 'GL_VERTEX_ATTRIB_ARRAY_TYPE' 'I' @296  34341 (8625)
 - public static final 'GL_VERTEX_ATTRIB_ARRAY_NORMALIZED' 'I' @300  34922 (886a)
 - public static final 'GL_CURRENT_VERTEX_ATTRIB' 'I' @304  34342 (8626)
 - public static final 'GL_VERTEX_ATTRIB_ARRAY_POINTER' 'I' @308  34373 (8645)
 - public static final 'GL_FRAGMENT_SHADER' 'I' @312  35632 (8b30)
 - public static final 'GL_MAX_FRAGMENT_UNIFORM_COMPONENTS' 'I' @316  35657 (8b49)
 - public static final 'GL_FRAGMENT_SHADER_DERIVATIVE_HINT' 'I' @320  35723 (8b8b)
 - public static final 'GL_MAX_DRAW_BUFFERS' 'I' @324  34852 (8824)
 - public static final 'GL_DRAW_BUFFER0' 'I' @328  34853 (8825)
 - public static final 'GL_DRAW_BUFFER1' 'I' @332  34854 (8826)
 - public static final 'GL_DRAW_BUFFER2' 'I' @336  34855 (8827)
 - public static final 'GL_DRAW_BUFFER3' 'I' @340  34856 (8828)
 - public static final 'GL_DRAW_BUFFER4' 'I' @344  34857 (8829)
 - public static final 'GL_DRAW_BUFFER5' 'I' @348  34858 (882a)
 - public static final 'GL_DRAW_BUFFER6' 'I' @352  34859 (882b)
 - public static final 'GL_DRAW_BUFFER7' 'I' @356  34860 (882c)
 - public static final 'GL_DRAW_BUFFER8' 'I' @360  34861 (882d)
 - public static final 'GL_DRAW_BUFFER9' 'I' @364  34862 (882e)
 - public static final 'GL_DRAW_BUFFER10' 'I' @368  34863 (882f)
 - public static final 'GL_DRAW_BUFFER11' 'I' @372  34864 (8830)
 - public static final 'GL_DRAW_BUFFER12' 'I' @376  34865 (8831)
 - public static final 'GL_DRAW_BUFFER13' 'I' @380  34866 (8832)
 - public static final 'GL_DRAW_BUFFER14' 'I' @384  34867 (8833)
 - public static final 'GL_DRAW_BUFFER15' 'I' @388  34868 (8834)
 - public static final 'GL_POINT_SPRITE' 'I' @392  34913 (8861)
 - public static final 'GL_COORD_REPLACE' 'I' @396  34914 (8862)
 - public static final 'GL_POINT_SPRITE_COORD_ORIGIN' 'I' @400  36000 (8ca0)
 - public static final 'GL_LOWER_LEFT' 'I' @404  36001 (8ca1)
 - public static final 'GL_UPPER_LEFT' 'I' @408  36002 (8ca2)
 - public static final 'GL_BLEND_EQUATION_RGB' 'I' @412  32777 (8009)
 - public static final 'GL_BLEND_EQUATION_ALPHA' 'I' @416  34877 (883d)
 - public static final 'GL_STENCIL_BACK_FUNC' 'I' @420  34816 (8800)
 - public static final 'GL_STENCIL_BACK_FAIL' 'I' @424  34817 (8801)
 - public static final 'GL_STENCIL_BACK_PASS_DEPTH_FAIL' 'I' @428  34818 (8802)
 - public static final 'GL_STENCIL_BACK_PASS_DEPTH_PASS' 'I' @432  34819 (8803)
 - public static final 'GL_STENCIL_BACK_REF' 'I' @436  36003 (8ca3)
 - public static final 'GL_STENCIL_BACK_VALUE_MASK' 'I' @440  36004 (8ca4)
 - public static final 'GL_STENCIL_BACK_WRITEMASK' 'I' @444  36005 (8ca5)
stack at sp + 7 slots: {method} {0x00007f80744ac2a8} 'glCreateProgram' '()I' in 'org/lwjgl/opengl/GL20'


---------------  P R O C E S S  ---------------

Threads class SMR info:
_java_thread_list=0x00007f80400f00c0, length=14, elements={
0x00007f80b8026380, 0x00007f80b8112dd0, 0x00007f80b8114270, 0x00007f80b8119ef0,
0x00007f80b811b290, 0x00007f80b811c690, 0x00007f80b811e0b0, 0x00007f80b811f5d0,
0x00007f80b8120a30, 0x00007f80b8128ab0, 0x00007f80b812c370, 0x00007f804c060700,
0x00007f804c101e00, 0x00007f80400ef3f0
}

Java Threads: ( => current thread )
=>0x00007f80b8026380 JavaThread "main" [_thread_in_native, id=758502, stack(0x00007f80bdb19000,0x00007f80bdc19000)]
  0x00007f80b8112dd0 JavaThread "Reference Handler" daemon [_thread_blocked, id=758509, stack(0x00007f808c1f8000,0x00007f808c2f8000)]
  0x00007f80b8114270 JavaThread "Finalizer" daemon [_thread_blocked, id=758510, stack(0x00007f808c0f8000,0x00007f808c1f8000)]
  0x00007f80b8119ef0 JavaThread "Signal Dispatcher" daemon [_thread_blocked, id=758511, stack(0x00007f807df00000,0x00007f807e000000)]
  0x00007f80b811b290 JavaThread "Service Thread" daemon [_thread_blocked, id=758512, stack(0x00007f807db00000,0x00007f807dc00000)]
  0x00007f80b811c690 JavaThread "Monitor Deflation Thread" daemon [_thread_blocked, id=758513, stack(0x00007f807d700000,0x00007f807d800000)]
  0x00007f80b811e0b0 JavaThread "C2 CompilerThread0" daemon [_thread_blocked, id=758514, stack(0x00007f807d600000,0x00007f807d700000)]
  0x00007f80b811f5d0 JavaThread "C1 CompilerThread0" daemon [_thread_blocked, id=758515, stack(0x00007f807d500000,0x00007f807d600000)]
  0x00007f80b8120a30 JavaThread "Sweeper thread" daemon [_thread_blocked, id=758516, stack(0x00007f807d400000,0x00007f807d500000)]
  0x00007f80b8128ab0 JavaThread "Notification Thread" daemon [_thread_blocked, id=758517, stack(0x00007f807d300000,0x00007f807d400000)]
  0x00007f80b812c370 JavaThread "Common-Cleaner" daemon [_thread_blocked, id=758519, stack(0x00007f807d0fe000,0x00007f807d1fe000)]
  0x00007f804c060700 JavaThread "C1 CompilerThread1" daemon [_thread_blocked, id=758520, stack(0x00007f807cd00000,0x00007f807ce00000)]
  0x00007f804c101e00 JavaThread "C2 CompilerThread1" daemon [_thread_blocked, id=758521, stack(0x00007f807c900000,0x00007f807ca00000)]
  0x00007f80400ef3f0 JavaThread "C2 CompilerThread2" daemon [_thread_blocked, id=758522, stack(0x00007f807c500000,0x00007f807c600000)]

Other Threads:
  0x00007f80b810fd20 VMThread "VM Thread" [stack: 0x00007f808c2fa000,0x00007f808c3fa000] [id=758508]
  0x00007f80b812a3e0 WatcherThread "VM Periodic Task Thread" [stack: 0x00007f807d200000,0x00007f807d300000] [id=758518]
  0x00007f80b805a410 WorkerThread "GC Thread#0" [stack: 0x00007f808da16000,0x00007f808db16000] [id=758503]
  0x00007f80b806ae80 ConcurrentGCThread "G1 Main Marker" [stack: 0x00007f808d914000,0x00007f808da14000] [id=758504]
  0x00007f80b806bd90 WorkerThread "G1 Conc#0" [stack: 0x00007f808d812000,0x00007f808d912000] [id=758505]
  0x00007f80b80e15e0 ConcurrentGCThread "G1 Refine#0" [stack: 0x00007f808c4fe000,0x00007f808c5fe000] [id=758506]
  0x00007f80b80e24b0 ConcurrentGCThread "G1 Service" [stack: 0x00007f808c3fc000,0x00007f808c4fc000] [id=758507]

Threads with active compile tasks:

VM state: not at safepoint (normal execution)

VM Mutex/Monitor currently owned by a thread: None

Heap address: 0x0000000617c00000, size: 7812 MB, Compressed Oops mode: Zero based, Oop shift amount: 3

CDS archive(s) mapped at: [0x0000000800000000-0x0000000800bb1000-0x0000000800bb1000), size 12259328, SharedBaseAddress: 0x0000000800000000, ArchiveRelocationMode: 0.
Compressed class space mapped at: 0x0000000800c00000-0x0000000840c00000, reserved size: 1073741824
Narrow klass base: 0x0000000800000000, Narrow klass shift: 0, Narrow klass range: 0x100000000

GC Precious Log:
 CardTable entry size: 512
 Card Set container configuration: InlinePtr #cards 4 size 8 Array Of Cards #cards 32 size 80 Howl #buckets 8 coarsen threshold 7372 Howl Bitmap #cards 1024 size 144 coarsen threshold 921 Card regions per heap region 1 cards per card region 8192
 CPUs: 24 total, 24 available
 Memory: 31233M
 Large Page Support: Disabled
 NUMA Support: Disabled
 Compressed Oops: Enabled (Zero based)
 Heap Region Size: 4M
 Heap Min Capacity: 8M
 Heap Initial Capacity: 492M
 Heap Max Capacity: 7812M
 Pre-touch: Disabled
 Parallel Workers: 18
 Concurrent Workers: 5
 Concurrent Refinement Workers: 18
 Periodic GC: Disabled

Heap:
 garbage-first heap   total 512000K, used 8108K [0x0000000617c00000, 0x0000000800000000)
  region size 4096K, 2 young (8192K), 0 survivors (0K)
 Metaspace       used 2337K, committed 2496K, reserved 1114112K
  class space    used 181K, committed 256K, reserved 1048576K

Heap Regions: E=young(eden), S=young(survivor), O=old, HS=humongous(starts), HC=humongous(continues), CS=collection set, F=free, OA=open archive, CA=closed archive, TAMS=top-at-mark-start (previous, next)
|   0|0x0000000617c00000, 0x0000000617c00000, 0x0000000618000000|  0%| F|  |TAMS 0x0000000617c00000, 0x0000000617c00000| Untracked 
|   1|0x0000000618000000, 0x0000000618000000, 0x0000000618400000|  0%| F|  |TAMS 0x0000000618000000, 0x0000000618000000| Untracked 
|   2|0x0000000618400000, 0x0000000618400000, 0x0000000618800000|  0%| F|  |TAMS 0x0000000618400000, 0x0000000618400000| Untracked 
|   3|0x0000000618800000, 0x0000000618800000, 0x0000000618c00000|  0%| F|  |TAMS 0x0000000618800000, 0x0000000618800000| Untracked 
|   4|0x0000000618c00000, 0x0000000618c00000, 0x0000000619000000|  0%| F|  |TAMS 0x0000000618c00000, 0x0000000618c00000| Untracked 
|   5|0x0000000619000000, 0x0000000619000000, 0x0000000619400000|  0%| F|  |TAMS 0x0000000619000000, 0x0000000619000000| Untracked 
|   6|0x0000000619400000, 0x0000000619400000, 0x0000000619800000|  0%| F|  |TAMS 0x0000000619400000, 0x0000000619400000| Untracked 
|   7|0x0000000619800000, 0x0000000619800000, 0x0000000619c00000|  0%| F|  |TAMS 0x0000000619800000, 0x0000000619800000| Untracked 
|   8|0x0000000619c00000, 0x0000000619c00000, 0x000000061a000000|  0%| F|  |TAMS 0x0000000619c00000, 0x0000000619c00000| Untracked 
|   9|0x000000061a000000, 0x000000061a000000, 0x000000061a400000|  0%| F|  |TAMS 0x000000061a000000, 0x000000061a000000| Untracked 
|  10|0x000000061a400000, 0x000000061a400000, 0x000000061a800000|  0%| F|  |TAMS 0x000000061a400000, 0x000000061a400000| Untracked 
|  11|0x000000061a800000, 0x000000061a800000, 0x000000061ac00000|  0%| F|  |TAMS 0x000000061a800000, 0x000000061a800000| Untracked 
|  12|0x000000061ac00000, 0x000000061ac00000, 0x000000061b000000|  0%| F|  |TAMS 0x000000061ac00000, 0x000000061ac00000| Untracked 
|  13|0x000000061b000000, 0x000000061b000000, 0x000000061b400000|  0%| F|  |TAMS 0x000000061b000000, 0x000000061b000000| Untracked 
|  14|0x000000061b400000, 0x000000061b400000, 0x000000061b800000|  0%| F|  |TAMS 0x000000061b400000, 0x000000061b400000| Untracked 
|  15|0x000000061b800000, 0x000000061b800000, 0x000000061bc00000|  0%| F|  |TAMS 0x000000061b800000, 0x000000061b800000| Untracked 
|  16|0x000000061bc00000, 0x000000061bc00000, 0x000000061c000000|  0%| F|  |TAMS 0x000000061bc00000, 0x000000061bc00000| Untracked 
|  17|0x000000061c000000, 0x000000061c000000, 0x000000061c400000|  0%| F|  |TAMS 0x000000061c000000, 0x000000061c000000| Untracked 
|  18|0x000000061c400000, 0x000000061c400000, 0x000000061c800000|  0%| F|  |TAMS 0x000000061c400000, 0x000000061c400000| Untracked 
|  19|0x000000061c800000, 0x000000061c800000, 0x000000061cc00000|  0%| F|  |TAMS 0x000000061c800000, 0x000000061c800000| Untracked 
|  20|0x000000061cc00000, 0x000000061cc00000, 0x000000061d000000|  0%| F|  |TAMS 0x000000061cc00000, 0x000000061cc00000| Untracked 
|  21|0x000000061d000000, 0x000000061d000000, 0x000000061d400000|  0%| F|  |TAMS 0x000000061d000000, 0x000000061d000000| Untracked 
|  22|0x000000061d400000, 0x000000061d400000, 0x000000061d800000|  0%| F|  |TAMS 0x000000061d400000, 0x000000061d400000| Untracked 
|  23|0x000000061d800000, 0x000000061d800000, 0x000000061dc00000|  0%| F|  |TAMS 0x000000061d800000, 0x000000061d800000| Untracked 
|  24|0x000000061dc00000, 0x000000061dc00000, 0x000000061e000000|  0%| F|  |TAMS 0x000000061dc00000, 0x000000061dc00000| Untracked 
|  25|0x000000061e000000, 0x000000061e000000, 0x000000061e400000|  0%| F|  |TAMS 0x000000061e000000, 0x000000061e000000| Untracked 
|  26|0x000000061e400000, 0x000000061e400000, 0x000000061e800000|  0%| F|  |TAMS 0x000000061e400000, 0x000000061e400000| Untracked 
|  27|0x000000061e800000, 0x000000061e800000, 0x000000061ec00000|  0%| F|  |TAMS 0x000000061e800000, 0x000000061e800000| Untracked 
|  28|0x000000061ec00000, 0x000000061ec00000, 0x000000061f000000|  0%| F|  |TAMS 0x000000061ec00000, 0x000000061ec00000| Untracked 
|  29|0x000000061f000000, 0x000000061f000000, 0x000000061f400000|  0%| F|  |TAMS 0x000000061f000000, 0x000000061f000000| Untracked 
|  30|0x000000061f400000, 0x000000061f400000, 0x000000061f800000|  0%| F|  |TAMS 0x000000061f400000, 0x000000061f400000| Untracked 
|  31|0x000000061f800000, 0x000000061f800000, 0x000000061fc00000|  0%| F|  |TAMS 0x000000061f800000, 0x000000061f800000| Untracked 
|  32|0x000000061fc00000, 0x000000061fc00000, 0x0000000620000000|  0%| F|  |TAMS 0x000000061fc00000, 0x000000061fc00000| Untracked 
|  33|0x0000000620000000, 0x0000000620000000, 0x0000000620400000|  0%| F|  |TAMS 0x0000000620000000, 0x0000000620000000| Untracked 
|  34|0x0000000620400000, 0x0000000620400000, 0x0000000620800000|  0%| F|  |TAMS 0x0000000620400000, 0x0000000620400000| Untracked 
|  35|0x0000000620800000, 0x0000000620800000, 0x0000000620c00000|  0%| F|  |TAMS 0x0000000620800000, 0x0000000620800000| Untracked 
|  36|0x0000000620c00000, 0x0000000620c00000, 0x0000000621000000|  0%| F|  |TAMS 0x0000000620c00000, 0x0000000620c00000| Untracked 
|  37|0x0000000621000000, 0x0000000621000000, 0x0000000621400000|  0%| F|  |TAMS 0x0000000621000000, 0x0000000621000000| Untracked 
|  38|0x0000000621400000, 0x0000000621400000, 0x0000000621800000|  0%| F|  |TAMS 0x0000000621400000, 0x0000000621400000| Untracked 
|  39|0x0000000621800000, 0x0000000621800000, 0x0000000621c00000|  0%| F|  |TAMS 0x0000000621800000, 0x0000000621800000| Untracked 
|  40|0x0000000621c00000, 0x0000000621c00000, 0x0000000622000000|  0%| F|  |TAMS 0x0000000621c00000, 0x0000000621c00000| Untracked 
|  41|0x0000000622000000, 0x0000000622000000, 0x0000000622400000|  0%| F|  |TAMS 0x0000000622000000, 0x0000000622000000| Untracked 
|  42|0x0000000622400000, 0x0000000622400000, 0x0000000622800000|  0%| F|  |TAMS 0x0000000622400000, 0x0000000622400000| Untracked 
|  43|0x0000000622800000, 0x0000000622800000, 0x0000000622c00000|  0%| F|  |TAMS 0x0000000622800000, 0x0000000622800000| Untracked 
|  44|0x0000000622c00000, 0x0000000622c00000, 0x0000000623000000|  0%| F|  |TAMS 0x0000000622c00000, 0x0000000622c00000| Untracked 
|  45|0x0000000623000000, 0x0000000623000000, 0x0000000623400000|  0%| F|  |TAMS 0x0000000623000000, 0x0000000623000000| Untracked 
|  46|0x0000000623400000, 0x0000000623400000, 0x0000000623800000|  0%| F|  |TAMS 0x0000000623400000, 0x0000000623400000| Untracked 
|  47|0x0000000623800000, 0x0000000623800000, 0x0000000623c00000|  0%| F|  |TAMS 0x0000000623800000, 0x0000000623800000| Untracked 
|  48|0x0000000623c00000, 0x0000000623c00000, 0x0000000624000000|  0%| F|  |TAMS 0x0000000623c00000, 0x0000000623c00000| Untracked 
|  49|0x0000000624000000, 0x0000000624000000, 0x0000000624400000|  0%| F|  |TAMS 0x0000000624000000, 0x0000000624000000| Untracked 
|  50|0x0000000624400000, 0x0000000624400000, 0x0000000624800000|  0%| F|  |TAMS 0x0000000624400000, 0x0000000624400000| Untracked 
|  51|0x0000000624800000, 0x0000000624800000, 0x0000000624c00000|  0%| F|  |TAMS 0x0000000624800000, 0x0000000624800000| Untracked 
|  52|0x0000000624c00000, 0x0000000624c00000, 0x0000000625000000|  0%| F|  |TAMS 0x0000000624c00000, 0x0000000624c00000| Untracked 
|  53|0x0000000625000000, 0x0000000625000000, 0x0000000625400000|  0%| F|  |TAMS 0x0000000625000000, 0x0000000625000000| Untracked 
|  54|0x0000000625400000, 0x0000000625400000, 0x0000000625800000|  0%| F|  |TAMS 0x0000000625400000, 0x0000000625400000| Untracked 
|  55|0x0000000625800000, 0x0000000625800000, 0x0000000625c00000|  0%| F|  |TAMS 0x0000000625800000, 0x0000000625800000| Untracked 
|  56|0x0000000625c00000, 0x0000000625c00000, 0x0000000626000000|  0%| F|  |TAMS 0x0000000625c00000, 0x0000000625c00000| Untracked 
|  57|0x0000000626000000, 0x0000000626000000, 0x0000000626400000|  0%| F|  |TAMS 0x0000000626000000, 0x0000000626000000| Untracked 
|  58|0x0000000626400000, 0x0000000626400000, 0x0000000626800000|  0%| F|  |TAMS 0x0000000626400000, 0x0000000626400000| Untracked 
|  59|0x0000000626800000, 0x0000000626800000, 0x0000000626c00000|  0%| F|  |TAMS 0x0000000626800000, 0x0000000626800000| Untracked 
|  60|0x0000000626c00000, 0x0000000626c00000, 0x0000000627000000|  0%| F|  |TAMS 0x0000000626c00000, 0x0000000626c00000| Untracked 
|  61|0x0000000627000000, 0x0000000627000000, 0x0000000627400000|  0%| F|  |TAMS 0x0000000627000000, 0x0000000627000000| Untracked 
|  62|0x0000000627400000, 0x0000000627400000, 0x0000000627800000|  0%| F|  |TAMS 0x0000000627400000, 0x0000000627400000| Untracked 
|  63|0x0000000627800000, 0x0000000627800000, 0x0000000627c00000|  0%| F|  |TAMS 0x0000000627800000, 0x0000000627800000| Untracked 
|  64|0x0000000627c00000, 0x0000000627c00000, 0x0000000628000000|  0%| F|  |TAMS 0x0000000627c00000, 0x0000000627c00000| Untracked 
|  65|0x0000000628000000, 0x0000000628000000, 0x0000000628400000|  0%| F|  |TAMS 0x0000000628000000, 0x0000000628000000| Untracked 
|  66|0x0000000628400000, 0x0000000628400000, 0x0000000628800000|  0%| F|  |TAMS 0x0000000628400000, 0x0000000628400000| Untracked 
|  67|0x0000000628800000, 0x0000000628800000, 0x0000000628c00000|  0%| F|  |TAMS 0x0000000628800000, 0x0000000628800000| Untracked 
|  68|0x0000000628c00000, 0x0000000628c00000, 0x0000000629000000|  0%| F|  |TAMS 0x0000000628c00000, 0x0000000628c00000| Untracked 
|  69|0x0000000629000000, 0x0000000629000000, 0x0000000629400000|  0%| F|  |TAMS 0x0000000629000000, 0x0000000629000000| Untracked 
|  70|0x0000000629400000, 0x0000000629400000, 0x0000000629800000|  0%| F|  |TAMS 0x0000000629400000, 0x0000000629400000| Untracked 
|  71|0x0000000629800000, 0x0000000629800000, 0x0000000629c00000|  0%| F|  |TAMS 0x0000000629800000, 0x0000000629800000| Untracked 
|  72|0x0000000629c00000, 0x0000000629c00000, 0x000000062a000000|  0%| F|  |TAMS 0x0000000629c00000, 0x0000000629c00000| Untracked 
|  73|0x000000062a000000, 0x000000062a000000, 0x000000062a400000|  0%| F|  |TAMS 0x000000062a000000, 0x000000062a000000| Untracked 
|  74|0x000000062a400000, 0x000000062a400000, 0x000000062a800000|  0%| F|  |TAMS 0x000000062a400000, 0x000000062a400000| Untracked 
|  75|0x000000062a800000, 0x000000062a800000, 0x000000062ac00000|  0%| F|  |TAMS 0x000000062a800000, 0x000000062a800000| Untracked 
|  76|0x000000062ac00000, 0x000000062ac00000, 0x000000062b000000|  0%| F|  |TAMS 0x000000062ac00000, 0x000000062ac00000| Untracked 
|  77|0x000000062b000000, 0x000000062b000000, 0x000000062b400000|  0%| F|  |TAMS 0x000000062b000000, 0x000000062b000000| Untracked 
|  78|0x000000062b400000, 0x000000062b400000, 0x000000062b800000|  0%| F|  |TAMS 0x000000062b400000, 0x000000062b400000| Untracked 
|  79|0x000000062b800000, 0x000000062b800000, 0x000000062bc00000|  0%| F|  |TAMS 0x000000062b800000, 0x000000062b800000| Untracked 
|  80|0x000000062bc00000, 0x000000062bc00000, 0x000000062c000000|  0%| F|  |TAMS 0x000000062bc00000, 0x000000062bc00000| Untracked 
|  81|0x000000062c000000, 0x000000062c000000, 0x000000062c400000|  0%| F|  |TAMS 0x000000062c000000, 0x000000062c000000| Untracked 
|  82|0x000000062c400000, 0x000000062c400000, 0x000000062c800000|  0%| F|  |TAMS 0x000000062c400000, 0x000000062c400000| Untracked 
|  83|0x000000062c800000, 0x000000062c800000, 0x000000062cc00000|  0%| F|  |TAMS 0x000000062c800000, 0x000000062c800000| Untracked 
|  84|0x000000062cc00000, 0x000000062cc00000, 0x000000062d000000|  0%| F|  |TAMS 0x000000062cc00000, 0x000000062cc00000| Untracked 
|  85|0x000000062d000000, 0x000000062d000000, 0x000000062d400000|  0%| F|  |TAMS 0x000000062d000000, 0x000000062d000000| Untracked 
|  86|0x000000062d400000, 0x000000062d400000, 0x000000062d800000|  0%| F|  |TAMS 0x000000062d400000, 0x000000062d400000| Untracked 
|  87|0x000000062d800000, 0x000000062d800000, 0x000000062dc00000|  0%| F|  |TAMS 0x000000062d800000, 0x000000062d800000| Untracked 
|  88|0x000000062dc00000, 0x000000062dc00000, 0x000000062e000000|  0%| F|  |TAMS 0x000000062dc00000, 0x000000062dc00000| Untracked 
|  89|0x000000062e000000, 0x000000062e000000, 0x000000062e400000|  0%| F|  |TAMS 0x000000062e000000, 0x000000062e000000| Untracked 
|  90|0x000000062e400000, 0x000000062e400000, 0x000000062e800000|  0%| F|  |TAMS 0x000000062e400000, 0x000000062e400000| Untracked 
|  91|0x000000062e800000, 0x000000062e800000, 0x000000062ec00000|  0%| F|  |TAMS 0x000000062e800000, 0x000000062e800000| Untracked 
|  92|0x000000062ec00000, 0x000000062ec00000, 0x000000062f000000|  0%| F|  |TAMS 0x000000062ec00000, 0x000000062ec00000| Untracked 
|  93|0x000000062f000000, 0x000000062f000000, 0x000000062f400000|  0%| F|  |TAMS 0x000000062f000000, 0x000000062f000000| Untracked 
|  94|0x000000062f400000, 0x000000062f400000, 0x000000062f800000|  0%| F|  |TAMS 0x000000062f400000, 0x000000062f400000| Untracked 
|  95|0x000000062f800000, 0x000000062f800000, 0x000000062fc00000|  0%| F|  |TAMS 0x000000062f800000, 0x000000062f800000| Untracked 
|  96|0x000000062fc00000, 0x000000062fc00000, 0x0000000630000000|  0%| F|  |TAMS 0x000000062fc00000, 0x000000062fc00000| Untracked 
|  97|0x0000000630000000, 0x0000000630000000, 0x0000000630400000|  0%| F|  |TAMS 0x0000000630000000, 0x0000000630000000| Untracked 
|  98|0x0000000630400000, 0x0000000630400000, 0x0000000630800000|  0%| F|  |TAMS 0x0000000630400000, 0x0000000630400000| Untracked 
|  99|0x0000000630800000, 0x0000000630800000, 0x0000000630c00000|  0%| F|  |TAMS 0x0000000630800000, 0x0000000630800000| Untracked 
| 100|0x0000000630c00000, 0x0000000630c00000, 0x0000000631000000|  0%| F|  |TAMS 0x0000000630c00000, 0x0000000630c00000| Untracked 
| 101|0x0000000631000000, 0x0000000631000000, 0x0000000631400000|  0%| F|  |TAMS 0x0000000631000000, 0x0000000631000000| Untracked 
| 102|0x0000000631400000, 0x0000000631400000, 0x0000000631800000|  0%| F|  |TAMS 0x0000000631400000, 0x0000000631400000| Untracked 
| 103|0x0000000631800000, 0x0000000631800000, 0x0000000631c00000|  0%| F|  |TAMS 0x0000000631800000, 0x0000000631800000| Untracked 
| 104|0x0000000631c00000, 0x0000000631c00000, 0x0000000632000000|  0%| F|  |TAMS 0x0000000631c00000, 0x0000000631c00000| Untracked 
| 105|0x0000000632000000, 0x0000000632000000, 0x0000000632400000|  0%| F|  |TAMS 0x0000000632000000, 0x0000000632000000| Untracked 
| 106|0x0000000632400000, 0x0000000632400000, 0x0000000632800000|  0%| F|  |TAMS 0x0000000632400000, 0x0000000632400000| Untracked 
| 107|0x0000000632800000, 0x0000000632800000, 0x0000000632c00000|  0%| F|  |TAMS 0x0000000632800000, 0x0000000632800000| Untracked 
| 108|0x0000000632c00000, 0x0000000632c00000, 0x0000000633000000|  0%| F|  |TAMS 0x0000000632c00000, 0x0000000632c00000| Untracked 
| 109|0x0000000633000000, 0x0000000633000000, 0x0000000633400000|  0%| F|  |TAMS 0x0000000633000000, 0x0000000633000000| Untracked 
| 110|0x0000000633400000, 0x0000000633400000, 0x0000000633800000|  0%| F|  |TAMS 0x0000000633400000, 0x0000000633400000| Untracked 
| 111|0x0000000633800000, 0x0000000633800000, 0x0000000633c00000|  0%| F|  |TAMS 0x0000000633800000, 0x0000000633800000| Untracked 
| 112|0x0000000633c00000, 0x0000000633c00000, 0x0000000634000000|  0%| F|  |TAMS 0x0000000633c00000, 0x0000000633c00000| Untracked 
| 113|0x0000000634000000, 0x0000000634000000, 0x0000000634400000|  0%| F|  |TAMS 0x0000000634000000, 0x0000000634000000| Untracked 
| 114|0x0000000634400000, 0x0000000634400000, 0x0000000634800000|  0%| F|  |TAMS 0x0000000634400000, 0x0000000634400000| Untracked 
| 115|0x0000000634800000, 0x0000000634800000, 0x0000000634c00000|  0%| F|  |TAMS 0x0000000634800000, 0x0000000634800000| Untracked 
| 116|0x0000000634c00000, 0x0000000634c00000, 0x0000000635000000|  0%| F|  |TAMS 0x0000000634c00000, 0x0000000634c00000| Untracked 
| 117|0x0000000635000000, 0x0000000635000000, 0x0000000635400000|  0%| F|  |TAMS 0x0000000635000000, 0x0000000635000000| Untracked 
| 118|0x0000000635400000, 0x0000000635400000, 0x0000000635800000|  0%| F|  |TAMS 0x0000000635400000, 0x0000000635400000| Untracked 
| 119|0x0000000635800000, 0x0000000635800000, 0x0000000635c00000|  0%| F|  |TAMS 0x0000000635800000, 0x0000000635800000| Untracked 
| 120|0x0000000635c00000, 0x0000000635c00000, 0x0000000636000000|  0%| F|  |TAMS 0x0000000635c00000, 0x0000000635c00000| Untracked 
| 121|0x0000000636000000, 0x000000063607ce58, 0x0000000636400000| 12%| E|  |TAMS 0x0000000636000000, 0x0000000636000000| Complete 
| 122|0x0000000636400000, 0x0000000636800000, 0x0000000636800000|100%| E|CS|TAMS 0x0000000636400000, 0x0000000636400000| Complete 
|1951|0x00000007ff800000, 0x00000007ffb75000, 0x00000007ffc00000| 86%|OA|  |TAMS 0x00000007ff800000, 0x00000007ff800000| Untracked 
|1952|0x00000007ffc00000, 0x00000007ffc76000, 0x0000000800000000| 11%|CA|  |TAMS 0x00000007ffc00000, 0x00000007ffc00000| Untracked 

Card table byte_map: [0x00007f809df70000,0x00007f809eeb2000] _byte_map_base: 0x00007f809aeb2000

Marking Bits (Prev, Next): (CMBitMap*) 0x00007f80b805ae80, (CMBitMap*) 0x00007f80b805aec0
 Prev Bits: [0x00007f809561e000, 0x00007f809d02e000)
 Next Bits: [0x00007f808dc0e000, 0x00007f809561e000)

Polling page: 0x00007f80be1c3000

Metaspace:

Usage:
  Non-class:      2.10 MB used.
      Class:    181.70 KB used.
       Both:      2.28 MB used.

Virtual space:
  Non-class space:       64.00 MB reserved,       2.19 MB (  3%) committed,  1 nodes.
      Class space:        1.00 GB reserved,     256.00 KB ( <1%) committed,  1 nodes.
             Both:        1.06 GB reserved,       2.44 MB ( <1%) committed. 

Chunk freelists:
   Non-Class:  3.23 MB
       Class:  3.66 MB
        Both:  6.90 MB

MaxMetaspaceSize: unlimited
CompressedClassSpaceSize: 1.00 GB
Initial GC threshold: 21.00 MB
Current GC threshold: 21.00 MB
CDS: on
MetaspaceReclaimPolicy: balanced
 - commit_granule_bytes: 65536.
 - commit_granule_words: 8192.
 - virtual_space_node_default_size: 8388608.
 - enlarge_chunks_in_place: 1.
 - new_chunks_are_fully_committed: 0.
 - uncommit_free_chunks: 1.
 - use_allocation_guard: 0.


Internal statistics:

num_allocs_failed_limit: 0.
num_arena_births: 64.
num_arena_deaths: 0.
num_vsnodes_births: 2.
num_vsnodes_deaths: 0.
num_space_committed: 39.
num_space_uncommitted: 0.
num_chunks_returned_to_freelist: 0.
num_chunks_taken_from_freelist: 121.
num_chunk_merges: 0.
num_chunk_splits: 70.
num_chunks_enlarged: 43.
num_inconsistent_stats: 0.

CodeHeap 'non-profiled nmethods': size=119168Kb used=154Kb max_used=154Kb free=119014Kb
 bounds [0x00007f80a85a0000, 0x00007f80a8810000, 0x00007f80afa00000]
CodeHeap 'profiled nmethods': size=119164Kb used=750Kb max_used=750Kb free=118413Kb
 bounds [0x00007f80a1141000, 0x00007f80a13b1000, 0x00007f80a85a0000]
CodeHeap 'non-nmethods': size=7428Kb used=2004Kb max_used=2018Kb free=5424Kb
 bounds [0x00007f80a0a00000, 0x00007f80a0c70000, 0x00007f80a1141000]
 total_blobs=1310 nmethods=510 adapters=713
 compilation: enabled
              stopped_count=0, restarted_count=0
 full_count=0

Compilation events (20 events):
Event: 0.102 Thread 0x00007f804c060700  497       3       jdk.internal.jimage.ImageStringsReader::match (11 bytes)
Event: 0.102 Thread 0x00007f80b811f5d0 nmethod 493 0x00007f80a11f9e10 code [0x00007f80a11f9fc0, 0x00007f80a11fa1c0]
Event: 0.102 Thread 0x00007f80b811f5d0  498       3       jdk.internal.jimage.BasicImageReader::match (37 bytes)
Event: 0.102 Thread 0x00007f804c060700 nmethod 497 0x00007f80a11fa310 code [0x00007f80a11fa4c0, 0x00007f80a11fa680]
Event: 0.102 Thread 0x00007f804c060700  494       1       java.nio.DirectByteBuffer::base (2 bytes)
Event: 0.102 Thread 0x00007f804c060700 nmethod 494 0x00007f80a85c5010 code [0x00007f80a85c51a0, 0x00007f80a85c5270]
Event: 0.102 Thread 0x00007f804c060700  495       1       java.nio.ByteBuffer::base (5 bytes)
Event: 0.102 Thread 0x00007f804c060700 nmethod 495 0x00007f80a85c5310 code [0x00007f80a85c54a0, 0x00007f80a85c5570]
Event: 0.102 Thread 0x00007f80b811f5d0 nmethod 498 0x00007f80a11fa790 code [0x00007f80a11fa960, 0x00007f80a11fac10]
Event: 0.102 Thread 0x00007f80b811f5d0  502       3       sun.security.provider.DigestBase::implCompressMultiBlock0 (23 bytes)
Event: 0.102 Thread 0x00007f804c060700  503       3       jdk.internal.misc.Unsafe::checkSize (32 bytes)
Event: 0.102 Thread 0x00007f80b811f5d0 nmethod 502 0x00007f80a11fad10 code [0x00007f80a11faec0, 0x00007f80a11fb160]
Event: 0.102 Thread 0x00007f804c060700 nmethod 503 0x00007f80a11fb290 code [0x00007f80a11fb440, 0x00007f80a11fb6c0]
Event: 0.102 Thread 0x00007f804c060700  504       3       java.io.RandomAccessFile::read (8 bytes)
Event: 0.102 Thread 0x00007f804c060700 nmethod 504 0x00007f80a11fb790 code [0x00007f80a11fb940, 0x00007f80a11fba80]
Event: 0.103 Thread 0x00007f804c060700  506       3       jdk.internal.jimage.BasicImageReader::getLocationIndex (52 bytes)
Event: 0.103 Thread 0x00007f804c101e00  507   !   4       java.nio.DirectByteBuffer::get (34 bytes)
Event: 0.103 Thread 0x00007f80400ef3f0  508       4       jdk.internal.jimage.ImageStringsReader::unmaskedHashCode (166 bytes)
Event: 0.103 Thread 0x00007f804c060700 nmethod 506 0x00007f80a11fbb10 code [0x00007f80a11fbd00, 0x00007f80a11fc190]
Event: 0.103 Thread 0x00007f80b811f5d0  509       3       java.io.RandomAccessFile::seek (22 bytes)

GC Heap History (0 events):
No events

Deoptimization events (6 events):
Event: 0.057 Thread 0x00007f80b8026380 DEOPT PACKING pc=0x00007f80a11bf181 sp=0x00007f80bdc16870
Event: 0.057 Thread 0x00007f80b8026380 DEOPT UNPACKING pc=0x00007f80a0a563cf sp=0x00007f80bdc15d08 mode 0
Event: 0.057 Thread 0x00007f80b8026380 DEOPT PACKING pc=0x00007f80a11bf181 sp=0x00007f80bdc16870
Event: 0.057 Thread 0x00007f80b8026380 DEOPT UNPACKING pc=0x00007f80a0a563cf sp=0x00007f80bdc15d08 mode 0
Event: 0.102 Thread 0x00007f80b8026380 DEOPT PACKING pc=0x00007f80a11522da sp=0x00007f80bdc15f00
Event: 0.102 Thread 0x00007f80b8026380 DEOPT UNPACKING pc=0x00007f80a0a563cf sp=0x00007f80bdc15340 mode 0

Classes loaded (20 events):
Event: 0.051 Loading class sun/misc/Unsafe
Event: 0.051 Loading class sun/misc/Unsafe done
Event: 0.051 Loading class java/lang/invoke/DirectMethodHandle$StaticAccessor
Event: 0.051 Loading class java/lang/invoke/DirectMethodHandle$StaticAccessor done
Event: 0.052 Loading class java/nio/BufferOverflowException
Event: 0.052 Loading class java/nio/BufferOverflowException done
Event: 0.052 Loading class java/nio/InvalidMarkException
Event: 0.052 Loading class java/nio/InvalidMarkException done
Event: 0.052 Loading class java/nio/BufferUnderflowException
Event: 0.052 Loading class java/nio/BufferUnderflowException done
Event: 0.055 Loading class java/lang/NoSuchFieldError
Event: 0.055 Loading class java/lang/NoSuchFieldError done
Event: 0.057 Loading class jdk/internal/reflect/MethodHandleIntegerFieldAccessorImpl
Event: 0.057 Loading class jdk/internal/reflect/MethodHandleIntegerFieldAccessorImpl done
Event: 0.103 Loading class sun/nio/fs/UnixException
Event: 0.103 Loading class sun/nio/fs/UnixException done
Event: 0.103 Loading class java/nio/file/NoSuchFileException
Event: 0.103 Loading class java/nio/file/FileSystemException
Event: 0.103 Loading class java/nio/file/FileSystemException done
Event: 0.103 Loading class java/nio/file/NoSuchFileException done

Classes unloaded (0 events):
No events

Classes redefined (0 events):
No events

Internal exceptions (12 events):
Event: 0.026 Thread 0x00007f80b8026380 Exception <a 'java/lang/NoSuchMethodError'{0x000000063656c700}: 'java.lang.Object java.lang.invoke.DirectMethodHandle$Holder.invokeStaticInit(java.lang.Object)'> (0x000000063656c700) 
thrown [src/hotspot/share/interpreter/linkResolver.cpp, line 759]
Event: 0.029 Thread 0x00007f80b8026380 Exception <a 'java/lang/NoSuchMethodError'{0x00000006366268a0}: 'void java.lang.invoke.DirectMethodHandle$Holder.invokeStatic(java.lang.Object, java.lang.Object)'> (0x00000006366268a0) 
thrown [src/hotspot/share/interpreter/linkResolver.cpp, line 759]
Event: 0.029 Thread 0x00007f80b8026380 Exception <a 'java/lang/NoSuchMethodError'{0x000000063662b9f8}: 'void java.lang.System.load(java.lang.String, java.lang.Class)'> (0x000000063662b9f8) 
thrown [src/hotspot/share/interpreter/linkResolver.cpp, line 759]
Event: 0.029 Thread 0x00007f80b8026380 Exception <a 'java/lang/NoSuchMethodError'{0x000000063662c4b8}: 'void java.lang.invoke.DirectMethodHandle$Holder.invokeSpecial(java.lang.Object, java.lang.Object, java.lang.Object)'> (0x000000063662c4b8) 
thrown [src/hotspot/share/interpreter/linkResolver.cpp, line 759]
Event: 0.030 Thread 0x00007f80b8026380 Exception <a 'java/lang/NoSuchMethodError'{0x000000063663da58}: 'java.lang.Object java.lang.invoke.DirectMethodHandle$Holder.invokeStatic(java.lang.Object, java.lang.Object, int)'> (0x000000063663da58) 
thrown [src/hotspot/share/interpreter/linkResolver.cpp, line 759]
Event: 0.031 Thread 0x00007f80b8026380 Exception <a 'java/lang/NoSuchMethodError'{0x0000000636649738}: 'void java.lang.invoke.DelegatingMethodHandle$Holder.delegate(java.lang.Object, java.lang.Object, int, java.lang.Object)'> (0x0000000636649738) 
thrown [src/hotspot/share/interpreter/linkResolver.cpp, line 759]
Event: 0.031 Thread 0x00007f80b8026380 Exception <a 'java/lang/NoSuchMethodError'{0x000000063664d950}: 'int java.lang.invoke.DirectMethodHandle$Holder.invokeSpecial(java.lang.Object, java.lang.Object, java.lang.Object)'> (0x000000063664d950) 
thrown [src/hotspot/share/interpreter/linkResolver.cpp, line 759]
Event: 0.032 Thread 0x00007f80b8026380 Exception <a 'java/lang/NoSuchMethodError'{0x0000000636668788}: 'void java.lang.System.loadLibrary(java.lang.String, java.lang.Class)'> (0x0000000636668788) 
thrown [src/hotspot/share/interpreter/linkResolver.cpp, line 759]
Event: 0.057 Thread 0x00007f80b8026380 Exception <a 'java/lang/NoSuchMethodError'{0x0000000636777af0}: 'int java.lang.invoke.Invokers$Holder.invokeExact_MT(java.lang.Object, java.lang.Object)'> (0x0000000636777af0) 
thrown [src/hotspot/share/interpreter/linkResolver.cpp, line 759]
Event: 0.100 Thread 0x00007f80b8026380 Exception <a 'java/lang/NoSuchMethodError'{0x00000006367eead8}: 'void java.lang.System.load(java.lang.String, java.lang.Class)'> (0x00000006367eead8) 
thrown [src/hotspot/share/interpreter/linkResolver.cpp, line 759]
Event: 0.100 Thread 0x00007f80b8026380 Exception <a 'java/lang/NoSuchMethodError'{0x00000006367f1968}: 'void java.lang.System.loadLibrary(java.lang.String, java.lang.Class)'> (0x00000006367f1968) 
thrown [src/hotspot/share/interpreter/linkResolver.cpp, line 759]
Event: 0.103 Thread 0x00007f80b8026380 Exception <a 'sun/nio/fs/UnixException'{0x00000006360042a8}> (0x00000006360042a8) 
thrown [src/hotspot/share/prims/jni.cpp, line 516]

VM Operations (0 events):
No events

Events (20 events):
Event: 0.007 Thread 0x00007f80b811f5d0 Thread added: 0x00007f80b811f5d0
Event: 0.007 Protecting memory [0x00007f807d500000,0x00007f807d504000] with protection modes 0
Event: 0.007 Thread 0x00007f80b8120a30 Thread added: 0x00007f80b8120a30
Event: 0.007 Protecting memory [0x00007f807d400000,0x00007f807d404000] with protection modes 0
Event: 0.008 Thread 0x00007f80b8128ab0 Thread added: 0x00007f80b8128ab0
Event: 0.008 Protecting memory [0x00007f807d300000,0x00007f807d304000] with protection modes 0
Event: 0.009 Thread 0x00007f80b812c370 Thread added: 0x00007f80b812c370
Event: 0.009 Protecting memory [0x00007f807d0fe000,0x00007f807d102000] with protection modes 0
Event: 0.010 Loaded shared library /home/linuxdev/.jdks/corretto-18.0.2/lib/libnio.so
Event: 0.011 Loaded shared library /home/linuxdev/.jdks/corretto-18.0.2/lib/libzip.so
Event: 0.019 Loaded shared library /home/linuxdev/.jdks/corretto-18.0.2/lib/libjimage.so
Event: 0.024 Thread 0x00007f804c060700 Thread added: 0x00007f804c060700
Event: 0.024 Protecting memory [0x00007f807cd00000,0x00007f807cd04000] with protection modes 0
Event: 0.034 Loaded shared library /home/linuxdev/.jdks/corretto-18.0.2/lib/libnet.so
Event: 0.037 Loaded shared library /tmp/lwjgllinuxdev/3.1.2-build-29/liblwjgl.so
Event: 0.051 Thread 0x00007f804c101e00 Thread added: 0x00007f804c101e00
Event: 0.051 Protecting memory [0x00007f807c900000,0x00007f807c904000] with protection modes 0
Event: 0.053 Thread 0x00007f80400ef3f0 Thread added: 0x00007f80400ef3f0
Event: 0.053 Protecting memory [0x00007f807c500000,0x00007f807c504000] with protection modes 0
Event: 0.101 Loaded shared library /tmp/lwjgllinuxdev/3.1.2-build-29/liblwjgl_opengl.so


Dynamic libraries:
40d4e000-40d50000 r-xs 00000000 00:01 21403                              /memfd:/.glXXXXXX (deleted)
417eb000-4189a000 rw-p 00000000 00:00 0 
617c00000-636800000 rw-p 00000000 00:00 0 
636800000-7ff800000 ---p 00000000 00:00 0 
7ff800000-7ffb00000 rw-p 00000000 00:00 0 
7ffb00000-7ffb75000 rw-p 00c5f000 103:05 56520767                        /home/linuxdev/.jdks/corretto-18.0.2/lib/server/classes.jsa
7ffb75000-7ffc00000 rw-p 00000000 00:00 0 
7ffc00000-7ffc76000 rw-p 00be9000 103:05 56520767                        /home/linuxdev/.jdks/corretto-18.0.2/lib/server/classes.jsa
7ffc76000-800000000 rw-p 00000000 00:00 0 
800000000-800449000 rw-p 00001000 103:05 56520767                        /home/linuxdev/.jdks/corretto-18.0.2/lib/server/classes.jsa
800449000-800bb1000 r--p 0044a000 103:05 56520767                        /home/linuxdev/.jdks/corretto-18.0.2/lib/server/classes.jsa
800bb1000-800c00000 ---p 00000000 00:00 0 
800c00000-800c20000 rw-p 00000000 00:00 0 
800c20000-800c40000 ---p 00000000 00:00 0 
800c40000-800c60000 rw-p 00000000 00:00 0 
800c60000-840c00000 ---p 00000000 00:00 0 
55b986200000-55b986201000 r-xp 00000000 103:05 56520868                  /home/linuxdev/.jdks/corretto-18.0.2/bin/java
55b986401000-55b986402000 r--p 00001000 103:05 56520868                  /home/linuxdev/.jdks/corretto-18.0.2/bin/java
55b986402000-55b986403000 rw-p 00002000 103:05 56520868                  /home/linuxdev/.jdks/corretto-18.0.2/bin/java
55b9864e2000-55b98652a000 rw-p 00000000 00:00 0                          [heap]
7f803035a000-7f8030600000 rw-p 00000000 00:00 0 
7f8030600000-7f8030669000 r-xp 00000000 00:22 694                        /tmp/lwjgllinuxdev/3.1.2-build-29/liblwjgl_opengl.so
7f8030669000-7f8030868000 ---p 00069000 00:22 694                        /tmp/lwjgllinuxdev/3.1.2-build-29/liblwjgl_opengl.so
7f8030868000-7f8030869000 r--p 00068000 00:22 694                        /tmp/lwjgllinuxdev/3.1.2-build-29/liblwjgl_opengl.so
7f8030869000-7f803086a000 rw-p 00069000 00:22 694                        /tmp/lwjgllinuxdev/3.1.2-build-29/liblwjgl_opengl.so
7f8030a5b000-7f8030c00000 rw-s 00000000 00:01 6144                       /memfd:/.nvidia_drv.XXXXXX (deleted)
7f8030c00000-7f8030ee0000 r-xp 00000000 103:05 21931026                  /usr/lib/libnvidia-glcore.so.530.41.03
7f8030ee0000-7f8030f01000 rwxp 002e0000 103:05 21931026                  /usr/lib/libnvidia-glcore.so.530.41.03
7f8030f01000-7f80334e6000 r-xp 00301000 103:05 21931026                  /usr/lib/libnvidia-glcore.so.530.41.03
7f80334e6000-7f80334e7000 ---p 028e6000 103:05 21931026                  /usr/lib/libnvidia-glcore.so.530.41.03
7f80334e7000-7f80336b7000 r--p 028e6000 103:05 21931026                  /usr/lib/libnvidia-glcore.so.530.41.03
7f80336b7000-7f8033727000 rw-p 02ab6000 103:05 21931026                  /usr/lib/libnvidia-glcore.so.530.41.03
7f8033727000-7f8033768000 rw-p 00000000 00:00 0 
7f8033800000-7f8033875000 r-xp 00000000 103:05 21931028                  /usr/lib/libnvidia-glsi.so.530.41.03
7f8033875000-7f8033a74000 ---p 00075000 103:05 21931028                  /usr/lib/libnvidia-glsi.so.530.41.03
7f8033a74000-7f8033a9e000 r--p 00074000 103:05 21931028                  /usr/lib/libnvidia-glsi.so.530.41.03
7f8033a9e000-7f8033a9f000 rw-p 0009e000 103:05 21931028                  /usr/lib/libnvidia-glsi.so.530.41.03
7f8033a9f000-7f8033aa7000 rw-p 00000000 00:00 0 
7f8033b00000-7f8033c00000 rw-s 00000000 00:05 868                        /dev/nvidiactl
7f8033c00000-7f8033c20000 r-xp 00000000 00:22 693                        /tmp/lwjgllinuxdev/3.1.2-build-29/libglfw.so
7f8033c20000-7f8033e1f000 ---p 00020000 00:22 693                        /tmp/lwjgllinuxdev/3.1.2-build-29/libglfw.so
7f8033e1f000-7f8033e20000 r--p 0001f000 00:22 693                        /tmp/lwjgllinuxdev/3.1.2-build-29/libglfw.so
7f8033e20000-7f8033e21000 rw-p 00020000 00:22 693                        /tmp/lwjgllinuxdev/3.1.2-build-29/libglfw.so
7f8033e21000-7f8033e22000 rw-p 00000000 00:00 0 
7f8033eda000-7f8033f2b000 r--p 00000000 103:05 21930994                  /usr/lib/libGLX_nvidia.so.530.41.03
7f8033f2b000-7f8033f84000 r-xp 00051000 103:05 21930994                  /usr/lib/libGLX_nvidia.so.530.41.03
7f8033f84000-7f8033fb9000 rwxp 000aa000 103:05 21930994                  /usr/lib/libGLX_nvidia.so.530.41.03
7f8033fb9000-7f8033fba000 r-xp 000df000 103:05 21930994                  /usr/lib/libGLX_nvidia.so.530.41.03
7f8033fba000-7f8033fd9000 r--p 000e0000 103:05 21930994                  /usr/lib/libGLX_nvidia.so.530.41.03
7f8033fd9000-7f8033ff9000 r--p 000fe000 103:05 21930994                  /usr/lib/libGLX_nvidia.so.530.41.03
7f8033ff9000-7f8033ffe000 rw-p 0011e000 103:05 21930994                  /usr/lib/libGLX_nvidia.so.530.41.03
7f8033ffe000-7f803405d000 rw-p 00000000 00:00 0 
7f803405d000-7f8038000000 ---p 00000000 00:00 0 
7f8038000000-7f803815d000 rw-p 00000000 00:00 0 
7f803815d000-7f803c000000 ---p 00000000 00:00 0 
7f803c000000-7f803c021000 rw-p 00000000 00:00 0 
7f803c021000-7f8040000000 ---p 00000000 00:00 0 
7f8040000000-7f8040154000 rw-p 00000000 00:00 0 
7f8040154000-7f8044000000 ---p 00000000 00:00 0 
7f8044000000-7f8044021000 rw-p 00000000 00:00 0 
7f8044021000-7f8048000000 ---p 00000000 00:00 0 
7f8048000000-7f8048021000 rw-p 00000000 00:00 0 
7f8048021000-7f804c000000 ---p 00000000 00:00 0 
7f804c000000-7f804c14e000 rw-p 00000000 00:00 0 
7f804c14e000-7f8050000000 ---p 00000000 00:00 0 
7f8050000000-7f8050021000 rw-p 00000000 00:00 0 
7f8050021000-7f8054000000 ---p 00000000 00:00 0 
7f8054000000-7f8054021000 rw-p 00000000 00:00 0 
7f8054021000-7f8058000000 ---p 00000000 00:00 0 
7f8058000000-7f8058164000 rw-p 00000000 00:00 0 
7f8058164000-7f805c000000 ---p 00000000 00:00 0 
7f805c000000-7f805c021000 rw-p 00000000 00:00 0 
7f805c021000-7f8060000000 ---p 00000000 00:00 0 
7f8060000000-7f8060021000 rw-p 00000000 00:00 0 
7f8060021000-7f8064000000 ---p 00000000 00:00 0 
7f8064000000-7f8064021000 rw-p 00000000 00:00 0 
7f8064021000-7f8068000000 ---p 00000000 00:00 0 
7f8068000000-7f8068021000 rw-p 00000000 00:00 0 
7f8068021000-7f806c000000 ---p 00000000 00:00 0 
7f806c000000-7f806c021000 rw-p 00000000 00:00 0 
7f806c021000-7f8070000000 ---p 00000000 00:00 0 
7f8070000000-7f8070021000 rw-p 00000000 00:00 0 
7f8070021000-7f8074000000 ---p 00000000 00:00 0 
7f8074000000-7f8074160000 rw-p 00000000 00:00 0 
7f8074160000-7f8074400000 ---p 00000000 00:00 0 
7f8074400000-7f80744d0000 rw-p 00000000 00:00 0 
7f80744d0000-7f8078000000 ---p 00000000 00:00 0 
7f8078000000-7f8078021000 rw-p 00000000 00:00 0 
7f8078021000-7f807c000000 ---p 00000000 00:00 0 
7f807c0bd000-7f807c0d9000 r--p 00000000 103:05 21928454                  /usr/lib/libX11.so.6.4.0
7f807c0d9000-7f807c164000 r-xp 0001c000 103:05 21928454                  /usr/lib/libX11.so.6.4.0
7f807c164000-7f807c1f9000 r--p 000a7000 103:05 21928454                  /usr/lib/libX11.so.6.4.0
7f807c1f9000-7f807c1fc000 r--p 0013b000 103:05 21928454                  /usr/lib/libX11.so.6.4.0
7f807c1fc000-7f807c200000 rw-p 0013e000 103:05 21928454                  /usr/lib/libX11.so.6.4.0
7f807c200000-7f807c250000 r-xp 00000000 00:22 692                        /tmp/lwjgllinuxdev/3.1.2-build-29/liblwjgl.so
7f807c250000-7f807c44f000 ---p 00050000 00:22 692                        /tmp/lwjgllinuxdev/3.1.2-build-29/liblwjgl.so
7f807c44f000-7f807c450000 r--p 0004f000 00:22 692                        /tmp/lwjgllinuxdev/3.1.2-build-29/liblwjgl.so
7f807c450000-7f807c451000 rw-p 00050000 00:22 692                        /tmp/lwjgllinuxdev/3.1.2-build-29/liblwjgl.so
7f807c480000-7f807c500000 rw-s 00000000 00:05 868                        /dev/nvidiactl
7f807c500000-7f807c504000 ---p 00000000 00:00 0 
7f807c504000-7f807c600000 rw-p 00000000 00:00 0 
7f807c600000-7f807c61a000 r-xp 00000000 103:05 56520757                  /home/linuxdev/.jdks/corretto-18.0.2/lib/libzip.so
7f807c61a000-7f807c81a000 ---p 0001a000 103:05 56520757                  /home/linuxdev/.jdks/corretto-18.0.2/lib/libzip.so
7f807c81a000-7f807c81b000 r--p 0001a000 103:05 56520757                  /home/linuxdev/.jdks/corretto-18.0.2/lib/libzip.so
7f807c81b000-7f807c81c000 rw-p 00000000 00:00 0 
7f807c880000-7f807c8c0000 rw-s 00000000 00:05 868                        /dev/nvidiactl
7f807c8c0000-7f807c900000 rw-s 00000000 00:05 868                        /dev/nvidiactl
7f807c900000-7f807c904000 ---p 00000000 00:00 0 
7f807c904000-7f807ca00000 rw-p 00000000 00:00 0 
7f807ca00000-7f807ca0d000 r-xp 00000000 103:05 56520754                  /home/linuxdev/.jdks/corretto-18.0.2/lib/libnet.so
7f807ca0d000-7f807cc0d000 ---p 0000d000 103:05 56520754                  /home/linuxdev/.jdks/corretto-18.0.2/lib/libnet.so
7f807cc0d000-7f807cc0e000 r--p 0000d000 103:05 56520754                  /home/linuxdev/.jdks/corretto-18.0.2/lib/libnet.so
7f807cc0e000-7f807cc0f000 rw-p 00000000 00:00 0 
7f807cc20000-7f807cc40000 rw-s 00000000 00:05 868                        /dev/nvidiactl
7f807cc40000-7f807ccc0000 rw-s 00000000 00:05 869                        /dev/nvidia0
7f807ccc0000-7f807cd00000 rw-s 00000000 00:05 868                        /dev/nvidiactl
7f807cd00000-7f807cd04000 ---p 00000000 00:00 0 
7f807cd04000-7f807ce00000 rw-p 00000000 00:00 0 
7f807ce00000-7f807ce12000 r-xp 00000000 103:05 56520755                  /home/linuxdev/.jdks/corretto-18.0.2/lib/libnio.so
7f807ce12000-7f807d011000 ---p 00012000 103:05 56520755                  /home/linuxdev/.jdks/corretto-18.0.2/lib/libnio.so
7f807d011000-7f807d012000 r--p 00011000 103:05 56520755                  /home/linuxdev/.jdks/corretto-18.0.2/lib/libnio.so
7f807d012000-7f807d013000 rw-p 00012000 103:05 56520755                  /home/linuxdev/.jdks/corretto-18.0.2/lib/libnio.so
7f807d026000-7f807d046000 rw-s 00000000 00:05 868                        /dev/nvidiactl
7f807d046000-7f807d087000 r--p 00000000 103:05 21930861                  /usr/lib/libGLdispatch.so.0.0.0
7f807d087000-7f807d08a000 r-xp 00041000 103:05 21930861                  /usr/lib/libGLdispatch.so.0.0.0
7f807d08a000-7f807d0c5000 r-xp 00044000 103:05 21930861                  /usr/lib/libGLdispatch.so.0.0.0
7f807d0c5000-7f807d0c6000 r-xp 0007f000 103:05 21930861                  /usr/lib/libGLdispatch.so.0.0.0
7f807d0c6000-7f807d0d9000 r--p 00080000 103:05 21930861                  /usr/lib/libGLdispatch.so.0.0.0
7f807d0d9000-7f807d0f5000 r--p 00093000 103:05 21930861                  /usr/lib/libGLdispatch.so.0.0.0
7f807d0f5000-7f807d0f6000 rw-p 000af000 103:05 21930861                  /usr/lib/libGLdispatch.so.0.0.0
7f807d0f6000-7f807d0fe000 rw-p 00000000 00:00 0 
7f807d0fe000-7f807d102000 ---p 00000000 00:00 0 
7f807d102000-7f807d1fe000 rw-p 00000000 00:00 0 
7f807d1fe000-7f807d1ff000 ---p 00000000 00:00 0 
7f807d1ff000-7f807d300000 rw-p 00000000 00:00 0 
7f807d300000-7f807d304000 ---p 00000000 00:00 0 
7f807d304000-7f807d400000 rw-p 00000000 00:00 0 
7f807d400000-7f807d404000 ---p 00000000 00:00 0 
7f807d404000-7f807d500000 rw-p 00000000 00:00 0 
7f807d500000-7f807d504000 ---p 00000000 00:00 0 
7f807d504000-7f807d600000 rw-p 00000000 00:00 0 
7f807d600000-7f807d604000 ---p 00000000 00:00 0 
7f807d604000-7f807d700000 rw-p 00000000 00:00 0 
7f807d700000-7f807d704000 ---p 00000000 00:00 0 
7f807d704000-7f807d800000 rw-p 00000000 00:00 0 
7f807d800000-7f807daea000 r--p 00000000 103:05 21934390                  /usr/lib/locale/locale-archive
7f807db00000-7f807db04000 ---p 00000000 00:00 0 
7f807db04000-7f807dc00000 rw-p 00000000 00:00 0 
7f807dc00000-7f807dcce000 r-xp 00000000 103:05 56520793                  /home/linuxdev/.jdks/corretto-18.0.2/lib/libjsvml.so
7f807dcce000-7f807decd000 ---p 000ce000 103:05 56520793                  /home/linuxdev/.jdks/corretto-18.0.2/lib/libjsvml.so
7f807decd000-7f807dece000 r--p 000cd000 103:05 56520793                  /home/linuxdev/.jdks/corretto-18.0.2/lib/libjsvml.so
7f807dece000-7f807decf000 rw-p 000ce000 103:05 56520793                  /home/linuxdev/.jdks/corretto-18.0.2/lib/libjsvml.so
7f807dee0000-7f807df00000 rw-s 00000000 00:05 868                        /dev/nvidiactl
7f807df00000-7f807df04000 ---p 00000000 00:00 0 
7f807df04000-7f8080021000 rw-p 00000000 00:00 0 
7f8080021000-7f8084000000 ---p 00000000 00:00 0 
7f8084000000-7f8084021000 rw-p 00000000 00:00 0 
7f8084021000-7f8088000000 ---p 00000000 00:00 0 
7f8088000000-7f8088021000 rw-p 00000000 00:00 0 
7f8088021000-7f808c000000 ---p 00000000 00:00 0 
7f808c003000-7f808c008000 r--p 00000000 103:05 21929790                  /usr/lib/libdrm.so.2.4.0
7f808c008000-7f808c014000 r-xp 00005000 103:05 21929790                  /usr/lib/libdrm.so.2.4.0
7f808c014000-7f808c018000 r--p 00011000 103:05 21929790                  /usr/lib/libdrm.so.2.4.0
7f808c018000-7f808c019000 r--p 00015000 103:05 21929790                  /usr/lib/libdrm.so.2.4.0
7f808c019000-7f808c01a000 rw-p 00016000 103:05 21929790                  /usr/lib/libdrm.so.2.4.0
7f808c01a000-7f808c026000 r--p 00000000 103:05 21925730                  /usr/lib/libxcb-glx.so.0.0.0
7f808c026000-7f808c02f000 r-xp 0000c000 103:05 21925730                  /usr/lib/libxcb-glx.so.0.0.0
7f808c02f000-7f808c034000 r--p 00015000 103:05 21925730                  /usr/lib/libxcb-glx.so.0.0.0
7f808c034000-7f808c036000 r--p 0001a000 103:05 21925730                  /usr/lib/libxcb-glx.so.0.0.0
7f808c036000-7f808c037000 rw-p 0001c000 103:05 21925730                  /usr/lib/libxcb-glx.so.0.0.0
7f808c037000-7f808c0ab000 rw-p 00000000 00:00 0 
7f808c0ab000-7f808c0af000 rw-s 00000000 00:05 868                        /dev/nvidiactl
7f808c0af000-7f808c0c2000 rw-s 00000000 00:05 868                        /dev/nvidiactl
7f808c0c2000-7f808c0c6000 rw-s 00000000 00:05 868                        /dev/nvidiactl
7f808c0c6000-7f808c0c9000 r--p 00000000 103:05 21930858                  /usr/lib/libGLX.so.0.0.0
7f808c0c9000-7f808c0e3000 r-xp 00003000 103:05 21930858                  /usr/lib/libGLX.so.0.0.0
7f808c0e3000-7f808c0e6000 r--p 0001d000 103:05 21930858                  /usr/lib/libGLX.so.0.0.0
7f808c0e6000-7f808c0e7000 r--p 00020000 103:05 21930858                  /usr/lib/libGLX.so.0.0.0
7f808c0e7000-7f808c0e8000 rw-p 00021000 103:05 21930858                  /usr/lib/libGLX.so.0.0.0
7f808c0e8000-7f808c0f8000 rw-p 00000000 00:00 0 
7f808c0f8000-7f808c0fc000 ---p 00000000 00:00 0 
7f808c0fc000-7f808c1f8000 rw-p 00000000 00:00 0 
7f808c1f8000-7f808c1fc000 ---p 00000000 00:00 0 
7f808c1fc000-7f808c2f8000 rw-p 00000000 00:00 0 
7f808c2f8000-7f808c2f9000 ---p 00000000 00:00 0 
7f808c2f9000-7f808c3fa000 rw-p 00000000 00:00 0 
7f808c3fa000-7f808c3fb000 ---p 00000000 00:00 0 
7f808c3fb000-7f808c4fc000 rw-p 00000000 00:00 0 
7f808c4fc000-7f808c4fd000 ---p 00000000 00:00 0 
7f808c4fd000-7f808d810000 rw-p 00000000 00:00 0 
7f808d810000-7f808d811000 ---p 00000000 00:00 0 
7f808d811000-7f808d912000 rw-p 00000000 00:00 0 
7f808d912000-7f808d913000 ---p 00000000 00:00 0 
7f808d913000-7f808da14000 rw-p 00000000 00:00 0 
7f808da14000-7f808da15000 ---p 00000000 00:00 0 
7f808da15000-7f808e3be000 rw-p 00000000 00:00 0 
7f808e3be000-7f80955fe000 ---p 00000000 00:00 0 
7f80955fe000-7f8095dce000 rw-p 00000000 00:00 0 
7f8095dce000-7f809d00e000 ---p 00000000 00:00 0 
7f809d00e000-7f809d124000 rw-p 00000000 00:00 0 
7f809d124000-7f809df6c000 ---p 00000000 00:00 0 
7f809df6c000-7f809e066000 rw-p 00000000 00:00 0 
7f809e066000-7f809eeae000 ---p 00000000 00:00 0 
7f809eeae000-7f809efa8000 rw-p 00000000 00:00 0 
7f809efa8000-7f809fdf0000 ---p 00000000 00:00 0 
7f809fdf0000-7f80a0a00000 rw-p 00000000 00:00 0 
7f80a0a00000-7f80a0c70000 rwxp 00000000 00:00 0 
7f80a0c70000-7f80a1141000 ---p 00000000 00:00 0 
7f80a1141000-7f80a13b1000 rwxp 00000000 00:00 0 
7f80a13b1000-7f80a85a0000 ---p 00000000 00:00 0 
7f80a85a0000-7f80a8810000 rwxp 00000000 00:00 0 
7f80a8810000-7f80afa00000 ---p 00000000 00:00 0 
7f80afa00000-7f80afa24000 r-xp 00000000 103:05 56520750                  /home/linuxdev/.jdks/corretto-18.0.2/lib/libjava.so
7f80afa24000-7f80afc24000 ---p 00024000 103:05 56520750                  /home/linuxdev/.jdks/corretto-18.0.2/lib/libjava.so
7f80afc24000-7f80afc25000 r--p 00024000 103:05 56520750                  /home/linuxdev/.jdks/corretto-18.0.2/lib/libjava.so
7f80afc25000-7f80afc26000 rw-p 00025000 103:05 56520750                  /home/linuxdev/.jdks/corretto-18.0.2/lib/libjava.so
7f80afc26000-7f80afc27000 rw-p 00000000 00:00 0 
7f80afc27000-7f80afc28000 r--p 00000000 103:05 21931050                  /usr/lib/libnvidia-tls.so.530.41.03
7f80afc28000-7f80afc2a000 r-xp 00001000 103:05 21931050                  /usr/lib/libnvidia-tls.so.530.41.03
7f80afc2a000-7f80afc2b000 r--p 00003000 103:05 21931050                  /usr/lib/libnvidia-tls.so.530.41.03
7f80afc2b000-7f80afc2c000 r--p 00003000 103:05 21931050                  /usr/lib/libnvidia-tls.so.530.41.03
7f80afc2c000-7f80afc2d000 rw-p 00004000 103:05 21931050                  /usr/lib/libnvidia-tls.so.530.41.03
7f80afc2d000-7f80afc6f000 r--p 00000000 103:05 21930852                  /usr/lib/libGL.so.1.7.0
7f80afc6f000-7f80afc72000 r-xp 00042000 103:05 21930852                  /usr/lib/libGL.so.1.7.0
7f80afc72000-7f80afc8d000 r-xp 00045000 103:05 21930852                  /usr/lib/libGL.so.1.7.0
7f80afc8d000-7f80afc8e000 r-xp 00060000 103:05 21930852                  /usr/lib/libGL.so.1.7.0
7f80afc8e000-7f80afca3000 r--p 00061000 103:05 21930852                  /usr/lib/libGL.so.1.7.0
7f80afca3000-7f80afcb1000 r--p 00075000 103:05 21930852                  /usr/lib/libGL.so.1.7.0
7f80afcb1000-7f80afcb2000 rw-p 00083000 103:05 21930852                  /usr/lib/libGL.so.1.7.0
7f80afcb2000-7f80afcb3000 rw-p 00000000 00:00 0 
7f80afcb3000-7f80afcb4000 r--p 00000000 103:05 21928451                  /usr/lib/libX11-xcb.so.1.0.0
7f80afcb4000-7f80afcb5000 r-xp 00001000 103:05 21928451                  /usr/lib/libX11-xcb.so.1.0.0
7f80afcb5000-7f80afcb6000 r--p 00002000 103:05 21928451                  /usr/lib/libX11-xcb.so.1.0.0
7f80afcb6000-7f80afcb7000 r--p 00002000 103:05 21928451                  /usr/lib/libX11-xcb.so.1.0.0
7f80afcb7000-7f80afcb8000 rw-p 00003000 103:05 21928451                  /usr/lib/libX11-xcb.so.1.0.0
7f80afcb8000-7f80afcbb000 r--p 00000000 103:05 21931755                  /usr/lib/libXi.so.6.1.0
7f80afcbb000-7f80afcc7000 r-xp 00003000 103:05 21931755                  /usr/lib/libXi.so.6.1.0
7f80afcc7000-7f80afcca000 r--p 0000f000 103:05 21931755                  /usr/lib/libXi.so.6.1.0
7f80afcca000-7f80afccb000 r--p 00011000 103:05 21931755                  /usr/lib/libXi.so.6.1.0
7f80afccb000-7f80afccc000 rw-p 00012000 103:05 21931755                  /usr/lib/libXi.so.6.1.0
7f80afccc000-7f80afcce000 r--p 00000000 103:05 21925698                  /usr/lib/libXdmcp.so.6.0.0
7f80afcce000-7f80afcd0000 r-xp 00002000 103:05 21925698                  /usr/lib/libXdmcp.so.6.0.0
7f80afcd0000-7f80afcd2000 r--p 00004000 103:05 21925698                  /usr/lib/libXdmcp.so.6.0.0
7f80afcd2000-7f80afcd3000 r--p 00005000 103:05 21925698                  /usr/lib/libXdmcp.so.6.0.0
7f80afcd3000-7f80afcd4000 rw-p 00006000 103:05 21925698                  /usr/lib/libXdmcp.so.6.0.0
7f80afcd4000-7f80afce0000 r--p 00000000 103:05 21925784                  /usr/lib/libxcb.so.1.1.0
7f80afce0000-7f80afcf4000 r-xp 0000c000 103:05 21925784                  /usr/lib/libxcb.so.1.1.0
7f80afcf4000-7f80afcfd000 r--p 00020000 103:05 21925784                  /usr/lib/libxcb.so.1.1.0
7f80afcfd000-7f80afcfe000 r--p 00028000 103:05 21925784                  /usr/lib/libxcb.so.1.1.0
7f80afcfe000-7f80afcff000 rw-p 00029000 103:05 21925784                  /usr/lib/libxcb.so.1.1.0
7f80afcff000-7f80afe00000 rw-p 00000000 00:00 0 
7f80afe00000-7f80b7a4a000 r--s 00000000 103:05 56520744                  /home/linuxdev/.jdks/corretto-18.0.2/lib/modules
7f80b7a4a000-7f80b7a4b000 r--p 00000000 103:05 21930734                  /usr/lib/libXxf86vm.so.1.0.0
7f80b7a4b000-7f80b7a4e000 r-xp 00001000 103:05 21930734                  /usr/lib/libXxf86vm.so.1.0.0
7f80b7a4e000-7f80b7a4f000 r--p 00004000 103:05 21930734                  /usr/lib/libXxf86vm.so.1.0.0
7f80b7a4f000-7f80b7a50000 r--p 00004000 103:05 21930734                  /usr/lib/libXxf86vm.so.1.0.0
7f80b7a50000-7f80b7a51000 rw-p 00005000 103:05 21930734                  /usr/lib/libXxf86vm.so.1.0.0
7f80b7a51000-7f80b7a53000 r--p 00000000 103:05 21929345                  /usr/lib/libXrender.so.1.3.0
7f80b7a53000-7f80b7a5a000 r-xp 00002000 103:05 21929345                  /usr/lib/libXrender.so.1.3.0
7f80b7a5a000-7f80b7a5c000 r--p 00009000 103:05 21929345                  /usr/lib/libXrender.so.1.3.0
7f80b7a5c000-7f80b7a5d000 r--p 0000a000 103:05 21929345                  /usr/lib/libXrender.so.1.3.0
7f80b7a5d000-7f80b7a5e000 rw-p 0000b000 103:05 21929345                  /usr/lib/libXrender.so.1.3.0
7f80b7a5e000-7f80b7a61000 r--p 00000000 103:05 21893181                  /usr/lib/libgcc_s.so.1
7f80b7a61000-7f80b7a78000 r-xp 00003000 103:05 21893181                  /usr/lib/libgcc_s.so.1
7f80b7a78000-7f80b7a7c000 r--p 0001a000 103:05 21893181                  /usr/lib/libgcc_s.so.1
7f80b7a7c000-7f80b7a7d000 r--p 0001d000 103:05 21893181                  /usr/lib/libgcc_s.so.1
7f80b7a7d000-7f80b7a7e000 rw-p 0001e000 103:05 21893181                  /usr/lib/libgcc_s.so.1
7f80b7a7e000-7f80b7c00000 rw-p 00000000 00:00 0 
7f80b7c00000-7f80b7c1b000 r-xp 00000000 103:05 56520751                  /home/linuxdev/.jdks/corretto-18.0.2/lib/libjimage.so
7f80b7c1b000-7f80b7e1a000 ---p 0001b000 103:05 56520751                  /home/linuxdev/.jdks/corretto-18.0.2/lib/libjimage.so
7f80b7e1a000-7f80b7e1c000 r--p 0001a000 103:05 56520751                  /home/linuxdev/.jdks/corretto-18.0.2/lib/libjimage.so
7f80b7e1c000-7f80b7e1d000 rw-p 0001c000 103:05 56520751                  /home/linuxdev/.jdks/corretto-18.0.2/lib/libjimage.so
7f80b7e1d000-7f80b7e21000 r--p 00000000 103:05 21929280                  /usr/lib/libXext.so.6.4.0
7f80b7e21000-7f80b7e2c000 r-xp 00004000 103:05 21929280                  /usr/lib/libXext.so.6.4.0
7f80b7e2c000-7f80b7e30000 r--p 0000f000 103:05 21929280                  /usr/lib/libXext.so.6.4.0
7f80b7e30000-7f80b7e31000 r--p 00012000 103:05 21929280                  /usr/lib/libXext.so.6.4.0
7f80b7e31000-7f80b7e32000 rw-p 00013000 103:05 21929280                  /usr/lib/libXext.so.6.4.0
7f80b7e32000-7f80b899e000 rw-p 00000000 00:00 0 
7f80b899e000-7f80bc000000 ---p 00000000 00:00 0 
7f80bc000000-7f80bc003000 rw-s 00000000 00:05 868                        /dev/nvidiactl
7f80bc003000-7f80bc004000 r--p 00000000 103:05 21925702                  /usr/lib/libXau.so.6.0.0
7f80bc004000-7f80bc005000 r-xp 00001000 103:05 21925702                  /usr/lib/libXau.so.6.0.0
7f80bc005000-7f80bc006000 r--p 00002000 103:05 21925702                  /usr/lib/libXau.so.6.0.0
7f80bc006000-7f80bc007000 r--p 00002000 103:05 21925702                  /usr/lib/libXau.so.6.0.0
7f80bc007000-7f80bc008000 rw-p 00003000 103:05 21925702                  /usr/lib/libXau.so.6.0.0
7f80bc008000-7f80bc00b000 r--p 00000000 103:05 21932896                  /usr/lib/libXcursor.so.1.0.2
7f80bc00b000-7f80bc010000 r-xp 00003000 103:05 21932896                  /usr/lib/libXcursor.so.1.0.2
7f80bc010000-7f80bc012000 r--p 00008000 103:05 21932896                  /usr/lib/libXcursor.so.1.0.2
7f80bc012000-7f80bc013000 r--p 00009000 103:05 21932896                  /usr/lib/libXcursor.so.1.0.2
7f80bc013000-7f80bc014000 rw-p 0000a000 103:05 21932896                  /usr/lib/libXcursor.so.1.0.2
7f80bc014000-7f80bc31c000 rw-p 00000000 00:00 0 
7f80bc31c000-7f80bc400000 ---p 00000000 00:00 0 
7f80bc400000-7f80bd6c7000 r-xp 00000000 103:05 56520765                  /home/linuxdev/.jdks/corretto-18.0.2/lib/server/libjvm.so
7f80bd6c7000-7f80bd8c7000 ---p 012c7000 103:05 56520765                  /home/linuxdev/.jdks/corretto-18.0.2/lib/server/libjvm.so
7f80bd8c7000-7f80bd989000 r--p 012c7000 103:05 56520765                  /home/linuxdev/.jdks/corretto-18.0.2/lib/server/libjvm.so
7f80bd989000-7f80bd9be000 rw-p 01389000 103:05 56520765                  /home/linuxdev/.jdks/corretto-18.0.2/lib/server/libjvm.so
7f80bd9be000-7f80bda19000 rw-p 00000000 00:00 0 
7f80bda19000-7f80bda1b000 rw-s 00000000 00:01 21403                      /memfd:/.glXXXXXX (deleted)
7f80bda1b000-7f80bda1d000 r--p 00000000 103:05 21930761                  /usr/lib/libXfixes.so.3.1.0
7f80bda1d000-7f80bda20000 r-xp 00002000 103:05 21930761                  /usr/lib/libXfixes.so.3.1.0
7f80bda20000-7f80bda21000 r--p 00005000 103:05 21930761                  /usr/lib/libXfixes.so.3.1.0
7f80bda21000-7f80bda22000 r--p 00006000 103:05 21930761                  /usr/lib/libXfixes.so.3.1.0
7f80bda22000-7f80bda23000 rw-p 00007000 103:05 21930761                  /usr/lib/libXfixes.so.3.1.0
7f80bda23000-7f80bda25000 r--p 00000000 103:05 21930680                  /usr/lib/libXrandr.so.2.2.0
7f80bda25000-7f80bda2c000 r-xp 00002000 103:05 21930680                  /usr/lib/libXrandr.so.2.2.0
7f80bda2c000-7f80bda2e000 r--p 00009000 103:05 21930680                  /usr/lib/libXrandr.so.2.2.0
7f80bda2e000-7f80bda2f000 r--p 0000a000 103:05 21930680                  /usr/lib/libXrandr.so.2.2.0
7f80bda2f000-7f80bda30000 rw-p 0000b000 103:05 21930680                  /usr/lib/libXrandr.so.2.2.0
7f80bda30000-7f80bda35000 rw-p 00000000 00:00 0 
7f80bda35000-7f80bdb19000 ---p 00000000 00:00 0 
7f80bdb19000-7f80bdb1d000 ---p 00000000 00:00 0 
7f80bdb1d000-7f80bdc19000 rw-p 00000000 00:00 0 
7f80bdc19000-7f80bdc3b000 r--p 00000000 103:05 21892386                  /usr/lib/libc.so.6
7f80bdc3b000-7f80bdd95000 r-xp 00022000 103:05 21892386                  /usr/lib/libc.so.6
7f80bdd95000-7f80bdded000 r--p 0017c000 103:05 21892386                  /usr/lib/libc.so.6
7f80bdded000-7f80bddf1000 r--p 001d4000 103:05 21892386                  /usr/lib/libc.so.6
7f80bddf1000-7f80bddf3000 rw-p 001d8000 103:05 21892386                  /usr/lib/libc.so.6
7f80bddf3000-7f80bde00000 rw-p 00000000 00:00 0 
7f80bde00000-7f80bde19000 r-xp 00000000 103:05 56520752                  /home/linuxdev/.jdks/corretto-18.0.2/lib/libjli.so
7f80bde19000-7f80be018000 ---p 00019000 103:05 56520752                  /home/linuxdev/.jdks/corretto-18.0.2/lib/libjli.so
7f80be018000-7f80be019000 r--p 00018000 103:05 56520752                  /home/linuxdev/.jdks/corretto-18.0.2/lib/libjli.so
7f80be019000-7f80be01a000 rw-p 00019000 103:05 56520752                  /home/linuxdev/.jdks/corretto-18.0.2/lib/libjli.so
7f80be01a000-7f80be01b000 rw-s 00000000 00:05 869                        /dev/nvidia0
7f80be01b000-7f80be01d000 rw-s 00000000 00:05 868                        /dev/nvidiactl
7f80be01d000-7f80be01e000 rw-s 00000000 00:05 868                        /dev/nvidiactl
7f80be01e000-7f80be02e000 rw-s 00000000 00:05 869                        /dev/nvidia0
7f80be02e000-7f80be0af000 rw-p 00000000 00:00 0 
7f80be0af000-7f80be0b9000 ---p 00000000 00:00 0 
7f80be0b9000-7f80be0c7000 r--p 00000000 103:05 21892396                  /usr/lib/libm.so.6
7f80be0c7000-7f80be141000 r-xp 0000e000 103:05 21892396                  /usr/lib/libm.so.6
7f80be141000-7f80be19f000 r--p 00088000 103:05 21892396                  /usr/lib/libm.so.6
7f80be19f000-7f80be1a0000 r--p 000e5000 103:05 21892396                  /usr/lib/libm.so.6
7f80be1a0000-7f80be1a1000 rw-p 000e6000 103:05 21892396                  /usr/lib/libm.so.6
7f80be1a1000-7f80be1a2000 r--p 00000000 103:05 21892418                  /usr/lib/librt.so.1
7f80be1a2000-7f80be1a3000 r-xp 00001000 103:05 21892418                  /usr/lib/librt.so.1
7f80be1a3000-7f80be1a4000 r--p 00002000 103:05 21892418                  /usr/lib/librt.so.1
7f80be1a4000-7f80be1a5000 r--p 00002000 103:05 21892418                  /usr/lib/librt.so.1
7f80be1a5000-7f80be1a6000 rw-p 00003000 103:05 21892418                  /usr/lib/librt.so.1
7f80be1a6000-7f80be1a8000 rw-p 00000000 00:00 0 
7f80be1a8000-7f80be1a9000 r--p 00000000 103:05 21892391                  /usr/lib/libdl.so.2
7f80be1a9000-7f80be1aa000 r-xp 00001000 103:05 21892391                  /usr/lib/libdl.so.2
7f80be1aa000-7f80be1ab000 r--p 00002000 103:05 21892391                  /usr/lib/libdl.so.2
7f80be1ab000-7f80be1ac000 r--p 00002000 103:05 21892391                  /usr/lib/libdl.so.2
7f80be1ac000-7f80be1ad000 rw-p 00003000 103:05 21892391                  /usr/lib/libdl.so.2
7f80be1ad000-7f80be1ae000 r--p 00000000 103:05 21892413                  /usr/lib/libpthread.so.0
7f80be1ae000-7f80be1af000 r-xp 00001000 103:05 21892413                  /usr/lib/libpthread.so.0
7f80be1af000-7f80be1b0000 r--p 00002000 103:05 21892413                  /usr/lib/libpthread.so.0
7f80be1b0000-7f80be1b1000 r--p 00002000 103:05 21892413                  /usr/lib/libpthread.so.0
7f80be1b1000-7f80be1b2000 rw-p 00003000 103:05 21892413                  /usr/lib/libpthread.so.0
7f80be1b2000-7f80be1b3000 rw-s 00000000 00:05 868                        /dev/nvidiactl
7f80be1b3000-7f80be1b4000 rw-s 00000000 00:05 868                        /dev/nvidiactl
7f80be1b4000-7f80be1b5000 rw-s 00044000 00:01 6144                       /memfd:/.nvidia_drv.XXXXXX (deleted)
7f80be1b5000-7f80be1b6000 r--p 00000000 103:05 21931627                  /usr/lib/libXinerama.so.1.0.0
7f80be1b6000-7f80be1b7000 r-xp 00001000 103:05 21931627                  /usr/lib/libXinerama.so.1.0.0
7f80be1b7000-7f80be1b8000 r--p 00002000 103:05 21931627                  /usr/lib/libXinerama.so.1.0.0
7f80be1b8000-7f80be1b9000 r--p 00002000 103:05 21931627                  /usr/lib/libXinerama.so.1.0.0
7f80be1b9000-7f80be1ba000 rw-p 00003000 103:05 21931627                  /usr/lib/libXinerama.so.1.0.0
7f80be1ba000-7f80be1bb000 r-xp 00000000 00:00 0 
7f80be1bb000-7f80be1c3000 rw-s 00000000 00:22 804                        /tmp/hsperfdata_linuxdev/758501
7f80be1c3000-7f80be1c4000 ---p 00000000 00:00 0 
7f80be1c4000-7f80be1c5000 r--p 00000000 00:00 0 
7f80be1c5000-7f80be1c6000 ---p 00000000 00:00 0 
7f80be1c6000-7f80be1c8000 rw-p 00000000 00:00 0 
7f80be1c8000-7f80be1c9000 r--p 00000000 103:05 21892377                  /usr/lib/ld-linux-x86-64.so.2
7f80be1c9000-7f80be1ef000 r-xp 00001000 103:05 21892377                  /usr/lib/ld-linux-x86-64.so.2
7f80be1ef000-7f80be1f9000 r--p 00027000 103:05 21892377                  /usr/lib/ld-linux-x86-64.so.2
7f80be1f9000-7f80be1fb000 r--p 00031000 103:05 21892377                  /usr/lib/ld-linux-x86-64.so.2
7f80be1fb000-7f80be1fd000 rw-p 00033000 103:05 21892377                  /usr/lib/ld-linux-x86-64.so.2
7ffd8c65d000-7ffd8c67e000 rw-p 00000000 00:00 0                          [stack]
7ffd8c6c9000-7ffd8c6cd000 r--p 00000000 00:00 0                          [vvar]
7ffd8c6cd000-7ffd8c6cf000 r-xp 00000000 00:00 0                          [vdso]
ffffffffff600000-ffffffffff601000 --xp 00000000 00:00 0                  [vsyscall]


VM Arguments:
jvm_args: -Dfile.encoding=UTF-8 -Duser.country=US -Duser.language=en -Duser.variant 
java_command: main.java.Application
java_class_path (initial): /home/linuxdev/dev/WPI-Masters-Thesis-Workspace/Target_OpenGL_Triangle/build/classes/java/main:/home/linuxdev/dev/WPI-Masters-Thesis-Workspace/Target_OpenGL_Triangle/build/resources/main:/home/linuxdev/.gradle/caches/modules-2/files-2.1/org.lwjgl/lwjgl-assimp/3.1.2/a5e057835be22aecb2dc1e2b1550c61a628deaf6/lwjgl-assimp-3.1.2.jar:/home/linuxdev/.gradle/caches/modules-2/files-2.1/org.lwjgl/lwjgl-assimp/3.1.2/394a6760ecea174ff231485b337aa9b3e4ae8f0b/lwjgl-assimp-3.1.2-natives-linux.jar:/home/linuxdev/.gradle/caches/modules-2/files-2.1/org.lwjgl/lwjgl-glfw/3.1.2/bc0617451b3a87e7d12a9afed68402a2b3841ad4/lwjgl-glfw-3.1.2.jar:/home/linuxdev/.gradle/caches/modules-2/files-2.1/org.lwjgl/lwjgl-glfw/3.1.2/3ee9ea3d30b7bfc2e4900ba8de74d145a47a44d/lwjgl-glfw-3.1.2-natives-linux.jar:/home/linuxdev/.gradle/caches/modules-2/files-2.1/org.lwjgl/lwjgl-openal/3.1.2/a6e7db83eac633c7bd4250b9938ed3245c83aa3e/lwjgl-openal-3.1.2.jar:/home/linuxdev/.gradle/caches/modules-2/files-2.1/org.lwjgl/lwjgl-openal/3.1.2/db382c4e3c72e1c8d23f5cf9e944cc45f3dbc7ec/lwjgl-openal-3.1.2-natives-linux.jar:/home/linuxdev/.gradle/caches/modules-2/files-2.1/org.lwjgl/lwjgl-opengl/3.1.2/7c77050b72450dc06357369c73aaf76d45a3fdea/lwjgl-opengl-3.1.2.jar:/home/linuxdev/.gradle/caches/modules-2/files-2.1/org.lwjgl/lwjgl-opengl/3.1.2/20d2c0a490a2c489b6fbfa50a560acdab6048cb9/lwjgl-opengl-3.1.2-natives-linux.jar:/home/linuxdev/.gradle/caches/modules-2/files-2.1/org.lwjgl/lwjgl-stb/3.1.2/39f1ae05903c4b985a746cfd0ca1808d2a719e7/lwjgl-stb-3.1.2.jar:/home/linuxdev/.gradle/caches/modules-2/files-2.1/org.lwjgl/lwjgl-stb/3.1.2/8c87e9677fe33f356b714a0742fe66b8164c391f/lwjgl-stb-3.1.2-natives-linux.jar:/home/linuxdev/.gradle/caches/modules-2/files-2.1/org.lwjgl/lwjgl/3.1.2/28a4511b5bc6624dbc6c579ade1b25bc2b21733e/lwjgl-3.1.2.jar:/home/linuxdev/.gradle/caches/modules-2/files-2.1/org.lwjgl/lwjgl/3.1.2/eef24025434e3c7d735744987e9330d67d06bb7f/lwjgl-3.1.2-natives-linux.jar
Launcher Type: SUN_STANDARD

[Global flags]
     intx CICompilerCount                          = 12                                        {product} {ergonomic}
     uint ConcGCThreads                            = 5                                         {product} {ergonomic}
     uint G1ConcRefinementThreads                  = 18                                        {product} {ergonomic}
   size_t G1HeapRegionSize                         = 4194304                                   {product} {ergonomic}
    uintx GCDrainStackTargetSize                   = 64                                        {product} {ergonomic}
   size_t InitialHeapSize                          = 515899392                                 {product} {ergonomic}
   size_t MarkStackSize                            = 4194304                                   {product} {ergonomic}
   size_t MaxHeapSize                              = 8191475712                                {product} {ergonomic}
   size_t MaxNewSize                               = 4911529984                                {product} {ergonomic}
   size_t MinHeapDeltaBytes                        = 4194304                                   {product} {ergonomic}
   size_t MinHeapSize                              = 8388608                                   {product} {ergonomic}
    uintx NonNMethodCodeHeapSize                   = 7602480                                {pd product} {ergonomic}
    uintx NonProfiledCodeHeapSize                  = 122027880                              {pd product} {ergonomic}
    uintx ProfiledCodeHeapSize                     = 122027880                              {pd product} {ergonomic}
    uintx ReservedCodeCacheSize                    = 251658240                              {pd product} {ergonomic}
     bool SegmentedCodeCache                       = true                                      {product} {ergonomic}
   size_t SoftMaxHeapSize                          = 8191475712                             {manageable} {ergonomic}
     bool UseCompressedClassPointers               = true                           {product lp64_product} {ergonomic}
     bool UseCompressedOops                        = true                           {product lp64_product} {ergonomic}
     bool UseG1GC                                  = true                                      {product} {ergonomic}

Logging:
Log output configuration:
 #0: stdout all=warning uptime,level,tags foldmultilines=false
 #1: stderr all=off uptime,level,tags foldmultilines=false

Environment Variables:
PATH=/usr/local/sbin:/usr/local/bin:/usr/bin:/usr/lib/jvm/default/bin:/usr/bin/site_perl:/usr/bin/vendor_perl:/usr/bin/core_perl
SHELL=/bin/bash
DISPLAY=:0
LANG=en_US.UTF-8

Signal Handlers:
   SIGSEGV: crash_handler in libjvm.so, mask=11100100010111111101111111111110, flags=SA_RESTART|SA_SIGINFO
    SIGBUS: crash_handler in libjvm.so, mask=11100100010111111101111111111110, flags=SA_RESTART|SA_SIGINFO
    SIGFPE: crash_handler in libjvm.so, mask=11100100010111111101111111111110, flags=SA_RESTART|SA_SIGINFO
   SIGPIPE: javaSignalHandler in libjvm.so, mask=11100100010111111101111111111110, flags=SA_RESTART|SA_SIGINFO
   SIGXFSZ: javaSignalHandler in libjvm.so, mask=11100100010111111101111111111110, flags=SA_RESTART|SA_SIGINFO
    SIGILL: crash_handler in libjvm.so, mask=11100100010111111101111111111110, flags=SA_RESTART|SA_SIGINFO
   SIGUSR2: SR_handler in libjvm.so, mask=00100000000000000000000000000000, flags=SA_RESTART|SA_SIGINFO
    SIGHUP: UserHandler in libjvm.so, mask=11100100010111111101111111111110, flags=SA_RESTART|SA_SIGINFO
    SIGINT: UserHandler in libjvm.so, mask=11100100010111111101111111111110, flags=SA_RESTART|SA_SIGINFO
   SIGTERM: UserHandler in libjvm.so, mask=11100100010111111101111111111110, flags=SA_RESTART|SA_SIGINFO
   SIGQUIT: UserHandler in libjvm.so, mask=11100100010111111101111111111110, flags=SA_RESTART|SA_SIGINFO
   SIGTRAP: crash_handler in libjvm.so, mask=11100100010111111101111111111110, flags=SA_RESTART|SA_SIGINFO


---------------  S Y S T E M  ---------------

OS:
NAME="Arch Linux"
PRETTY_NAME="Arch Linux"
ID=arch
BUILD_ID=rolling
ANSI_COLOR="38;2;23;147;209"
HOME_URL="https://archlinux.org/"
DOCUMENTATION_URL="https://wiki.archlinux.org/"
SUPPORT_URL="https://bbs.archlinux.org/"
BUG_REPORT_URL="https://bugs.archlinux.org/"
PRIVACY_POLICY_URL="https://terms.archlinux.org/docs/privacy-policy/"
LOGO=archlinux-logo
uname: Linux 6.2.8-arch1-1 #1 SMP PREEMPT_DYNAMIC Wed, 22 Mar 2023 22:52:35 +0000 x86_64
OS uptime: 1 days 4:03 hours
libc: glibc 2.37 NPTL 2.37 
rlimit (soft/hard): STACK 8192k/infinity , CORE infinity/infinity , NPROC 124869/124869 , NOFILE 524288/524288 , AS infinity/infinity , CPU infinity/infinity , DATA infinity/infinity , FSIZE infinity/infinity , MEMLOCK 8192k/8192k
load average: 0.38 0.80 0.79

/proc/meminfo:
MemTotal:       31982928 kB
MemFree:         2718864 kB
MemAvailable:   22422400 kB
Buffers:          122832 kB
Cached:         19642344 kB
SwapCached:        64332 kB
Active:         10653288 kB
Inactive:       17382704 kB
Active(anon):    8390548 kB
Inactive(anon):    13464 kB
Active(file):    2262740 kB
Inactive(file): 17369240 kB
Unevictable:           4 kB
Mlocked:               4 kB
SwapTotal:      67108860 kB
SwapFree:       66428924 kB
Zswap:             47312 kB
Zswapped:         132336 kB
Dirty:               508 kB
Writeback:            76 kB
AnonPages:       8233656 kB
Mapped:           800896 kB
Shmem:            133144 kB
KReclaimable:     539444 kB
Slab:             755848 kB
SReclaimable:     539444 kB
SUnreclaim:       216404 kB
KernelStack:       21892 kB
PageTables:        52100 kB
SecPageTables:         0 kB
NFS_Unstable:          0 kB
Bounce:                0 kB
WritebackTmp:          0 kB
CommitLimit:    83100324 kB
Committed_AS:   18607984 kB
VmallocTotal:   34359738367 kB
VmallocUsed:      137364 kB
VmallocChunk:          0 kB
Percpu:            19872 kB
HardwareCorrupted:     0 kB
AnonHugePages:   4814848 kB
ShmemHugePages:        0 kB
ShmemPmdMapped:        0 kB
FileHugePages:     65536 kB
FilePmdMapped:     53248 kB
CmaTotal:              0 kB
CmaFree:               0 kB
HugePages_Total:       0
HugePages_Free:        0
HugePages_Rsvd:        0
HugePages_Surp:        0
Hugepagesize:       2048 kB
Hugetlb:               0 kB
DirectMap4k:    11955704 kB
DirectMap2M:    20703232 kB
DirectMap1G:     1048576 kB

/sys/kernel/mm/transparent_hugepage/enabled: [always] madvise never
/sys/kernel/mm/transparent_hugepage/defrag (defrag/compaction efforts parameter): always defer defer+madvise [madvise] never

Process Memory:
Virtual Size: 11381304K (peak: 11381304K)
Resident Set Size: 94372K (peak: 94372K) (anon: 44816K, file: 48980K, shmem: 576K)
Swapped out: 0K
C-Heap outstanding allocations: 56658K, retained: 2573K

/proc/sys/kernel/threads-max (system-wide limit on the number of threads): 249739
/proc/sys/vm/max_map_count (maximum number of memory map areas a process may have): 65530
/proc/sys/kernel/pid_max (system-wide limit on number of process identifiers): 4194304

container (cgroup) information:
container_type: cgroupv2
cpu_cpuset_cpus: not supported
cpu_memory_nodes: not supported
active_processor_count: 24
cpu_quota: no quota
cpu_period: 100000
cpu_shares: no shares
memory_limit_in_bytes: unlimited
memory_and_swap_limit_in_bytes: unlimited
memory_soft_limit_in_bytes: unlimited
memory_usage_in_bytes: 10713001984
memory_max_usage_in_bytes: not supported
maximum number of tasks: unlimited
current number of tasks: 928

Steal ticks since vm start: 0
Steal ticks percentage since vm start:  0.000

CPU: total 24 (initial active 24) (24 cores per cpu, 2 threads per core) family 25 model 97 stepping 2 microcode 0xa601203, cx8, cmov, fxsr, ht, mmx, 3dnowpref, sse, sse2, sse3, ssse3, sse4a, sse4.1, sse4.2, popcnt, lzcnt, tsc, tscinvbit, avx, avx2, aes, erms, clmul, bmi1, bmi2, adx, avx512f, avx512dq, avx512cd, avx512bw, avx512vl, sha, fma, vzeroupper, avx512_vpopcntdq, avx512_vpclmulqdq, avx512_vaes, avx512_vnni, clflush, clflushopt, avx512_vbmi2, avx512_vbmi
CPU Model and flags from /proc/cpuinfo:
model name	: AMD Ryzen 9 7900X 12-Core Processor
flags		: fpu vme de pse tsc msr pae mce cx8 apic sep mtrr pge mca cmov pat pse36 clflush mmx fxsr sse sse2 ht syscall nx mmxext fxsr_opt pdpe1gb rdtscp lm constant_tsc rep_good amd_lbr_v2 nopl nonstop_tsc cpuid extd_apicid aperfmperf rapl pni pclmulqdq monitor ssse3 fma cx16 sse4_1 sse4_2 x2apic movbe popcnt aes xsave avx f16c rdrand lahf_lm cmp_legacy svm extapic cr8_legacy abm sse4a misalignsse 3dnowprefetch osvw ibs skinit wdt tce topoext perfctr_core perfctr_nb bpext perfctr_llc mwaitx cpb cat_l3 cdp_l3 hw_pstate ssbd mba perfmon_v2 ibrs ibpb stibp vmmcall fsgsbase bmi1 avx2 smep bmi2 erms invpcid cqm rdt_a avx512f avx512dq rdseed adx smap avx512ifma clflushopt clwb avx512cd sha_ni avx512bw avx512vl xsaveopt xsavec xgetbv1 xsaves cqm_llc cqm_occup_llc cqm_mbm_total cqm_mbm_local avx512_bf16 clzero irperf xsaveerptr rdpru wbnoinvd cppc arat npt lbrv svm_lock nrip_save tsc_scale vmcb_clean flushbyasid decodeassists pausefilter pfthreshold avic v_vmsave_vmload vgif x2avic v_spec_ctrl avx512vbmi umip pku ospke avx512_vbmi2 gfni vaes vpclmulqdq avx512_vnni avx512_bitalg avx512_vpopcntdq rdpid overflow_recov succor smca fsrm flush_l1d

Online cpus: 0-23
Offline cpus: 
BIOS frequency limitation: 4700000
Frequency switch latency (ns): 0
Available cpu frequencies: 4700000 3000000 
Current governor: schedutil
Core performance/turbo boost: 1

Memory: 4k page, physical 31982928k(2718864k free), swap 67108860k(66428924k free)
Page Sizes: 4k

vm_info: OpenJDK 64-Bit Server VM (18.0.2+9-FR) for linux-amd64 JRE (18.0.2+9-FR), built on Jul 15 2022 19:39:41 by "jenkins" with gcc 7.3.1 20180303 (Red Hat 7.3.1-5)

END.
