#
# A fatal error has been detected by the Java Runtime Environment:
#
#  SIGSEGV (0xb) at pc=0x00007efff6843a67, pid=758403, tid=758404
#
# JRE version: OpenJDK Runtime Environment Corretto-18.0.2.9.1 (18.0.2+9) (build 18.0.2+9-FR)
# Java VM: OpenJDK 64-Bit Server VM Corretto-18.0.2.9.1 (18.0.2+9-FR, mixed mode, sharing, tiered, compressed oops, compressed class ptrs, g1 gc, linux-amd64)
# Problematic frame:
# C  [liblwjgl_opengl.so+0x43a67]  Java_org_lwjgl_opengl_GL20_glCreateProgram+0x7
#
# Core dump will be written. Default location: Core dumps may be processed with "/usr/lib/systemd/systemd-coredump %P %u %g %s %t %c %h" (or dumping to /home/linuxdev/dev/WPI-Masters-Thesis-Workspace/Target_OpenGL_Triangle/core.758403)
#
# If you would like to submit a bug report, please visit:
#   https://github.com/corretto/corretto-18/issues/
# The crash happened outside the Java Virtual Machine in native code.
# See problematic frame for where to report the bug.
#

---------------  S U M M A R Y ------------

Command Line: -Dfile.encoding=UTF-8 -Duser.country=US -Duser.language=en -Duser.variant main.java.Application

Host: AMD Ryzen 9 7900X 12-Core Processor, 24 cores, 30G, Arch Linux
Time: Sun Apr 23 20:11:55 2023 EDT elapsed time: 0.116313 seconds (0d 0h 0m 0s)

---------------  T H R E A D  ---------------

Current thread (0x00007f0068026380):  JavaThread "main" [_thread_in_native, id=758404, stack(0x00007f0071031000,0x00007f0071131000)]

Stack: [0x00007f0071031000,0x00007f0071131000],  sp=0x00007f007112f7f8,  free space=1017k
Native frames: (J=compiled Java code, j=interpreted, Vv=VM code, C=native code)
C  [liblwjgl_opengl.so+0x43a67]  Java_org_lwjgl_opengl_GL20_glCreateProgram+0x7
j  main.java.ShaderProgram.<init>()V+5
j  main.java.Application.initShaders()V+14
j  main.java.Application.run()V+19
j  main.java.Application.main([Ljava/lang/String;)V+7
v  ~StubRoutines::call_stub
V  [libjvm.so+0x85e2d4]  JavaCalls::call_helper(JavaValue*, methodHandle const&, JavaCallArguments*, JavaThread*)+0x334
V  [libjvm.so+0x8f6d0f]  jni_invoke_static(JNIEnv_*, JavaValue*, _jobject*, JNICallType, _jmethodID*, JNI_ArgumentPusher*, JavaThread*) [clone .isra.154] [clone .constprop.330]+0x15f
V  [libjvm.so+0x8f8f11]  jni_CallStaticVoidMethod+0x141
C  [libjli.so+0xae7d]  JavaMain+0xd5d
C  [libjli.so+0xdcd9]  ThreadJavaMain+0x9

Java frames: (J=compiled Java code, j=interpreted, Vv=VM code)
j  org.lwjgl.opengl.GL20.glCreateProgram()I+0
j  main.java.ShaderProgram.<init>()V+5
j  main.java.Application.initShaders()V+14
j  main.java.Application.run()V+19
j  main.java.Application.main([Ljava/lang/String;)V+7
v  ~StubRoutines::call_stub

siginfo: si_signo: 11 (SIGSEGV), si_code: 1 (SEGV_MAPERR), si_addr: 0x0000000000000850

Register to memory mapping:

RAX=0x0 is NULL
RBX={method} {0x00007f00284ac300} 'glCreateProgram' '()I' in 'org/lwjgl/opengl/GL20'
RCX=0x0000000000000008 is an unknown value
RDX=0x00007f0068026e98 points into unknown readable memory: 0x0000000000000025 | 25 00 00 00 00 00 00 00
RSP=0x00007f007112f7f8 is pointing into the stack for thread: 0x00007f0068026380
RBP=0x00007f007112f848 is pointing into the stack for thread: 0x00007f0068026380
RSI=0x00007f007112f858 is pointing into the stack for thread: 0x00007f0068026380
RDI=0x00007f0068026610 points into unknown readable memory: 0x00007f0070f8faa0 | a0 fa f8 70 00 7f 00 00
R8 ={method} {0x00007f00284ac300} 'glCreateProgram' '()I' in 'org/lwjgl/opengl/GL20'
R9 =0x0000000000000002 is an unknown value
R10=0x00007f005120d50b is at code_begin+843 in an Interpreter codelet
method entry point (kind = native)  [0x00007f005120d1c0, 0x00007f005120da20]  2144 bytes
R11=0x00000006367d21f0 is an oop: java.lang.Class 
{0x00000006367d21f0} - klass: 'java/lang/Class'
 - ---- fields (total size 56 words):
 - private volatile transient 'classRedefinedCount' 'I' @12  0
 - abstract internal 'klass' 'J' @16  34372398176 (c12c60 8)
 - abstract internal 'array_klass' 'J' @24  0 (0 0)
 - abstract internal 'oop_size' 'I' @32  56 (38)
 - abstract internal 'static_oop_field_count' 'I' @36  0
 - private volatile transient 'cachedConstructor' 'Ljava/lang/reflect/Constructor;' @40  NULL (0)
 - private transient 'name' 'Ljava/lang/String;' @44  "org.lwjgl.opengl.GL20"{0x00000006367d23c0} (c6cfa478)
 - private transient 'module' 'Ljava/lang/Module;' @48  a 'java/lang/Module'{0x00000007ffb568a8} (fff6ad15)
 - private final 'classLoader' 'Ljava/lang/ClassLoader;' @52  a 'jdk/internal/loader/ClassLoaders$AppClassLoader'{0x00000007ffb56120} (fff6ac24)
 - private transient 'classData' 'Ljava/lang/Object;' @56  NULL (0)
 - private transient 'packageName' 'Ljava/lang/String;' @60  "org.lwjgl.opengl"{0x00000006367b84c8} (c6cf7099)
 - private final 'componentType' 'Ljava/lang/Class;' @64  NULL (0)
 - private volatile transient 'reflectionData' 'Ljava/lang/ref/SoftReference;' @68  NULL (0)
 - private volatile transient 'genericInfo' 'Lsun/reflect/generics/repository/ClassRepository;' @72  NULL (0)
 - private volatile transient 'enumConstants' '[Ljava/lang/Object;' @76  NULL (0)
 - private volatile transient 'enumConstantDirectory' 'Ljava/util/Map;' @80  NULL (0)
 - private volatile transient 'annotationData' 'Ljava/lang/Class$AnnotationData;' @84  NULL (0)
 - private volatile transient 'annotationType' 'Lsun/reflect/annotation/AnnotationType;' @88  NULL (0)
 - transient 'classValueMap' 'Ljava/lang/ClassValue$ClassValueMap;' @92  NULL (0)
 - abstract internal 'protection_domain' 'Ljava/lang/Object;' @96  a 'java/security/ProtectionDomain'{0x00000006367d1f90} (c6cfa3f2)
 - abstract internal 'signers_name' 'Ljava/lang/Object;' @100  NULL (0)
 - abstract internal 'source_file' 'Ljava/lang/Object;' @104  NULL (0)
 - signature: Lorg/lwjgl/opengl/GL20;
 - ---- static fields (0):
 - public static final 'GL_SHADING_LANGUAGE_VERSION' 'I' @112  35724 (8b8c)
 - public static final 'GL_CURRENT_PROGRAM' 'I' @116  35725 (8b8d)
 - public static final 'GL_SHADER_TYPE' 'I' @120  35663 (8b4f)
 - public static final 'GL_DELETE_STATUS' 'I' @124  35712 (8b80)
 - public static final 'GL_COMPILE_STATUS' 'I' @128  35713 (8b81)
 - public static final 'GL_LINK_STATUS' 'I' @132  35714 (8b82)
 - public static final 'GL_VALIDATE_STATUS' 'I' @136  35715 (8b83)
 - public static final 'GL_INFO_LOG_LENGTH' 'I' @140  35716 (8b84)
 - public static final 'GL_ATTACHED_SHADERS' 'I' @144  35717 (8b85)
 - public static final 'GL_ACTIVE_UNIFORMS' 'I' @148  35718 (8b86)
 - public static final 'GL_ACTIVE_UNIFORM_MAX_LENGTH' 'I' @152  35719 (8b87)
 - public static final 'GL_ACTIVE_ATTRIBUTES' 'I' @156  35721 (8b89)
 - public static final 'GL_ACTIVE_ATTRIBUTE_MAX_LENGTH' 'I' @160  35722 (8b8a)
 - public static final 'GL_SHADER_SOURCE_LENGTH' 'I' @164  35720 (8b88)
 - public static final 'GL_FLOAT_VEC2' 'I' @168  35664 (8b50)
 - public static final 'GL_FLOAT_VEC3' 'I' @172  35665 (8b51)
 - public static final 'GL_FLOAT_VEC4' 'I' @176  35666 (8b52)
 - public static final 'GL_INT_VEC2' 'I' @180  35667 (8b53)
 - public static final 'GL_INT_VEC3' 'I' @184  35668 (8b54)
 - public static final 'GL_INT_VEC4' 'I' @188  35669 (8b55)
 - public static final 'GL_BOOL' 'I' @192  35670 (8b56)
 - public static final 'GL_BOOL_VEC2' 'I' @196  35671 (8b57)
 - public static final 'GL_BOOL_VEC3' 'I' @200  35672 (8b58)
 - public static final 'GL_BOOL_VEC4' 'I' @204  35673 (8b59)
 - public static final 'GL_FLOAT_MAT2' 'I' @208  35674 (8b5a)
 - public static final 'GL_FLOAT_MAT3' 'I' @212  35675 (8b5b)
 - public static final 'GL_FLOAT_MAT4' 'I' @216  35676 (8b5c)
 - public static final 'GL_SAMPLER_1D' 'I' @220  35677 (8b5d)
 - public static final 'GL_SAMPLER_2D' 'I' @224  35678 (8b5e)
 - public static final 'GL_SAMPLER_3D' 'I' @228  35679 (8b5f)
 - public static final 'GL_SAMPLER_CUBE' 'I' @232  35680 (8b60)
 - public static final 'GL_SAMPLER_1D_SHADOW' 'I' @236  35681 (8b61)
 - public static final 'GL_SAMPLER_2D_SHADOW' 'I' @240  35682 (8b62)
 - public static final 'GL_VERTEX_SHADER' 'I' @244  35633 (8b31)
 - public static final 'GL_MAX_VERTEX_UNIFORM_COMPONENTS' 'I' @248  35658 (8b4a)
 - public static final 'GL_MAX_VARYING_FLOATS' 'I' @252  35659 (8b4b)
 - public static final 'GL_MAX_VERTEX_ATTRIBS' 'I' @256  34921 (8869)
 - public static final 'GL_MAX_TEXTURE_IMAGE_UNITS' 'I' @260  34930 (8872)
 - public static final 'GL_MAX_VERTEX_TEXTURE_IMAGE_UNITS' 'I' @264  35660 (8b4c)
 - public static final 'GL_MAX_COMBINED_TEXTURE_IMAGE_UNITS' 'I' @268  35661 (8b4d)
 - public static final 'GL_MAX_TEXTURE_COORDS' 'I' @272  34929 (8871)
 - public static final 'GL_VERTEX_PROGRAM_POINT_SIZE' 'I' @276  34370 (8642)
 - public static final 'GL_VERTEX_PROGRAM_TWO_SIDE' 'I' @280  34371 (8643)
 - public static final 'GL_VERTEX_ATTRIB_ARRAY_ENABLED' 'I' @284  34338 (8622)
 - public static final 'GL_VERTEX_ATTRIB_ARRAY_SIZE' 'I' @288  34339 (8623)
 - public static final 'GL_VERTEX_ATTRIB_ARRAY_STRIDE' 'I' @292  34340 (8624)
 - public static final 'GL_VERTEX_ATTRIB_ARRAY_TYPE' 'I' @296  34341 (8625)
 - public static final 'GL_VERTEX_ATTRIB_ARRAY_NORMALIZED' 'I' @300  34922 (886a)
 - public static final 'GL_CURRENT_VERTEX_ATTRIB' 'I' @304  34342 (8626)
 - public static final 'GL_VERTEX_ATTRIB_ARRAY_POINTER' 'I' @308  34373 (8645)
 - public static final 'GL_FRAGMENT_SHADER' 'I' @312  35632 (8b30)
 - public static final 'GL_MAX_FRAGMENT_UNIFORM_COMPONENTS' 'I' @316  35657 (8b49)
 - public static final 'GL_FRAGMENT_SHADER_DERIVATIVE_HINT' 'I' @320  35723 (8b8b)
 - public static final 'GL_MAX_DRAW_BUFFERS' 'I' @324  34852 (8824)
 - public static final 'GL_DRAW_BUFFER0' 'I' @328  34853 (8825)
 - public static final 'GL_DRAW_BUFFER1' 'I' @332  34854 (8826)
 - public static final 'GL_DRAW_BUFFER2' 'I' @336  34855 (8827)
 - public static final 'GL_DRAW_BUFFER3' 'I' @340  34856 (8828)
 - public static final 'GL_DRAW_BUFFER4' 'I' @344  34857 (8829)
 - public static final 'GL_DRAW_BUFFER5' 'I' @348  34858 (882a)
 - public static final 'GL_DRAW_BUFFER6' 'I' @352  34859 (882b)
 - public static final 'GL_DRAW_BUFFER7' 'I' @356  34860 (882c)
 - public static final 'GL_DRAW_BUFFER8' 'I' @360  34861 (882d)
 - public static final 'GL_DRAW_BUFFER9' 'I' @364  34862 (882e)
 - public static final 'GL_DRAW_BUFFER10' 'I' @368  34863 (882f)
 - public static final 'GL_DRAW_BUFFER11' 'I' @372  34864 (8830)
 - public static final 'GL_DRAW_BUFFER12' 'I' @376  34865 (8831)
 - public static final 'GL_DRAW_BUFFER13' 'I' @380  34866 (8832)
 - public static final 'GL_DRAW_BUFFER14' 'I' @384  34867 (8833)
 - public static final 'GL_DRAW_BUFFER15' 'I' @388  34868 (8834)
 - public static final 'GL_POINT_SPRITE' 'I' @392  34913 (8861)
 - public static final 'GL_COORD_REPLACE' 'I' @396  34914 (8862)
 - public static final 'GL_POINT_SPRITE_COORD_ORIGIN' 'I' @400  36000 (8ca0)
 - public static final 'GL_LOWER_LEFT' 'I' @404  36001 (8ca1)
 - public static final 'GL_UPPER_LEFT' 'I' @408  36002 (8ca2)
 - public static final 'GL_BLEND_EQUATION_RGB' 'I' @412  32777 (8009)
 - public static final 'GL_BLEND_EQUATION_ALPHA' 'I' @416  34877 (883d)
 - public static final 'GL_STENCIL_BACK_FUNC' 'I' @420  34816 (8800)
 - public static final 'GL_STENCIL_BACK_FAIL' 'I' @424  34817 (8801)
 - public static final 'GL_STENCIL_BACK_PASS_DEPTH_FAIL' 'I' @428  34818 (8802)
 - public static final 'GL_STENCIL_BACK_PASS_DEPTH_PASS' 'I' @432  34819 (8803)
 - public static final 'GL_STENCIL_BACK_REF' 'I' @436  36003 (8ca3)
 - public static final 'GL_STENCIL_BACK_VALUE_MASK' 'I' @440  36004 (8ca4)
 - public static final 'GL_STENCIL_BACK_WRITEMASK' 'I' @444  36005 (8ca5)
R12=0x0 is NULL
R13={method} {0x00007f00284ac300} 'glCreateProgram' '()I' in 'org/lwjgl/opengl/GL20'
R14=0x00007f007112f860 is pointing into the stack for thread: 0x00007f0068026380
R15=0x00007f0068026380 is a thread


Registers:
RAX=0x0000000000000000, RBX=0x00007f00284ac300, RCX=0x0000000000000008, RDX=0x00007f0068026e98
RSP=0x00007f007112f7f8, RBP=0x00007f007112f848, RSI=0x00007f007112f858, RDI=0x00007f0068026610
R8 =0x00007f00284ac300, R9 =0x0000000000000002, R10=0x00007f005120d50b, R11=0x00000006367d21f0
R12=0x0000000000000000, R13=0x00007f00284ac300, R14=0x00007f007112f860, R15=0x00007f0068026380
RIP=0x00007efff6843a67, EFLAGS=0x0000000000010283, CSGSFS=0x002b000000000033, ERR=0x0000000000000004
  TRAPNO=0x000000000000000e

Top of Stack: (sp=0x00007f007112f7f8)
0x00007f007112f7f8:   00007f005120d53a 00007f007112f800
0x00007f007112f808:   00007f00284ac300 00007f007112f860
0x00007f007112f818:   00007f00284b8000 0000000000000000
0x00007f007112f828:   00000006367d21f0 00007f00284ac300 

Instructions: (pc=0x00007efff6843a67)
0x00007efff6843967:   ce 4c 89 c2 4c 89 c9 44 89 d7 48 8b 40 18 48 8b
0x00007efff6843977:   80 88 2f 00 00 ff e0 66 90 48 8b 07 89 ce 89 d7
0x00007efff6843987:   48 8b 40 18 48 8b 80 48 0a 00 00 ff e0 66 66 66
0x00007efff6843997:   2e 0f 1f 84 00 00 00 00 00 48 8b 07 89 ce 89 d7
0x00007efff68439a7:   48 8b 40 18 48 8b 40 60 ff e0 66 66 66 66 66 66
0x00007efff68439b7:   2e 0f 1f 84 00 00 00 00 00 48 8b 07 89 d7 48 8b
0x00007efff68439c7:   40 18 48 8b 80 80 1b 00 00 ff e0 66 66 66 66 66
0x00007efff68439d7:   2e 0f 1f 84 00 00 00 00 00 48 8b 07 89 d7 48 8b
0x00007efff68439e7:   40 18 48 8b 80 c0 09 00 00 ff e0 66 66 66 66 66
0x00007efff68439f7:   2e 0f 1f 84 00 00 00 00 00 48 8b 07 89 d7 48 8b
0x00007efff6843a07:   40 18 48 8b 80 80 08 00 00 ff e0 66 66 66 66 66
0x00007efff6843a17:   2e 0f 1f 84 00 00 00 00 00 48 8b 07 89 d7 48 8b
0x00007efff6843a27:   40 18 48 8b 80 40 1b 00 00 ff e0 66 66 66 66 66
0x00007efff6843a37:   2e 0f 1f 84 00 00 00 00 00 48 8b 07 89 d7 48 8b
0x00007efff6843a47:   40 18 48 8b 80 80 09 00 00 ff e0 66 66 66 66 66
0x00007efff6843a57:   2e 0f 1f 84 00 00 00 00 00 48 8b 07 48 8b 40 18
0x00007efff6843a67:   ff a0 50 08 00 00 0f 1f 00 48 8b 07 41 89 d1 89
0x00007efff6843a77:   ce 4c 89 c2 44 89 cf 48 8b 40 18 48 8b 80 58 15
0x00007efff6843a87:   00 00 ff e0 0f 1f 44 00 00 48 8b 07 41 89 d1 89
0x00007efff6843a97:   ce 4c 89 c2 44 89 cf 48 8b 40 18 48 8b 80 38 15
0x00007efff6843aa7:   00 00 ff e0 0f 1f 44 00 00 48 8b 07 41 89 d1 89
0x00007efff6843ab7:   ce 4c 89 c2 44 89 cf 48 8b 40 18 48 8b 80 68 15
0x00007efff6843ac7:   00 00 ff e0 0f 1f 44 00 00 48 8b 07 89 d7 48 8b
0x00007efff6843ad7:   40 18 48 8b 80 70 0c 00 00 ff e0 66 66 66 66 66
0x00007efff6843ae7:   2e 0f 1f 84 00 00 00 00 00 48 8b 07 89 ce 89 d7
0x00007efff6843af7:   48 8b 40 18 48 8b 80 98 00 00 00 ff e0 66 66 66
0x00007efff6843b07:   2e 0f 1f 84 00 00 00 00 00 48 8b 07 89 d7 48 8b
0x00007efff6843b17:   40 18 48 8b 80 58 1b 00 00 ff e0 66 66 66 66 66
0x00007efff6843b27:   2e 0f 1f 84 00 00 00 00 00 48 8b 07 48 89 ce 89
0x00007efff6843b37:   d7 48 8b 40 18 48 8b 80 98 09 00 00 ff e0 66 66
0x00007efff6843b47:   2e 0f 1f 84 00 00 00 00 00 48 8b 07 48 89 ce 89
0x00007efff6843b57:   d7 48 8b 40 18 48 8b 80 d8 0e 00 00 ff e0 66 66 


Stack slot to memory mapping:
stack at sp + 0 slots: 0x00007f005120d53a is at code_begin+890 in an Interpreter codelet
method entry point (kind = native)  [0x00007f005120d1c0, 0x00007f005120da20]  2144 bytes
stack at sp + 1 slots: 0x00007f007112f800 is pointing into the stack for thread: 0x00007f0068026380
stack at sp + 2 slots: {method} {0x00007f00284ac300} 'glCreateProgram' '()I' in 'org/lwjgl/opengl/GL20'
stack at sp + 3 slots: 0x00007f007112f860 is pointing into the stack for thread: 0x00007f0068026380
stack at sp + 4 slots: 0x00007f00284b8000 is pointing into metadata
stack at sp + 5 slots: 0x0 is NULL
stack at sp + 6 slots: 0x00000006367d21f0 is an oop: java.lang.Class 
{0x00000006367d21f0} - klass: 'java/lang/Class'
 - ---- fields (total size 56 words):
 - private volatile transient 'classRedefinedCount' 'I' @12  0
 - abstract internal 'klass' 'J' @16  34372398176 (c12c60 8)
 - abstract internal 'array_klass' 'J' @24  0 (0 0)
 - abstract internal 'oop_size' 'I' @32  56 (38)
 - abstract internal 'static_oop_field_count' 'I' @36  0
 - private volatile transient 'cachedConstructor' 'Ljava/lang/reflect/Constructor;' @40  NULL (0)
 - private transient 'name' 'Ljava/lang/String;' @44  "org.lwjgl.opengl.GL20"{0x00000006367d23c0} (c6cfa478)
 - private transient 'module' 'Ljava/lang/Module;' @48  a 'java/lang/Module'{0x00000007ffb568a8} (fff6ad15)
 - private final 'classLoader' 'Ljava/lang/ClassLoader;' @52  a 'jdk/internal/loader/ClassLoaders$AppClassLoader'{0x00000007ffb56120} (fff6ac24)
 - private transient 'classData' 'Ljava/lang/Object;' @56  NULL (0)
 - private transient 'packageName' 'Ljava/lang/String;' @60  "org.lwjgl.opengl"{0x00000006367b84c8} (c6cf7099)
 - private final 'componentType' 'Ljava/lang/Class;' @64  NULL (0)
 - private volatile transient 'reflectionData' 'Ljava/lang/ref/SoftReference;' @68  NULL (0)
 - private volatile transient 'genericInfo' 'Lsun/reflect/generics/repository/ClassRepository;' @72  NULL (0)
 - private volatile transient 'enumConstants' '[Ljava/lang/Object;' @76  NULL (0)
 - private volatile transient 'enumConstantDirectory' 'Ljava/util/Map;' @80  NULL (0)
 - private volatile transient 'annotationData' 'Ljava/lang/Class$AnnotationData;' @84  NULL (0)
 - private volatile transient 'annotationType' 'Lsun/reflect/annotation/AnnotationType;' @88  NULL (0)
 - transient 'classValueMap' 'Ljava/lang/ClassValue$ClassValueMap;' @92  NULL (0)
 - abstract internal 'protection_domain' 'Ljava/lang/Object;' @96  a 'java/security/ProtectionDomain'{0x00000006367d1f90} (c6cfa3f2)
 - abstract internal 'signers_name' 'Ljava/lang/Object;' @100  NULL (0)
 - abstract internal 'source_file' 'Ljava/lang/Object;' @104  NULL (0)
 - signature: Lorg/lwjgl/opengl/GL20;
 - ---- static fields (0):
 - public static final 'GL_SHADING_LANGUAGE_VERSION' 'I' @112  35724 (8b8c)
 - public static final 'GL_CURRENT_PROGRAM' 'I' @116  35725 (8b8d)
 - public static final 'GL_SHADER_TYPE' 'I' @120  35663 (8b4f)
 - public static final 'GL_DELETE_STATUS' 'I' @124  35712 (8b80)
 - public static final 'GL_COMPILE_STATUS' 'I' @128  35713 (8b81)
 - public static final 'GL_LINK_STATUS' 'I' @132  35714 (8b82)
 - public static final 'GL_VALIDATE_STATUS' 'I' @136  35715 (8b83)
 - public static final 'GL_INFO_LOG_LENGTH' 'I' @140  35716 (8b84)
 - public static final 'GL_ATTACHED_SHADERS' 'I' @144  35717 (8b85)
 - public static final 'GL_ACTIVE_UNIFORMS' 'I' @148  35718 (8b86)
 - public static final 'GL_ACTIVE_UNIFORM_MAX_LENGTH' 'I' @152  35719 (8b87)
 - public static final 'GL_ACTIVE_ATTRIBUTES' 'I' @156  35721 (8b89)
 - public static final 'GL_ACTIVE_ATTRIBUTE_MAX_LENGTH' 'I' @160  35722 (8b8a)
 - public static final 'GL_SHADER_SOURCE_LENGTH' 'I' @164  35720 (8b88)
 - public static final 'GL_FLOAT_VEC2' 'I' @168  35664 (8b50)
 - public static final 'GL_FLOAT_VEC3' 'I' @172  35665 (8b51)
 - public static final 'GL_FLOAT_VEC4' 'I' @176  35666 (8b52)
 - public static final 'GL_INT_VEC2' 'I' @180  35667 (8b53)
 - public static final 'GL_INT_VEC3' 'I' @184  35668 (8b54)
 - public static final 'GL_INT_VEC4' 'I' @188  35669 (8b55)
 - public static final 'GL_BOOL' 'I' @192  35670 (8b56)
 - public static final 'GL_BOOL_VEC2' 'I' @196  35671 (8b57)
 - public static final 'GL_BOOL_VEC3' 'I' @200  35672 (8b58)
 - public static final 'GL_BOOL_VEC4' 'I' @204  35673 (8b59)
 - public static final 'GL_FLOAT_MAT2' 'I' @208  35674 (8b5a)
 - public static final 'GL_FLOAT_MAT3' 'I' @212  35675 (8b5b)
 - public static final 'GL_FLOAT_MAT4' 'I' @216  35676 (8b5c)
 - public static final 'GL_SAMPLER_1D' 'I' @220  35677 (8b5d)
 - public static final 'GL_SAMPLER_2D' 'I' @224  35678 (8b5e)
 - public static final 'GL_SAMPLER_3D' 'I' @228  35679 (8b5f)
 - public static final 'GL_SAMPLER_CUBE' 'I' @232  35680 (8b60)
 - public static final 'GL_SAMPLER_1D_SHADOW' 'I' @236  35681 (8b61)
 - public static final 'GL_SAMPLER_2D_SHADOW' 'I' @240  35682 (8b62)
 - public static final 'GL_VERTEX_SHADER' 'I' @244  35633 (8b31)
 - public static final 'GL_MAX_VERTEX_UNIFORM_COMPONENTS' 'I' @248  35658 (8b4a)
 - public static final 'GL_MAX_VARYING_FLOATS' 'I' @252  35659 (8b4b)
 - public static final 'GL_MAX_VERTEX_ATTRIBS' 'I' @256  34921 (8869)
 - public static final 'GL_MAX_TEXTURE_IMAGE_UNITS' 'I' @260  34930 (8872)
 - public static final 'GL_MAX_VERTEX_TEXTURE_IMAGE_UNITS' 'I' @264  35660 (8b4c)
 - public static final 'GL_MAX_COMBINED_TEXTURE_IMAGE_UNITS' 'I' @268  35661 (8b4d)
 - public static final 'GL_MAX_TEXTURE_COORDS' 'I' @272  34929 (8871)
 - public static final 'GL_VERTEX_PROGRAM_POINT_SIZE' 'I' @276  34370 (8642)
 - public static final 'GL_VERTEX_PROGRAM_TWO_SIDE' 'I' @280  34371 (8643)
 - public static final 'GL_VERTEX_ATTRIB_ARRAY_ENABLED' 'I' @284  34338 (8622)
 - public static final 'GL_VERTEX_ATTRIB_ARRAY_SIZE' 'I' @288  34339 (8623)
 - public static final 'GL_VERTEX_ATTRIB_ARRAY_STRIDE' 'I' @292  34340 (8624)
 - public static final 'GL_VERTEX_ATTRIB_ARRAY_TYPE' 'I' @296  34341 (8625)
 - public static final 'GL_VERTEX_ATTRIB_ARRAY_NORMALIZED' 'I' @300  34922 (886a)
 - public static final 'GL_CURRENT_VERTEX_ATTRIB' 'I' @304  34342 (8626)
 - public static final 'GL_VERTEX_ATTRIB_ARRAY_POINTER' 'I' @308  34373 (8645)
 - public static final 'GL_FRAGMENT_SHADER' 'I' @312  35632 (8b30)
 - public static final 'GL_MAX_FRAGMENT_UNIFORM_COMPONENTS' 'I' @316  35657 (8b49)
 - public static final 'GL_FRAGMENT_SHADER_DERIVATIVE_HINT' 'I' @320  35723 (8b8b)
 - public static final 'GL_MAX_DRAW_BUFFERS' 'I' @324  34852 (8824)
 - public static final 'GL_DRAW_BUFFER0' 'I' @328  34853 (8825)
 - public static final 'GL_DRAW_BUFFER1' 'I' @332  34854 (8826)
 - public static final 'GL_DRAW_BUFFER2' 'I' @336  34855 (8827)
 - public static final 'GL_DRAW_BUFFER3' 'I' @340  34856 (8828)
 - public static final 'GL_DRAW_BUFFER4' 'I' @344  34857 (8829)
 - public static final 'GL_DRAW_BUFFER5' 'I' @348  34858 (882a)
 - public static final 'GL_DRAW_BUFFER6' 'I' @352  34859 (882b)
 - public static final 'GL_DRAW_BUFFER7' 'I' @356  34860 (882c)
 - public static final 'GL_DRAW_BUFFER8' 'I' @360  34861 (882d)
 - public static final 'GL_DRAW_BUFFER9' 'I' @364  34862 (882e)
 - public static final 'GL_DRAW_BUFFER10' 'I' @368  34863 (882f)
 - public static final 'GL_DRAW_BUFFER11' 'I' @372  34864 (8830)
 - public static final 'GL_DRAW_BUFFER12' 'I' @376  34865 (8831)
 - public static final 'GL_DRAW_BUFFER13' 'I' @380  34866 (8832)
 - public static final 'GL_DRAW_BUFFER14' 'I' @384  34867 (8833)
 - public static final 'GL_DRAW_BUFFER15' 'I' @388  34868 (8834)
 - public static final 'GL_POINT_SPRITE' 'I' @392  34913 (8861)
 - public static final 'GL_COORD_REPLACE' 'I' @396  34914 (8862)
 - public static final 'GL_POINT_SPRITE_COORD_ORIGIN' 'I' @400  36000 (8ca0)
 - public static final 'GL_LOWER_LEFT' 'I' @404  36001 (8ca1)
 - public static final 'GL_UPPER_LEFT' 'I' @408  36002 (8ca2)
 - public static final 'GL_BLEND_EQUATION_RGB' 'I' @412  32777 (8009)
 - public static final 'GL_BLEND_EQUATION_ALPHA' 'I' @416  34877 (883d)
 - public static final 'GL_STENCIL_BACK_FUNC' 'I' @420  34816 (8800)
 - public static final 'GL_STENCIL_BACK_FAIL' 'I' @424  34817 (8801)
 - public static final 'GL_STENCIL_BACK_PASS_DEPTH_FAIL' 'I' @428  34818 (8802)
 - public static final 'GL_STENCIL_BACK_PASS_DEPTH_PASS' 'I' @432  34819 (8803)
 - public static final 'GL_STENCIL_BACK_REF' 'I' @436  36003 (8ca3)
 - public static final 'GL_STENCIL_BACK_VALUE_MASK' 'I' @440  36004 (8ca4)
 - public static final 'GL_STENCIL_BACK_WRITEMASK' 'I' @444  36005 (8ca5)
stack at sp + 7 slots: {method} {0x00007f00284ac300} 'glCreateProgram' '()I' in 'org/lwjgl/opengl/GL20'


---------------  P R O C E S S  ---------------

Threads class SMR info:
_java_thread_list=0x00007effec004d70, length=13, elements={
0x00007f0068026380, 0x00007f0068112dd0, 0x00007f0068114270, 0x00007f0068119ef0,
0x00007f006811b290, 0x00007f006811c690, 0x00007f006811e0b0, 0x00007f006811f5d0,
0x00007f0068120a30, 0x00007f0068128ab0, 0x00007f006812c370, 0x00007f0000047610,
0x00007effec003d90
}

Java Threads: ( => current thread )
=>0x00007f0068026380 JavaThread "main" [_thread_in_native, id=758404, stack(0x00007f0071031000,0x00007f0071131000)]
  0x00007f0068112dd0 JavaThread "Reference Handler" daemon [_thread_blocked, id=758411, stack(0x00007f00313fe000,0x00007f00314fe000)]
  0x00007f0068114270 JavaThread "Finalizer" daemon [_thread_blocked, id=758412, stack(0x00007f00312fe000,0x00007f00313fe000)]
  0x00007f0068119ef0 JavaThread "Signal Dispatcher" daemon [_thread_blocked, id=758413, stack(0x00007f0030f00000,0x00007f0031000000)]
  0x00007f006811b290 JavaThread "Service Thread" daemon [_thread_blocked, id=758414, stack(0x00007f0030e00000,0x00007f0030f00000)]
  0x00007f006811c690 JavaThread "Monitor Deflation Thread" daemon [_thread_blocked, id=758415, stack(0x00007f0030d00000,0x00007f0030e00000)]
  0x00007f006811e0b0 JavaThread "C2 CompilerThread0" daemon [_thread_blocked, id=758416, stack(0x00007f0030c00000,0x00007f0030d00000)]
  0x00007f006811f5d0 JavaThread "C1 CompilerThread0" daemon [_thread_blocked, id=758417, stack(0x00007f0030b00000,0x00007f0030c00000)]
  0x00007f0068120a30 JavaThread "Sweeper thread" daemon [_thread_blocked, id=758418, stack(0x00007f0030a00000,0x00007f0030b00000)]
  0x00007f0068128ab0 JavaThread "Notification Thread" daemon [_thread_blocked, id=758419, stack(0x00007f0030900000,0x00007f0030a00000)]
  0x00007f006812c370 JavaThread "Common-Cleaner" daemon [_thread_blocked, id=758421, stack(0x00007f00306fe000,0x00007f00307fe000)]
  0x00007f0000047610 JavaThread "C1 CompilerThread1" daemon [_thread_blocked, id=758422, stack(0x00007f0030300000,0x00007f0030400000)]
  0x00007effec003d90 JavaThread "C2 CompilerThread1" daemon [_thread_blocked, id=758423, stack(0x00007f0030200000,0x00007f0030300000)]

Other Threads:
  0x00007f006810fd20 VMThread "VM Thread" [stack: 0x00007f0031500000,0x00007f0031600000] [id=758410]
  0x00007f006812a3e0 WatcherThread "VM Periodic Task Thread" [stack: 0x00007f0030800000,0x00007f0030900000] [id=758420]
  0x00007f006805a410 WorkerThread "GC Thread#0" [stack: 0x00007f006c073000,0x00007f006c173000] [id=758405]
  0x00007f006806ae80 ConcurrentGCThread "G1 Main Marker" [stack: 0x00007f0067f00000,0x00007f0068000000] [id=758406]
  0x00007f006806bd90 WorkerThread "G1 Conc#0" [stack: 0x00007f0040d9e000,0x00007f0040e9e000] [id=758407]
  0x00007f00680e15e0 ConcurrentGCThread "G1 Refine#0" [stack: 0x00007f00319fb000,0x00007f0031afb000] [id=758408]
  0x00007f00680e24b0 ConcurrentGCThread "G1 Service" [stack: 0x00007f00318f9000,0x00007f00319f9000] [id=758409]

Threads with active compile tasks:

VM state: not at safepoint (normal execution)

VM Mutex/Monitor currently owned by a thread: None

Heap address: 0x0000000617c00000, size: 7812 MB, Compressed Oops mode: Zero based, Oop shift amount: 3

CDS archive(s) mapped at: [0x0000000800000000-0x0000000800bb1000-0x0000000800bb1000), size 12259328, SharedBaseAddress: 0x0000000800000000, ArchiveRelocationMode: 0.
Compressed class space mapped at: 0x0000000800c00000-0x0000000840c00000, reserved size: 1073741824
Narrow klass base: 0x0000000800000000, Narrow klass shift: 0, Narrow klass range: 0x100000000

GC Precious Log:
 CardTable entry size: 512
 Card Set container configuration: InlinePtr #cards 4 size 8 Array Of Cards #cards 32 size 80 Howl #buckets 8 coarsen threshold 7372 Howl Bitmap #cards 1024 size 144 coarsen threshold 921 Card regions per heap region 1 cards per card region 8192
 CPUs: 24 total, 24 available
 Memory: 31233M
 Large Page Support: Disabled
 NUMA Support: Disabled
 Compressed Oops: Enabled (Zero based)
 Heap Region Size: 4M
 Heap Min Capacity: 8M
 Heap Initial Capacity: 492M
 Heap Max Capacity: 7812M
 Pre-touch: Disabled
 Parallel Workers: 18
 Concurrent Workers: 5
 Concurrent Refinement Workers: 18
 Periodic GC: Disabled

Heap:
 garbage-first heap   total 512000K, used 8108K [0x0000000617c00000, 0x0000000800000000)
  region size 4096K, 2 young (8192K), 0 survivors (0K)
 Metaspace       used 2331K, committed 2496K, reserved 1114112K
  class space    used 181K, committed 256K, reserved 1048576K

Heap Regions: E=young(eden), S=young(survivor), O=old, HS=humongous(starts), HC=humongous(continues), CS=collection set, F=free, OA=open archive, CA=closed archive, TAMS=top-at-mark-start (previous, next)
|   0|0x0000000617c00000, 0x0000000617c00000, 0x0000000618000000|  0%| F|  |TAMS 0x0000000617c00000, 0x0000000617c00000| Untracked 
|   1|0x0000000618000000, 0x0000000618000000, 0x0000000618400000|  0%| F|  |TAMS 0x0000000618000000, 0x0000000618000000| Untracked 
|   2|0x0000000618400000, 0x0000000618400000, 0x0000000618800000|  0%| F|  |TAMS 0x0000000618400000, 0x0000000618400000| Untracked 
|   3|0x0000000618800000, 0x0000000618800000, 0x0000000618c00000|  0%| F|  |TAMS 0x0000000618800000, 0x0000000618800000| Untracked 
|   4|0x0000000618c00000, 0x0000000618c00000, 0x0000000619000000|  0%| F|  |TAMS 0x0000000618c00000, 0x0000000618c00000| Untracked 
|   5|0x0000000619000000, 0x0000000619000000, 0x0000000619400000|  0%| F|  |TAMS 0x0000000619000000, 0x0000000619000000| Untracked 
|   6|0x0000000619400000, 0x0000000619400000, 0x0000000619800000|  0%| F|  |TAMS 0x0000000619400000, 0x0000000619400000| Untracked 
|   7|0x0000000619800000, 0x0000000619800000, 0x0000000619c00000|  0%| F|  |TAMS 0x0000000619800000, 0x0000000619800000| Untracked 
|   8|0x0000000619c00000, 0x0000000619c00000, 0x000000061a000000|  0%| F|  |TAMS 0x0000000619c00000, 0x0000000619c00000| Untracked 
|   9|0x000000061a000000, 0x000000061a000000, 0x000000061a400000|  0%| F|  |TAMS 0x000000061a000000, 0x000000061a000000| Untracked 
|  10|0x000000061a400000, 0x000000061a400000, 0x000000061a800000|  0%| F|  |TAMS 0x000000061a400000, 0x000000061a400000| Untracked 
|  11|0x000000061a800000, 0x000000061a800000, 0x000000061ac00000|  0%| F|  |TAMS 0x000000061a800000, 0x000000061a800000| Untracked 
|  12|0x000000061ac00000, 0x000000061ac00000, 0x000000061b000000|  0%| F|  |TAMS 0x000000061ac00000, 0x000000061ac00000| Untracked 
|  13|0x000000061b000000, 0x000000061b000000, 0x000000061b400000|  0%| F|  |TAMS 0x000000061b000000, 0x000000061b000000| Untracked 
|  14|0x000000061b400000, 0x000000061b400000, 0x000000061b800000|  0%| F|  |TAMS 0x000000061b400000, 0x000000061b400000| Untracked 
|  15|0x000000061b800000, 0x000000061b800000, 0x000000061bc00000|  0%| F|  |TAMS 0x000000061b800000, 0x000000061b800000| Untracked 
|  16|0x000000061bc00000, 0x000000061bc00000, 0x000000061c000000|  0%| F|  |TAMS 0x000000061bc00000, 0x000000061bc00000| Untracked 
|  17|0x000000061c000000, 0x000000061c000000, 0x000000061c400000|  0%| F|  |TAMS 0x000000061c000000, 0x000000061c000000| Untracked 
|  18|0x000000061c400000, 0x000000061c400000, 0x000000061c800000|  0%| F|  |TAMS 0x000000061c400000, 0x000000061c400000| Untracked 
|  19|0x000000061c800000, 0x000000061c800000, 0x000000061cc00000|  0%| F|  |TAMS 0x000000061c800000, 0x000000061c800000| Untracked 
|  20|0x000000061cc00000, 0x000000061cc00000, 0x000000061d000000|  0%| F|  |TAMS 0x000000061cc00000, 0x000000061cc00000| Untracked 
|  21|0x000000061d000000, 0x000000061d000000, 0x000000061d400000|  0%| F|  |TAMS 0x000000061d000000, 0x000000061d000000| Untracked 
|  22|0x000000061d400000, 0x000000061d400000, 0x000000061d800000|  0%| F|  |TAMS 0x000000061d400000, 0x000000061d400000| Untracked 
|  23|0x000000061d800000, 0x000000061d800000, 0x000000061dc00000|  0%| F|  |TAMS 0x000000061d800000, 0x000000061d800000| Untracked 
|  24|0x000000061dc00000, 0x000000061dc00000, 0x000000061e000000|  0%| F|  |TAMS 0x000000061dc00000, 0x000000061dc00000| Untracked 
|  25|0x000000061e000000, 0x000000061e000000, 0x000000061e400000|  0%| F|  |TAMS 0x000000061e000000, 0x000000061e000000| Untracked 
|  26|0x000000061e400000, 0x000000061e400000, 0x000000061e800000|  0%| F|  |TAMS 0x000000061e400000, 0x000000061e400000| Untracked 
|  27|0x000000061e800000, 0x000000061e800000, 0x000000061ec00000|  0%| F|  |TAMS 0x000000061e800000, 0x000000061e800000| Untracked 
|  28|0x000000061ec00000, 0x000000061ec00000, 0x000000061f000000|  0%| F|  |TAMS 0x000000061ec00000, 0x000000061ec00000| Untracked 
|  29|0x000000061f000000, 0x000000061f000000, 0x000000061f400000|  0%| F|  |TAMS 0x000000061f000000, 0x000000061f000000| Untracked 
|  30|0x000000061f400000, 0x000000061f400000, 0x000000061f800000|  0%| F|  |TAMS 0x000000061f400000, 0x000000061f400000| Untracked 
|  31|0x000000061f800000, 0x000000061f800000, 0x000000061fc00000|  0%| F|  |TAMS 0x000000061f800000, 0x000000061f800000| Untracked 
|  32|0x000000061fc00000, 0x000000061fc00000, 0x0000000620000000|  0%| F|  |TAMS 0x000000061fc00000, 0x000000061fc00000| Untracked 
|  33|0x0000000620000000, 0x0000000620000000, 0x0000000620400000|  0%| F|  |TAMS 0x0000000620000000, 0x0000000620000000| Untracked 
|  34|0x0000000620400000, 0x0000000620400000, 0x0000000620800000|  0%| F|  |TAMS 0x0000000620400000, 0x0000000620400000| Untracked 
|  35|0x0000000620800000, 0x0000000620800000, 0x0000000620c00000|  0%| F|  |TAMS 0x0000000620800000, 0x0000000620800000| Untracked 
|  36|0x0000000620c00000, 0x0000000620c00000, 0x0000000621000000|  0%| F|  |TAMS 0x0000000620c00000, 0x0000000620c00000| Untracked 
|  37|0x0000000621000000, 0x0000000621000000, 0x0000000621400000|  0%| F|  |TAMS 0x0000000621000000, 0x0000000621000000| Untracked 
|  38|0x0000000621400000, 0x0000000621400000, 0x0000000621800000|  0%| F|  |TAMS 0x0000000621400000, 0x0000000621400000| Untracked 
|  39|0x0000000621800000, 0x0000000621800000, 0x0000000621c00000|  0%| F|  |TAMS 0x0000000621800000, 0x0000000621800000| Untracked 
|  40|0x0000000621c00000, 0x0000000621c00000, 0x0000000622000000|  0%| F|  |TAMS 0x0000000621c00000, 0x0000000621c00000| Untracked 
|  41|0x0000000622000000, 0x0000000622000000, 0x0000000622400000|  0%| F|  |TAMS 0x0000000622000000, 0x0000000622000000| Untracked 
|  42|0x0000000622400000, 0x0000000622400000, 0x0000000622800000|  0%| F|  |TAMS 0x0000000622400000, 0x0000000622400000| Untracked 
|  43|0x0000000622800000, 0x0000000622800000, 0x0000000622c00000|  0%| F|  |TAMS 0x0000000622800000, 0x0000000622800000| Untracked 
|  44|0x0000000622c00000, 0x0000000622c00000, 0x0000000623000000|  0%| F|  |TAMS 0x0000000622c00000, 0x0000000622c00000| Untracked 
|  45|0x0000000623000000, 0x0000000623000000, 0x0000000623400000|  0%| F|  |TAMS 0x0000000623000000, 0x0000000623000000| Untracked 
|  46|0x0000000623400000, 0x0000000623400000, 0x0000000623800000|  0%| F|  |TAMS 0x0000000623400000, 0x0000000623400000| Untracked 
|  47|0x0000000623800000, 0x0000000623800000, 0x0000000623c00000|  0%| F|  |TAMS 0x0000000623800000, 0x0000000623800000| Untracked 
|  48|0x0000000623c00000, 0x0000000623c00000, 0x0000000624000000|  0%| F|  |TAMS 0x0000000623c00000, 0x0000000623c00000| Untracked 
|  49|0x0000000624000000, 0x0000000624000000, 0x0000000624400000|  0%| F|  |TAMS 0x0000000624000000, 0x0000000624000000| Untracked 
|  50|0x0000000624400000, 0x0000000624400000, 0x0000000624800000|  0%| F|  |TAMS 0x0000000624400000, 0x0000000624400000| Untracked 
|  51|0x0000000624800000, 0x0000000624800000, 0x0000000624c00000|  0%| F|  |TAMS 0x0000000624800000, 0x0000000624800000| Untracked 
|  52|0x0000000624c00000, 0x0000000624c00000, 0x0000000625000000|  0%| F|  |TAMS 0x0000000624c00000, 0x0000000624c00000| Untracked 
|  53|0x0000000625000000, 0x0000000625000000, 0x0000000625400000|  0%| F|  |TAMS 0x0000000625000000, 0x0000000625000000| Untracked 
|  54|0x0000000625400000, 0x0000000625400000, 0x0000000625800000|  0%| F|  |TAMS 0x0000000625400000, 0x0000000625400000| Untracked 
|  55|0x0000000625800000, 0x0000000625800000, 0x0000000625c00000|  0%| F|  |TAMS 0x0000000625800000, 0x0000000625800000| Untracked 
|  56|0x0000000625c00000, 0x0000000625c00000, 0x0000000626000000|  0%| F|  |TAMS 0x0000000625c00000, 0x0000000625c00000| Untracked 
|  57|0x0000000626000000, 0x0000000626000000, 0x0000000626400000|  0%| F|  |TAMS 0x0000000626000000, 0x0000000626000000| Untracked 
|  58|0x0000000626400000, 0x0000000626400000, 0x0000000626800000|  0%| F|  |TAMS 0x0000000626400000, 0x0000000626400000| Untracked 
|  59|0x0000000626800000, 0x0000000626800000, 0x0000000626c00000|  0%| F|  |TAMS 0x0000000626800000, 0x0000000626800000| Untracked 
|  60|0x0000000626c00000, 0x0000000626c00000, 0x0000000627000000|  0%| F|  |TAMS 0x0000000626c00000, 0x0000000626c00000| Untracked 
|  61|0x0000000627000000, 0x0000000627000000, 0x0000000627400000|  0%| F|  |TAMS 0x0000000627000000, 0x0000000627000000| Untracked 
|  62|0x0000000627400000, 0x0000000627400000, 0x0000000627800000|  0%| F|  |TAMS 0x0000000627400000, 0x0000000627400000| Untracked 
|  63|0x0000000627800000, 0x0000000627800000, 0x0000000627c00000|  0%| F|  |TAMS 0x0000000627800000, 0x0000000627800000| Untracked 
|  64|0x0000000627c00000, 0x0000000627c00000, 0x0000000628000000|  0%| F|  |TAMS 0x0000000627c00000, 0x0000000627c00000| Untracked 
|  65|0x0000000628000000, 0x0000000628000000, 0x0000000628400000|  0%| F|  |TAMS 0x0000000628000000, 0x0000000628000000| Untracked 
|  66|0x0000000628400000, 0x0000000628400000, 0x0000000628800000|  0%| F|  |TAMS 0x0000000628400000, 0x0000000628400000| Untracked 
|  67|0x0000000628800000, 0x0000000628800000, 0x0000000628c00000|  0%| F|  |TAMS 0x0000000628800000, 0x0000000628800000| Untracked 
|  68|0x0000000628c00000, 0x0000000628c00000, 0x0000000629000000|  0%| F|  |TAMS 0x0000000628c00000, 0x0000000628c00000| Untracked 
|  69|0x0000000629000000, 0x0000000629000000, 0x0000000629400000|  0%| F|  |TAMS 0x0000000629000000, 0x0000000629000000| Untracked 
|  70|0x0000000629400000, 0x0000000629400000, 0x0000000629800000|  0%| F|  |TAMS 0x0000000629400000, 0x0000000629400000| Untracked 
|  71|0x0000000629800000, 0x0000000629800000, 0x0000000629c00000|  0%| F|  |TAMS 0x0000000629800000, 0x0000000629800000| Untracked 
|  72|0x0000000629c00000, 0x0000000629c00000, 0x000000062a000000|  0%| F|  |TAMS 0x0000000629c00000, 0x0000000629c00000| Untracked 
|  73|0x000000062a000000, 0x000000062a000000, 0x000000062a400000|  0%| F|  |TAMS 0x000000062a000000, 0x000000062a000000| Untracked 
|  74|0x000000062a400000, 0x000000062a400000, 0x000000062a800000|  0%| F|  |TAMS 0x000000062a400000, 0x000000062a400000| Untracked 
|  75|0x000000062a800000, 0x000000062a800000, 0x000000062ac00000|  0%| F|  |TAMS 0x000000062a800000, 0x000000062a800000| Untracked 
|  76|0x000000062ac00000, 0x000000062ac00000, 0x000000062b000000|  0%| F|  |TAMS 0x000000062ac00000, 0x000000062ac00000| Untracked 
|  77|0x000000062b000000, 0x000000062b000000, 0x000000062b400000|  0%| F|  |TAMS 0x000000062b000000, 0x000000062b000000| Untracked 
|  78|0x000000062b400000, 0x000000062b400000, 0x000000062b800000|  0%| F|  |TAMS 0x000000062b400000, 0x000000062b400000| Untracked 
|  79|0x000000062b800000, 0x000000062b800000, 0x000000062bc00000|  0%| F|  |TAMS 0x000000062b800000, 0x000000062b800000| Untracked 
|  80|0x000000062bc00000, 0x000000062bc00000, 0x000000062c000000|  0%| F|  |TAMS 0x000000062bc00000, 0x000000062bc00000| Untracked 
|  81|0x000000062c000000, 0x000000062c000000, 0x000000062c400000|  0%| F|  |TAMS 0x000000062c000000, 0x000000062c000000| Untracked 
|  82|0x000000062c400000, 0x000000062c400000, 0x000000062c800000|  0%| F|  |TAMS 0x000000062c400000, 0x000000062c400000| Untracked 
|  83|0x000000062c800000, 0x000000062c800000, 0x000000062cc00000|  0%| F|  |TAMS 0x000000062c800000, 0x000000062c800000| Untracked 
|  84|0x000000062cc00000, 0x000000062cc00000, 0x000000062d000000|  0%| F|  |TAMS 0x000000062cc00000, 0x000000062cc00000| Untracked 
|  85|0x000000062d000000, 0x000000062d000000, 0x000000062d400000|  0%| F|  |TAMS 0x000000062d000000, 0x000000062d000000| Untracked 
|  86|0x000000062d400000, 0x000000062d400000, 0x000000062d800000|  0%| F|  |TAMS 0x000000062d400000, 0x000000062d400000| Untracked 
|  87|0x000000062d800000, 0x000000062d800000, 0x000000062dc00000|  0%| F|  |TAMS 0x000000062d800000, 0x000000062d800000| Untracked 
|  88|0x000000062dc00000, 0x000000062dc00000, 0x000000062e000000|  0%| F|  |TAMS 0x000000062dc00000, 0x000000062dc00000| Untracked 
|  89|0x000000062e000000, 0x000000062e000000, 0x000000062e400000|  0%| F|  |TAMS 0x000000062e000000, 0x000000062e000000| Untracked 
|  90|0x000000062e400000, 0x000000062e400000, 0x000000062e800000|  0%| F|  |TAMS 0x000000062e400000, 0x000000062e400000| Untracked 
|  91|0x000000062e800000, 0x000000062e800000, 0x000000062ec00000|  0%| F|  |TAMS 0x000000062e800000, 0x000000062e800000| Untracked 
|  92|0x000000062ec00000, 0x000000062ec00000, 0x000000062f000000|  0%| F|  |TAMS 0x000000062ec00000, 0x000000062ec00000| Untracked 
|  93|0x000000062f000000, 0x000000062f000000, 0x000000062f400000|  0%| F|  |TAMS 0x000000062f000000, 0x000000062f000000| Untracked 
|  94|0x000000062f400000, 0x000000062f400000, 0x000000062f800000|  0%| F|  |TAMS 0x000000062f400000, 0x000000062f400000| Untracked 
|  95|0x000000062f800000, 0x000000062f800000, 0x000000062fc00000|  0%| F|  |TAMS 0x000000062f800000, 0x000000062f800000| Untracked 
|  96|0x000000062fc00000, 0x000000062fc00000, 0x0000000630000000|  0%| F|  |TAMS 0x000000062fc00000, 0x000000062fc00000| Untracked 
|  97|0x0000000630000000, 0x0000000630000000, 0x0000000630400000|  0%| F|  |TAMS 0x0000000630000000, 0x0000000630000000| Untracked 
|  98|0x0000000630400000, 0x0000000630400000, 0x0000000630800000|  0%| F|  |TAMS 0x0000000630400000, 0x0000000630400000| Untracked 
|  99|0x0000000630800000, 0x0000000630800000, 0x0000000630c00000|  0%| F|  |TAMS 0x0000000630800000, 0x0000000630800000| Untracked 
| 100|0x0000000630c00000, 0x0000000630c00000, 0x0000000631000000|  0%| F|  |TAMS 0x0000000630c00000, 0x0000000630c00000| Untracked 
| 101|0x0000000631000000, 0x0000000631000000, 0x0000000631400000|  0%| F|  |TAMS 0x0000000631000000, 0x0000000631000000| Untracked 
| 102|0x0000000631400000, 0x0000000631400000, 0x0000000631800000|  0%| F|  |TAMS 0x0000000631400000, 0x0000000631400000| Untracked 
| 103|0x0000000631800000, 0x0000000631800000, 0x0000000631c00000|  0%| F|  |TAMS 0x0000000631800000, 0x0000000631800000| Untracked 
| 104|0x0000000631c00000, 0x0000000631c00000, 0x0000000632000000|  0%| F|  |TAMS 0x0000000631c00000, 0x0000000631c00000| Untracked 
| 105|0x0000000632000000, 0x0000000632000000, 0x0000000632400000|  0%| F|  |TAMS 0x0000000632000000, 0x0000000632000000| Untracked 
| 106|0x0000000632400000, 0x0000000632400000, 0x0000000632800000|  0%| F|  |TAMS 0x0000000632400000, 0x0000000632400000| Untracked 
| 107|0x0000000632800000, 0x0000000632800000, 0x0000000632c00000|  0%| F|  |TAMS 0x0000000632800000, 0x0000000632800000| Untracked 
| 108|0x0000000632c00000, 0x0000000632c00000, 0x0000000633000000|  0%| F|  |TAMS 0x0000000632c00000, 0x0000000632c00000| Untracked 
| 109|0x0000000633000000, 0x0000000633000000, 0x0000000633400000|  0%| F|  |TAMS 0x0000000633000000, 0x0000000633000000| Untracked 
| 110|0x0000000633400000, 0x0000000633400000, 0x0000000633800000|  0%| F|  |TAMS 0x0000000633400000, 0x0000000633400000| Untracked 
| 111|0x0000000633800000, 0x0000000633800000, 0x0000000633c00000|  0%| F|  |TAMS 0x0000000633800000, 0x0000000633800000| Untracked 
| 112|0x0000000633c00000, 0x0000000633c00000, 0x0000000634000000|  0%| F|  |TAMS 0x0000000633c00000, 0x0000000633c00000| Untracked 
| 113|0x0000000634000000, 0x0000000634000000, 0x0000000634400000|  0%| F|  |TAMS 0x0000000634000000, 0x0000000634000000| Untracked 
| 114|0x0000000634400000, 0x0000000634400000, 0x0000000634800000|  0%| F|  |TAMS 0x0000000634400000, 0x0000000634400000| Untracked 
| 115|0x0000000634800000, 0x0000000634800000, 0x0000000634c00000|  0%| F|  |TAMS 0x0000000634800000, 0x0000000634800000| Untracked 
| 116|0x0000000634c00000, 0x0000000634c00000, 0x0000000635000000|  0%| F|  |TAMS 0x0000000634c00000, 0x0000000634c00000| Untracked 
| 117|0x0000000635000000, 0x0000000635000000, 0x0000000635400000|  0%| F|  |TAMS 0x0000000635000000, 0x0000000635000000| Untracked 
| 118|0x0000000635400000, 0x0000000635400000, 0x0000000635800000|  0%| F|  |TAMS 0x0000000635400000, 0x0000000635400000| Untracked 
| 119|0x0000000635800000, 0x0000000635800000, 0x0000000635c00000|  0%| F|  |TAMS 0x0000000635800000, 0x0000000635800000| Untracked 
| 120|0x0000000635c00000, 0x0000000635c00000, 0x0000000636000000|  0%| F|  |TAMS 0x0000000635c00000, 0x0000000635c00000| Untracked 
| 121|0x0000000636000000, 0x000000063607ce58, 0x0000000636400000| 12%| E|  |TAMS 0x0000000636000000, 0x0000000636000000| Complete 
| 122|0x0000000636400000, 0x0000000636800000, 0x0000000636800000|100%| E|CS|TAMS 0x0000000636400000, 0x0000000636400000| Complete 
|1951|0x00000007ff800000, 0x00000007ffb75000, 0x00000007ffc00000| 86%|OA|  |TAMS 0x00000007ff800000, 0x00000007ff800000| Untracked 
|1952|0x00000007ffc00000, 0x00000007ffc76000, 0x0000000800000000| 11%|CA|  |TAMS 0x00000007ffc00000, 0x00000007ffc00000| Untracked 

Card table byte_map: [0x00007f006c26b000,0x00007f006d1ad000] _byte_map_base: 0x00007f00691ad000

Marking Bits (Prev, Next): (CMBitMap*) 0x00007f006805ae80, (CMBitMap*) 0x00007f006805aec0
 Prev Bits: [0x00007f00488ae000, 0x00007f00502be000)
 Next Bits: [0x00007f0040e9e000, 0x00007f00488ae000)

Polling page: 0x00007f00716bc000

Metaspace:

Usage:
  Non-class:      2.10 MB used.
      Class:    181.70 KB used.
       Both:      2.28 MB used.

Virtual space:
  Non-class space:       64.00 MB reserved,       2.19 MB (  3%) committed,  1 nodes.
      Class space:        1.00 GB reserved,     256.00 KB ( <1%) committed,  1 nodes.
             Both:        1.06 GB reserved,       2.44 MB ( <1%) committed. 

Chunk freelists:
   Non-Class:  3.23 MB
       Class:  3.66 MB
        Both:  6.90 MB

MaxMetaspaceSize: unlimited
CompressedClassSpaceSize: 1.00 GB
Initial GC threshold: 21.00 MB
Current GC threshold: 21.00 MB
CDS: on
MetaspaceReclaimPolicy: balanced
 - commit_granule_bytes: 65536.
 - commit_granule_words: 8192.
 - virtual_space_node_default_size: 8388608.
 - enlarge_chunks_in_place: 1.
 - new_chunks_are_fully_committed: 0.
 - uncommit_free_chunks: 1.
 - use_allocation_guard: 0.


Internal statistics:

num_allocs_failed_limit: 0.
num_arena_births: 64.
num_arena_deaths: 0.
num_vsnodes_births: 2.
num_vsnodes_deaths: 0.
num_space_committed: 39.
num_space_uncommitted: 0.
num_chunks_returned_to_freelist: 0.
num_chunks_taken_from_freelist: 121.
num_chunk_merges: 0.
num_chunk_splits: 69.
num_chunks_enlarged: 43.
num_inconsistent_stats: 0.

CodeHeap 'non-profiled nmethods': size=119168Kb used=154Kb max_used=154Kb free=119013Kb
 bounds [0x00007f0058da0000, 0x00007f0059010000, 0x00007f0060200000]
CodeHeap 'profiled nmethods': size=119164Kb used=736Kb max_used=736Kb free=118427Kb
 bounds [0x00007f0051941000, 0x00007f0051bb1000, 0x00007f0058da0000]
CodeHeap 'non-nmethods': size=7428Kb used=2002Kb max_used=2016Kb free=5425Kb
 bounds [0x00007f0051200000, 0x00007f0051470000, 0x00007f0051941000]
 total_blobs=1304 nmethods=504 adapters=713
 compilation: enabled
              stopped_count=0, restarted_count=0
 full_count=0

Compilation events (20 events):
Event: 0.115 Thread 0x00007f0000047610  495       3       java.lang.StringLatin1::indexOf (36 bytes)
Event: 0.115 Thread 0x00007f0000047610 nmethod 495 0x00007f00519f2e10 code [0x00007f00519f2fe0, 0x00007f00519f32e0]
Event: 0.115 Thread 0x00007f0000047610  494       3       java.util.regex.Pattern$Node::match (27 bytes)
Event: 0.115 Thread 0x00007f0000047610 nmethod 494 0x00007f00519f3410 code [0x00007f00519f35c0, 0x00007f00519f3730]
Event: 0.115 Thread 0x00007f0000047610  492       3       jdk.internal.jimage.ImageLocation::verifyName (161 bytes)
Event: 0.115 Thread 0x00007f006811f5d0 nmethod 491 0x00007f00519f3890 code [0x00007f00519f3b60, 0x00007f00519f4cc0]
Event: 0.115 Thread 0x00007f0000047610 nmethod 492 0x00007f00519f5410 code [0x00007f00519f5740, 0x00007f00519f6d70]
Event: 0.115 Thread 0x00007f0000047610  496       3       sun.security.provider.DigestBase::implCompressMultiBlock0 (23 bytes)
Event: 0.115 Thread 0x00007f006811f5d0  497       3       jdk.internal.misc.Unsafe::checkSize (32 bytes)
Event: 0.115 Thread 0x00007f0000047610 nmethod 496 0x00007f00519f7690 code [0x00007f00519f7840, 0x00007f00519f7ae0]
Event: 0.115 Thread 0x00007f0000047610  498       3       java.io.RandomAccessFile::read (8 bytes)
Event: 0.115 Thread 0x00007f006811f5d0 nmethod 497 0x00007f00519f7c10 code [0x00007f00519f7dc0, 0x00007f00519f8040]
Event: 0.115 Thread 0x00007f0000047610 nmethod 498 0x00007f00519f8110 code [0x00007f00519f82c0, 0x00007f00519f8400]
Event: 0.115 Thread 0x00007f0000047610  500       3       jdk.internal.jimage.BasicImageReader::getLocationIndex (52 bytes)
Event: 0.115 Thread 0x00007effec003d90  501   !   4       java.nio.DirectByteBuffer::get (34 bytes)
Event: 0.115 Thread 0x00007f006811e0b0  502       4       jdk.internal.jimage.ImageStringsReader::unmaskedHashCode (166 bytes)
Event: 0.115 Thread 0x00007f0000047610 nmethod 500 0x00007f00519f8490 code [0x00007f00519f8680, 0x00007f00519f8b10]
Event: 0.116 Thread 0x00007effec003d90 nmethod 501 0x00007f0058dc5d90 code [0x00007f0058dc5f40, 0x00007f0058dc6058]
Event: 0.116 Thread 0x00007f006811f5d0  503       3       java.io.RandomAccessFile::seek (22 bytes)
Event: 0.116 Thread 0x00007f006811f5d0 nmethod 503 0x00007f00519f8d10 code [0x00007f00519f8ee0, 0x00007f00519f9110]

GC Heap History (0 events):
No events

Deoptimization events (12 events):
Event: 0.056 Thread 0x00007f0068026380 DEOPT PACKING pc=0x00007f00519b0a0f sp=0x00007f007112e870
Event: 0.056 Thread 0x00007f0068026380 DEOPT UNPACKING pc=0x00007f00512563cf sp=0x00007f007112dd08 mode 0
Event: 0.056 Thread 0x00007f0068026380 DEOPT PACKING pc=0x00007f00519b0a0f sp=0x00007f007112e870
Event: 0.056 Thread 0x00007f0068026380 DEOPT UNPACKING pc=0x00007f00512563cf sp=0x00007f007112dd08 mode 0
Event: 0.057 Thread 0x00007f0068026380 DEOPT PACKING pc=0x00007f00519b0a0f sp=0x00007f007112e870
Event: 0.057 Thread 0x00007f0068026380 DEOPT UNPACKING pc=0x00007f00512563cf sp=0x00007f007112dd08 mode 0
Event: 0.057 Thread 0x00007f0068026380 DEOPT PACKING pc=0x00007f00519b0a0f sp=0x00007f007112e870
Event: 0.057 Thread 0x00007f0068026380 DEOPT UNPACKING pc=0x00007f00512563cf sp=0x00007f007112dd08 mode 0
Event: 0.057 Thread 0x00007f0068026380 DEOPT PACKING pc=0x00007f00519b0a0f sp=0x00007f007112e870
Event: 0.057 Thread 0x00007f0068026380 DEOPT UNPACKING pc=0x00007f00512563cf sp=0x00007f007112dd08 mode 0
Event: 0.114 Thread 0x00007f0068026380 DEOPT PACKING pc=0x00007f00519522da sp=0x00007f007112df00
Event: 0.114 Thread 0x00007f0068026380 DEOPT UNPACKING pc=0x00007f00512563cf sp=0x00007f007112d340 mode 0

Classes loaded (20 events):
Event: 0.050 Loading class sun/misc/Unsafe
Event: 0.050 Loading class sun/misc/Unsafe done
Event: 0.050 Loading class java/lang/invoke/DirectMethodHandle$StaticAccessor
Event: 0.050 Loading class java/lang/invoke/DirectMethodHandle$StaticAccessor done
Event: 0.052 Loading class java/nio/BufferOverflowException
Event: 0.052 Loading class java/nio/BufferOverflowException done
Event: 0.052 Loading class java/nio/InvalidMarkException
Event: 0.052 Loading class java/nio/InvalidMarkException done
Event: 0.052 Loading class java/nio/BufferUnderflowException
Event: 0.052 Loading class java/nio/BufferUnderflowException done
Event: 0.054 Loading class java/lang/NoSuchFieldError
Event: 0.054 Loading class java/lang/NoSuchFieldError done
Event: 0.057 Loading class jdk/internal/reflect/MethodHandleIntegerFieldAccessorImpl
Event: 0.057 Loading class jdk/internal/reflect/MethodHandleIntegerFieldAccessorImpl done
Event: 0.115 Loading class sun/nio/fs/UnixException
Event: 0.116 Loading class sun/nio/fs/UnixException done
Event: 0.116 Loading class java/nio/file/NoSuchFileException
Event: 0.116 Loading class java/nio/file/FileSystemException
Event: 0.116 Loading class java/nio/file/FileSystemException done
Event: 0.116 Loading class java/nio/file/NoSuchFileException done

Classes unloaded (0 events):
No events

Classes redefined (0 events):
No events

Internal exceptions (12 events):
Event: 0.025 Thread 0x00007f0068026380 Exception <a 'java/lang/NoSuchMethodError'{0x000000063656c620}: 'java.lang.Object java.lang.invoke.DirectMethodHandle$Holder.invokeStaticInit(java.lang.Object)'> (0x000000063656c620) 
thrown [src/hotspot/share/interpreter/linkResolver.cpp, line 759]
Event: 0.028 Thread 0x00007f0068026380 Exception <a 'java/lang/NoSuchMethodError'{0x00000006366267a8}: 'void java.lang.invoke.DirectMethodHandle$Holder.invokeStatic(java.lang.Object, java.lang.Object)'> (0x00000006366267a8) 
thrown [src/hotspot/share/interpreter/linkResolver.cpp, line 759]
Event: 0.029 Thread 0x00007f0068026380 Exception <a 'java/lang/NoSuchMethodError'{0x000000063662b900}: 'void java.lang.System.load(java.lang.String, java.lang.Class)'> (0x000000063662b900) 
thrown [src/hotspot/share/interpreter/linkResolver.cpp, line 759]
Event: 0.029 Thread 0x00007f0068026380 Exception <a 'java/lang/NoSuchMethodError'{0x000000063662c3c0}: 'void java.lang.invoke.DirectMethodHandle$Holder.invokeSpecial(java.lang.Object, java.lang.Object, java.lang.Object)'> (0x000000063662c3c0) 
thrown [src/hotspot/share/interpreter/linkResolver.cpp, line 759]
Event: 0.030 Thread 0x00007f0068026380 Exception <a 'java/lang/NoSuchMethodError'{0x000000063663d960}: 'java.lang.Object java.lang.invoke.DirectMethodHandle$Holder.invokeStatic(java.lang.Object, java.lang.Object, int)'> (0x000000063663d960) 
thrown [src/hotspot/share/interpreter/linkResolver.cpp, line 759]
Event: 0.030 Thread 0x00007f0068026380 Exception <a 'java/lang/NoSuchMethodError'{0x0000000636649640}: 'void java.lang.invoke.DelegatingMethodHandle$Holder.delegate(java.lang.Object, java.lang.Object, int, java.lang.Object)'> (0x0000000636649640) 
thrown [src/hotspot/share/interpreter/linkResolver.cpp, line 759]
Event: 0.030 Thread 0x00007f0068026380 Exception <a 'java/lang/NoSuchMethodError'{0x000000063664d858}: 'int java.lang.invoke.DirectMethodHandle$Holder.invokeSpecial(java.lang.Object, java.lang.Object, java.lang.Object)'> (0x000000063664d858) 
thrown [src/hotspot/share/interpreter/linkResolver.cpp, line 759]
Event: 0.032 Thread 0x00007f0068026380 Exception <a 'java/lang/NoSuchMethodError'{0x0000000636668778}: 'void java.lang.System.loadLibrary(java.lang.String, java.lang.Class)'> (0x0000000636668778) 
thrown [src/hotspot/share/interpreter/linkResolver.cpp, line 759]
Event: 0.057 Thread 0x00007f0068026380 Exception <a 'java/lang/NoSuchMethodError'{0x0000000636777ae0}: 'int java.lang.invoke.Invokers$Holder.invokeExact_MT(java.lang.Object, java.lang.Object)'> (0x0000000636777ae0) 
thrown [src/hotspot/share/interpreter/linkResolver.cpp, line 759]
Event: 0.112 Thread 0x00007f0068026380 Exception <a 'java/lang/NoSuchMethodError'{0x00000006367eeac8}: 'void java.lang.System.load(java.lang.String, java.lang.Class)'> (0x00000006367eeac8) 
thrown [src/hotspot/share/interpreter/linkResolver.cpp, line 759]
Event: 0.113 Thread 0x00007f0068026380 Exception <a 'java/lang/NoSuchMethodError'{0x00000006367f1958}: 'void java.lang.System.loadLibrary(java.lang.String, java.lang.Class)'> (0x00000006367f1958) 
thrown [src/hotspot/share/interpreter/linkResolver.cpp, line 759]
Event: 0.116 Thread 0x00007f0068026380 Exception <a 'sun/nio/fs/UnixException'{0x00000006360042a8}> (0x00000006360042a8) 
thrown [src/hotspot/share/prims/jni.cpp, line 516]

VM Operations (0 events):
No events

Events (20 events):
Event: 0.006 Thread 0x00007f006811e0b0 Thread added: 0x00007f006811e0b0
Event: 0.006 Protecting memory [0x00007f0030c00000,0x00007f0030c04000] with protection modes 0
Event: 0.006 Thread 0x00007f006811f5d0 Thread added: 0x00007f006811f5d0
Event: 0.006 Protecting memory [0x00007f0030b00000,0x00007f0030b04000] with protection modes 0
Event: 0.006 Thread 0x00007f0068120a30 Thread added: 0x00007f0068120a30
Event: 0.006 Protecting memory [0x00007f0030a00000,0x00007f0030a04000] with protection modes 0
Event: 0.008 Thread 0x00007f0068128ab0 Thread added: 0x00007f0068128ab0
Event: 0.008 Protecting memory [0x00007f0030900000,0x00007f0030904000] with protection modes 0
Event: 0.008 Thread 0x00007f006812c370 Thread added: 0x00007f006812c370
Event: 0.008 Protecting memory [0x00007f00306fe000,0x00007f0030702000] with protection modes 0
Event: 0.010 Loaded shared library /home/linuxdev/.jdks/corretto-18.0.2/lib/libnio.so
Event: 0.011 Loaded shared library /home/linuxdev/.jdks/corretto-18.0.2/lib/libzip.so
Event: 0.018 Loaded shared library /home/linuxdev/.jdks/corretto-18.0.2/lib/libjimage.so
Event: 0.034 Loaded shared library /home/linuxdev/.jdks/corretto-18.0.2/lib/libnet.so
Event: 0.036 Loaded shared library /tmp/lwjgllinuxdev/3.1.2-build-29/liblwjgl.so
Event: 0.042 Thread 0x00007f0000047610 Thread added: 0x00007f0000047610
Event: 0.042 Protecting memory [0x00007f0030300000,0x00007f0030304000] with protection modes 0
Event: 0.051 Thread 0x00007effec003d90 Thread added: 0x00007effec003d90
Event: 0.051 Protecting memory [0x00007f0030200000,0x00007f0030204000] with protection modes 0
Event: 0.114 Loaded shared library /tmp/lwjgllinuxdev/3.1.2-build-29/liblwjgl_opengl.so


Dynamic libraries:
409ea000-409ec000 r-xs 00000000 00:01 46277                              /memfd:/.glXXXXXX (deleted)
41446000-414f5000 rw-p 00000000 00:00 0 
617c00000-636800000 rw-p 00000000 00:00 0 
636800000-7ff800000 ---p 00000000 00:00 0 
7ff800000-7ffb00000 rw-p 00000000 00:00 0 
7ffb00000-7ffb75000 rw-p 00c5f000 103:05 56520767                        /home/linuxdev/.jdks/corretto-18.0.2/lib/server/classes.jsa
7ffb75000-7ffc00000 rw-p 00000000 00:00 0 
7ffc00000-7ffc76000 rw-p 00be9000 103:05 56520767                        /home/linuxdev/.jdks/corretto-18.0.2/lib/server/classes.jsa
7ffc76000-800000000 rw-p 00000000 00:00 0 
800000000-800449000 rw-p 00001000 103:05 56520767                        /home/linuxdev/.jdks/corretto-18.0.2/lib/server/classes.jsa
800449000-800bb1000 r--p 0044a000 103:05 56520767                        /home/linuxdev/.jdks/corretto-18.0.2/lib/server/classes.jsa
800bb1000-800c00000 ---p 00000000 00:00 0 
800c00000-800c20000 rw-p 00000000 00:00 0 
800c20000-800c40000 ---p 00000000 00:00 0 
800c40000-800c60000 rw-p 00000000 00:00 0 
800c60000-840c00000 ---p 00000000 00:00 0 
55b5dac00000-55b5dac01000 r-xp 00000000 103:05 56520868                  /home/linuxdev/.jdks/corretto-18.0.2/bin/java
55b5dae01000-55b5dae02000 r--p 00001000 103:05 56520868                  /home/linuxdev/.jdks/corretto-18.0.2/bin/java
55b5dae02000-55b5dae03000 rw-p 00002000 103:05 56520868                  /home/linuxdev/.jdks/corretto-18.0.2/bin/java
55b5dcc43000-55b5dcc8b000 rw-p 00000000 00:00 0                          [heap]
7effe4000000-7effe4172000 rw-p 00000000 00:00 0 
7effe4172000-7effe8000000 ---p 00000000 00:00 0 
7effe9400000-7effe96e0000 r-xp 00000000 103:05 21931026                  /usr/lib/libnvidia-glcore.so.530.41.03
7effe96e0000-7effe9701000 rwxp 002e0000 103:05 21931026                  /usr/lib/libnvidia-glcore.so.530.41.03
7effe9701000-7effebce6000 r-xp 00301000 103:05 21931026                  /usr/lib/libnvidia-glcore.so.530.41.03
7effebce6000-7effebce7000 ---p 028e6000 103:05 21931026                  /usr/lib/libnvidia-glcore.so.530.41.03
7effebce7000-7effebeb7000 r--p 028e6000 103:05 21931026                  /usr/lib/libnvidia-glcore.so.530.41.03
7effebeb7000-7effebf27000 rw-p 02ab6000 103:05 21931026                  /usr/lib/libnvidia-glcore.so.530.41.03
7effebf27000-7effebf68000 rw-p 00000000 00:00 0 
7effec000000-7effec0a1000 rw-p 00000000 00:00 0 
7effec0a1000-7efff0000000 ---p 00000000 00:00 0 
7efff0000000-7efff0021000 rw-p 00000000 00:00 0 
7efff0021000-7efff4000000 ---p 00000000 00:00 0 
7efff655a000-7efff6800000 rw-p 00000000 00:00 0 
7efff6800000-7efff6869000 r-xp 00000000 00:22 694                        /tmp/lwjgllinuxdev/3.1.2-build-29/liblwjgl_opengl.so
7efff6869000-7efff6a68000 ---p 00069000 00:22 694                        /tmp/lwjgllinuxdev/3.1.2-build-29/liblwjgl_opengl.so
7efff6a68000-7efff6a69000 r--p 00068000 00:22 694                        /tmp/lwjgllinuxdev/3.1.2-build-29/liblwjgl_opengl.so
7efff6a69000-7efff6a6a000 rw-p 00069000 00:22 694                        /tmp/lwjgllinuxdev/3.1.2-build-29/liblwjgl_opengl.so
7efff6c00000-7efff6c75000 r-xp 00000000 103:05 21931028                  /usr/lib/libnvidia-glsi.so.530.41.03
7efff6c75000-7efff6e74000 ---p 00075000 103:05 21931028                  /usr/lib/libnvidia-glsi.so.530.41.03
7efff6e74000-7efff6e9e000 r--p 00074000 103:05 21931028                  /usr/lib/libnvidia-glsi.so.530.41.03
7efff6e9e000-7efff6e9f000 rw-p 0009e000 103:05 21931028                  /usr/lib/libnvidia-glsi.so.530.41.03
7efff6e9f000-7efff6ea7000 rw-p 00000000 00:00 0 
7efff7000000-7efff7020000 r-xp 00000000 00:22 693                        /tmp/lwjgllinuxdev/3.1.2-build-29/libglfw.so
7efff7020000-7efff721f000 ---p 00020000 00:22 693                        /tmp/lwjgllinuxdev/3.1.2-build-29/libglfw.so
7efff721f000-7efff7220000 r--p 0001f000 00:22 693                        /tmp/lwjgllinuxdev/3.1.2-build-29/libglfw.so
7efff7220000-7efff7221000 rw-p 00020000 00:22 693                        /tmp/lwjgllinuxdev/3.1.2-build-29/libglfw.so
7efff7221000-7efff7222000 rw-p 00000000 00:00 0 
7efff7300000-7efff7400000 rw-s 00000000 00:05 868                        /dev/nvidiactl
7efff7400000-7efff7450000 r-xp 00000000 00:22 692                        /tmp/lwjgllinuxdev/3.1.2-build-29/liblwjgl.so
7efff7450000-7efff764f000 ---p 00050000 00:22 692                        /tmp/lwjgllinuxdev/3.1.2-build-29/liblwjgl.so
7efff764f000-7efff7650000 r--p 0004f000 00:22 692                        /tmp/lwjgllinuxdev/3.1.2-build-29/liblwjgl.so
7efff7650000-7efff7651000 rw-p 00050000 00:22 692                        /tmp/lwjgllinuxdev/3.1.2-build-29/liblwjgl.so
7efff76c0000-7efff7740000 rw-s 00000000 00:05 868                        /dev/nvidiactl
7efff7740000-7efff7780000 rw-s 00000000 00:05 868                        /dev/nvidiactl
7efff7780000-7efff7800000 rw-s 00000000 00:05 869                        /dev/nvidia0
7efff7800000-7efff781a000 r-xp 00000000 103:05 56520757                  /home/linuxdev/.jdks/corretto-18.0.2/lib/libzip.so
7efff781a000-7efff7a1a000 ---p 0001a000 103:05 56520757                  /home/linuxdev/.jdks/corretto-18.0.2/lib/libzip.so
7efff7a1a000-7efff7a1b000 r--p 0001a000 103:05 56520757                  /home/linuxdev/.jdks/corretto-18.0.2/lib/libzip.so
7efff7a1b000-7efff7a1c000 rw-p 00000000 00:00 0 
7efff7a3b000-7efff7a5b000 rw-s 00000000 00:05 868                        /dev/nvidiactl
7efff7a5b000-7efff7c00000 rw-s 00000000 00:01 6144                       /memfd:/.nvidia_drv.XXXXXX (deleted)
7efff7c00000-7efff7c0d000 r-xp 00000000 103:05 56520754                  /home/linuxdev/.jdks/corretto-18.0.2/lib/libnet.so
7efff7c0d000-7efff7e0d000 ---p 0000d000 103:05 56520754                  /home/linuxdev/.jdks/corretto-18.0.2/lib/libnet.so
7efff7e0d000-7efff7e0e000 r--p 0000d000 103:05 56520754                  /home/linuxdev/.jdks/corretto-18.0.2/lib/libnet.so
7efff7e0e000-7efff7e0f000 rw-p 00000000 00:00 0 
7efff7e22000-7efff7e73000 r--p 00000000 103:05 21930994                  /usr/lib/libGLX_nvidia.so.530.41.03
7efff7e73000-7efff7ecc000 r-xp 00051000 103:05 21930994                  /usr/lib/libGLX_nvidia.so.530.41.03
7efff7ecc000-7efff7f01000 rwxp 000aa000 103:05 21930994                  /usr/lib/libGLX_nvidia.so.530.41.03
7efff7f01000-7efff7f02000 r-xp 000df000 103:05 21930994                  /usr/lib/libGLX_nvidia.so.530.41.03
7efff7f02000-7efff7f21000 r--p 000e0000 103:05 21930994                  /usr/lib/libGLX_nvidia.so.530.41.03
7efff7f21000-7efff7f41000 r--p 000fe000 103:05 21930994                  /usr/lib/libGLX_nvidia.so.530.41.03
7efff7f41000-7efff7f46000 rw-p 0011e000 103:05 21930994                  /usr/lib/libGLX_nvidia.so.530.41.03
7efff7f46000-7efff7f48000 rw-p 00000000 00:00 0 
7efff7f48000-7efff7f89000 r--p 00000000 103:05 21930861                  /usr/lib/libGLdispatch.so.0.0.0
7efff7f89000-7efff7f8c000 r-xp 00041000 103:05 21930861                  /usr/lib/libGLdispatch.so.0.0.0
7efff7f8c000-7efff7fc7000 r-xp 00044000 103:05 21930861                  /usr/lib/libGLdispatch.so.0.0.0
7efff7fc7000-7efff7fc8000 r-xp 0007f000 103:05 21930861                  /usr/lib/libGLdispatch.so.0.0.0
7efff7fc8000-7efff7fdb000 r--p 00080000 103:05 21930861                  /usr/lib/libGLdispatch.so.0.0.0
7efff7fdb000-7efff7ff7000 r--p 00093000 103:05 21930861                  /usr/lib/libGLdispatch.so.0.0.0
7efff7ff7000-7efff7ff8000 rw-p 000af000 103:05 21930861                  /usr/lib/libGLdispatch.so.0.0.0
7efff7ff8000-7efff8021000 rw-p 00000000 00:00 0 
7efff8021000-7efffc000000 ---p 00000000 00:00 0 
7efffc000000-7efffc021000 rw-p 00000000 00:00 0 
7efffc021000-7f0000000000 ---p 00000000 00:00 0 
7f0000000000-7f000021f000 rw-p 00000000 00:00 0 
7f000021f000-7f0004000000 ---p 00000000 00:00 0 
7f0004000000-7f0004021000 rw-p 00000000 00:00 0 
7f0004021000-7f0008000000 ---p 00000000 00:00 0 
7f0008000000-7f0008021000 rw-p 00000000 00:00 0 
7f0008021000-7f000c000000 ---p 00000000 00:00 0 
7f000c000000-7f000c1df000 rw-p 00000000 00:00 0 
7f000c1df000-7f0010000000 ---p 00000000 00:00 0 
7f0010000000-7f0010021000 rw-p 00000000 00:00 0 
7f0010021000-7f0014000000 ---p 00000000 00:00 0 
7f0014000000-7f0014021000 rw-p 00000000 00:00 0 
7f0014021000-7f0018000000 ---p 00000000 00:00 0 
7f0018000000-7f0018021000 rw-p 00000000 00:00 0 
7f0018021000-7f001c000000 ---p 00000000 00:00 0 
7f001c000000-7f001c021000 rw-p 00000000 00:00 0 
7f001c021000-7f0020000000 ---p 00000000 00:00 0 
7f0020000000-7f0020021000 rw-p 00000000 00:00 0 
7f0020021000-7f0024000000 ---p 00000000 00:00 0 
7f0024000000-7f0024021000 rw-p 00000000 00:00 0 
7f0024021000-7f0028000000 ---p 00000000 00:00 0 
7f0028000000-7f0028160000 rw-p 00000000 00:00 0 
7f0028160000-7f0028400000 ---p 00000000 00:00 0 
7f0028400000-7f00284d0000 rw-p 00000000 00:00 0 
7f00284d0000-7f002c000000 ---p 00000000 00:00 0 
7f002c000000-7f002c021000 rw-p 00000000 00:00 0 
7f002c021000-7f0030000000 ---p 00000000 00:00 0 
7f0030009000-7f0030049000 rw-s 00000000 00:05 868                        /dev/nvidiactl
7f0030049000-7f00300bd000 rw-p 00000000 00:00 0 
7f00300bd000-7f00300d9000 r--p 00000000 103:05 21928454                  /usr/lib/libX11.so.6.4.0
7f00300d9000-7f0030164000 r-xp 0001c000 103:05 21928454                  /usr/lib/libX11.so.6.4.0
7f0030164000-7f00301f9000 r--p 000a7000 103:05 21928454                  /usr/lib/libX11.so.6.4.0
7f00301f9000-7f00301fc000 r--p 0013b000 103:05 21928454                  /usr/lib/libX11.so.6.4.0
7f00301fc000-7f0030200000 rw-p 0013e000 103:05 21928454                  /usr/lib/libX11.so.6.4.0
7f0030200000-7f0030204000 ---p 00000000 00:00 0 
7f0030204000-7f0030300000 rw-p 00000000 00:00 0 
7f0030300000-7f0030304000 ---p 00000000 00:00 0 
7f0030304000-7f0030400000 rw-p 00000000 00:00 0 
7f0030400000-7f0030412000 r-xp 00000000 103:05 56520755                  /home/linuxdev/.jdks/corretto-18.0.2/lib/libnio.so
7f0030412000-7f0030611000 ---p 00012000 103:05 56520755                  /home/linuxdev/.jdks/corretto-18.0.2/lib/libnio.so
7f0030611000-7f0030612000 r--p 00011000 103:05 56520755                  /home/linuxdev/.jdks/corretto-18.0.2/lib/libnio.so
7f0030612000-7f0030613000 rw-p 00012000 103:05 56520755                  /home/linuxdev/.jdks/corretto-18.0.2/lib/libnio.so
7f0030618000-7f0030638000 rw-s 00000000 00:05 868                        /dev/nvidiactl
7f0030638000-7f0030678000 rw-s 00000000 00:05 868                        /dev/nvidiactl
7f0030678000-7f00306ba000 r--p 00000000 103:05 21930852                  /usr/lib/libGL.so.1.7.0
7f00306ba000-7f00306bd000 r-xp 00042000 103:05 21930852                  /usr/lib/libGL.so.1.7.0
7f00306bd000-7f00306d8000 r-xp 00045000 103:05 21930852                  /usr/lib/libGL.so.1.7.0
7f00306d8000-7f00306d9000 r-xp 00060000 103:05 21930852                  /usr/lib/libGL.so.1.7.0
7f00306d9000-7f00306ee000 r--p 00061000 103:05 21930852                  /usr/lib/libGL.so.1.7.0
7f00306ee000-7f00306fc000 r--p 00075000 103:05 21930852                  /usr/lib/libGL.so.1.7.0
7f00306fc000-7f00306fd000 rw-p 00083000 103:05 21930852                  /usr/lib/libGL.so.1.7.0
7f00306fd000-7f00306fe000 rw-p 00000000 00:00 0 
7f00306fe000-7f0030702000 ---p 00000000 00:00 0 
7f0030702000-7f00307fe000 rw-p 00000000 00:00 0 
7f00307fe000-7f00307ff000 ---p 00000000 00:00 0 
7f00307ff000-7f0030900000 rw-p 00000000 00:00 0 
7f0030900000-7f0030904000 ---p 00000000 00:00 0 
7f0030904000-7f0030a00000 rw-p 00000000 00:00 0 
7f0030a00000-7f0030a04000 ---p 00000000 00:00 0 
7f0030a04000-7f0030b00000 rw-p 00000000 00:00 0 
7f0030b00000-7f0030b04000 ---p 00000000 00:00 0 
7f0030b04000-7f0030c00000 rw-p 00000000 00:00 0 
7f0030c00000-7f0030c04000 ---p 00000000 00:00 0 
7f0030c04000-7f0030d00000 rw-p 00000000 00:00 0 
7f0030d00000-7f0030d04000 ---p 00000000 00:00 0 
7f0030d04000-7f0030e00000 rw-p 00000000 00:00 0 
7f0030e00000-7f0030e04000 ---p 00000000 00:00 0 
7f0030e04000-7f0030f00000 rw-p 00000000 00:00 0 
7f0030f00000-7f0030f04000 ---p 00000000 00:00 0 
7f0030f04000-7f0031000000 rw-p 00000000 00:00 0 
7f0031000000-7f00312ea000 r--p 00000000 103:05 21934390                  /usr/lib/locale/locale-archive
7f00312eb000-7f00312fe000 rw-s 00000000 00:05 868                        /dev/nvidiactl
7f00312fe000-7f0031302000 ---p 00000000 00:00 0 
7f0031302000-7f00313fe000 rw-p 00000000 00:00 0 
7f00313fe000-7f0031402000 ---p 00000000 00:00 0 
7f0031402000-7f00314fe000 rw-p 00000000 00:00 0 
7f00314fe000-7f00314ff000 ---p 00000000 00:00 0 
7f00314ff000-7f0031600000 rw-p 00000000 00:00 0 
7f0031600000-7f00316ce000 r-xp 00000000 103:05 56520793                  /home/linuxdev/.jdks/corretto-18.0.2/lib/libjsvml.so
7f00316ce000-7f00318cd000 ---p 000ce000 103:05 56520793                  /home/linuxdev/.jdks/corretto-18.0.2/lib/libjsvml.so
7f00318cd000-7f00318ce000 r--p 000cd000 103:05 56520793                  /home/linuxdev/.jdks/corretto-18.0.2/lib/libjsvml.so
7f00318ce000-7f00318cf000 rw-p 000ce000 103:05 56520793                  /home/linuxdev/.jdks/corretto-18.0.2/lib/libjsvml.so
7f00318e0000-7f00318e5000 r--p 00000000 103:05 21929790                  /usr/lib/libdrm.so.2.4.0
7f00318e5000-7f00318f1000 r-xp 00005000 103:05 21929790                  /usr/lib/libdrm.so.2.4.0
7f00318f1000-7f00318f5000 r--p 00011000 103:05 21929790                  /usr/lib/libdrm.so.2.4.0
7f00318f5000-7f00318f6000 r--p 00015000 103:05 21929790                  /usr/lib/libdrm.so.2.4.0
7f00318f6000-7f00318f7000 rw-p 00016000 103:05 21929790                  /usr/lib/libdrm.so.2.4.0
7f00318f7000-7f00318f8000 ---p 00000000 00:00 0 
7f00318f8000-7f00319f9000 rw-p 00000000 00:00 0 
7f00319f9000-7f00319fa000 ---p 00000000 00:00 0 
7f00319fa000-7f0034021000 rw-p 00000000 00:00 0 
7f0034021000-7f0038000000 ---p 00000000 00:00 0 
7f0038000000-7f0038021000 rw-p 00000000 00:00 0 
7f0038021000-7f003c000000 ---p 00000000 00:00 0 
7f003c000000-7f003c021000 rw-p 00000000 00:00 0 
7f003c021000-7f0040000000 ---p 00000000 00:00 0 
7f0040006000-7f0040026000 rw-s 00000000 00:05 868                        /dev/nvidiactl
7f0040026000-7f0040032000 r--p 00000000 103:05 21925730                  /usr/lib/libxcb-glx.so.0.0.0
7f0040032000-7f004003b000 r-xp 0000c000 103:05 21925730                  /usr/lib/libxcb-glx.so.0.0.0
7f004003b000-7f0040040000 r--p 00015000 103:05 21925730                  /usr/lib/libxcb-glx.so.0.0.0
7f0040040000-7f0040042000 r--p 0001a000 103:05 21925730                  /usr/lib/libxcb-glx.so.0.0.0
7f0040042000-7f0040043000 rw-p 0001c000 103:05 21925730                  /usr/lib/libxcb-glx.so.0.0.0
7f0040043000-7f0040044000 r--p 00000000 103:05 21931050                  /usr/lib/libnvidia-tls.so.530.41.03
7f0040044000-7f0040046000 r-xp 00001000 103:05 21931050                  /usr/lib/libnvidia-tls.so.530.41.03
7f0040046000-7f0040047000 r--p 00003000 103:05 21931050                  /usr/lib/libnvidia-tls.so.530.41.03
7f0040047000-7f0040048000 r--p 00003000 103:05 21931050                  /usr/lib/libnvidia-tls.so.530.41.03
7f0040048000-7f0040049000 rw-p 00004000 103:05 21931050                  /usr/lib/libnvidia-tls.so.530.41.03
7f0040049000-7f004004c000 r--p 00000000 103:05 21930858                  /usr/lib/libGLX.so.0.0.0
7f004004c000-7f0040066000 r-xp 00003000 103:05 21930858                  /usr/lib/libGLX.so.0.0.0
7f0040066000-7f0040069000 r--p 0001d000 103:05 21930858                  /usr/lib/libGLX.so.0.0.0
7f0040069000-7f004006a000 r--p 00020000 103:05 21930858                  /usr/lib/libGLX.so.0.0.0
7f004006a000-7f004006b000 rw-p 00021000 103:05 21930858                  /usr/lib/libGLX.so.0.0.0
7f004006b000-7f004007b000 rw-p 00000000 00:00 0 
7f004007b000-7f004007e000 r--p 00000000 103:05 21931755                  /usr/lib/libXi.so.6.1.0
7f004007e000-7f004008a000 r-xp 00003000 103:05 21931755                  /usr/lib/libXi.so.6.1.0
7f004008a000-7f004008d000 r--p 0000f000 103:05 21931755                  /usr/lib/libXi.so.6.1.0
7f004008d000-7f004008e000 r--p 00011000 103:05 21931755                  /usr/lib/libXi.so.6.1.0
7f004008e000-7f004008f000 rw-p 00012000 103:05 21931755                  /usr/lib/libXi.so.6.1.0
7f004008f000-7f0040d9c000 rw-p 00000000 00:00 0 
7f0040d9c000-7f0040d9d000 ---p 00000000 00:00 0 
7f0040d9d000-7f004164e000 rw-p 00000000 00:00 0 
7f004164e000-7f004888e000 ---p 00000000 00:00 0 
7f004888e000-7f004905e000 rw-p 00000000 00:00 0 
7f004905e000-7f005029e000 ---p 00000000 00:00 0 
7f005029e000-7f00503b4000 rw-p 00000000 00:00 0 
7f00503b4000-7f00511fc000 ---p 00000000 00:00 0 
7f00511fc000-7f0051200000 rw-p 00000000 00:00 0 
7f0051200000-7f0051470000 rwxp 00000000 00:00 0 
7f0051470000-7f0051941000 ---p 00000000 00:00 0 
7f0051941000-7f0051bb1000 rwxp 00000000 00:00 0 
7f0051bb1000-7f0058da0000 ---p 00000000 00:00 0 
7f0058da0000-7f0059010000 rwxp 00000000 00:00 0 
7f0059010000-7f0060200000 ---p 00000000 00:00 0 
7f0060200000-7f0067e4a000 r--s 00000000 103:05 56520744                  /home/linuxdev/.jdks/corretto-18.0.2/lib/modules
7f0067e4c000-7f0067e4f000 rw-s 00000000 00:05 868                        /dev/nvidiactl
7f0067e4f000-7f0067e50000 r--p 00000000 103:05 21928451                  /usr/lib/libX11-xcb.so.1.0.0
7f0067e50000-7f0067e51000 r-xp 00001000 103:05 21928451                  /usr/lib/libX11-xcb.so.1.0.0
7f0067e51000-7f0067e52000 r--p 00002000 103:05 21928451                  /usr/lib/libX11-xcb.so.1.0.0
7f0067e52000-7f0067e53000 r--p 00002000 103:05 21928451                  /usr/lib/libX11-xcb.so.1.0.0
7f0067e53000-7f0067e54000 rw-p 00003000 103:05 21928451                  /usr/lib/libX11-xcb.so.1.0.0
7f0067e54000-7f0067e55000 r--p 00000000 103:05 21930734                  /usr/lib/libXxf86vm.so.1.0.0
7f0067e55000-7f0067e58000 r-xp 00001000 103:05 21930734                  /usr/lib/libXxf86vm.so.1.0.0
7f0067e58000-7f0067e59000 r--p 00004000 103:05 21930734                  /usr/lib/libXxf86vm.so.1.0.0
7f0067e59000-7f0067e5a000 r--p 00004000 103:05 21930734                  /usr/lib/libXxf86vm.so.1.0.0
7f0067e5a000-7f0067e5b000 rw-p 00005000 103:05 21930734                  /usr/lib/libXxf86vm.so.1.0.0
7f0067e5b000-7f0067e5d000 r--p 00000000 103:05 21925698                  /usr/lib/libXdmcp.so.6.0.0
7f0067e5d000-7f0067e5f000 r-xp 00002000 103:05 21925698                  /usr/lib/libXdmcp.so.6.0.0
7f0067e5f000-7f0067e61000 r--p 00004000 103:05 21925698                  /usr/lib/libXdmcp.so.6.0.0
7f0067e61000-7f0067e62000 r--p 00005000 103:05 21925698                  /usr/lib/libXdmcp.so.6.0.0
7f0067e62000-7f0067e63000 rw-p 00006000 103:05 21925698                  /usr/lib/libXdmcp.so.6.0.0
7f0067e63000-7f0067e64000 r--p 00000000 103:05 21925702                  /usr/lib/libXau.so.6.0.0
7f0067e64000-7f0067e65000 r-xp 00001000 103:05 21925702                  /usr/lib/libXau.so.6.0.0
7f0067e65000-7f0067e66000 r--p 00002000 103:05 21925702                  /usr/lib/libXau.so.6.0.0
7f0067e66000-7f0067e67000 r--p 00002000 103:05 21925702                  /usr/lib/libXau.so.6.0.0
7f0067e67000-7f0067e68000 rw-p 00003000 103:05 21925702                  /usr/lib/libXau.so.6.0.0
7f0067e68000-7f0067e6a000 r--p 00000000 103:05 21930761                  /usr/lib/libXfixes.so.3.1.0
7f0067e6a000-7f0067e6d000 r-xp 00002000 103:05 21930761                  /usr/lib/libXfixes.so.3.1.0
7f0067e6d000-7f0067e6e000 r--p 00005000 103:05 21930761                  /usr/lib/libXfixes.so.3.1.0
7f0067e6e000-7f0067e6f000 r--p 00006000 103:05 21930761                  /usr/lib/libXfixes.so.3.1.0
7f0067e6f000-7f0067e70000 rw-p 00007000 103:05 21930761                  /usr/lib/libXfixes.so.3.1.0
7f0067e70000-7f0067e72000 r--p 00000000 103:05 21929345                  /usr/lib/libXrender.so.1.3.0
7f0067e72000-7f0067e79000 r-xp 00002000 103:05 21929345                  /usr/lib/libXrender.so.1.3.0
7f0067e79000-7f0067e7b000 r--p 00009000 103:05 21929345                  /usr/lib/libXrender.so.1.3.0
7f0067e7b000-7f0067e7c000 r--p 0000a000 103:05 21929345                  /usr/lib/libXrender.so.1.3.0
7f0067e7c000-7f0067e7d000 rw-p 0000b000 103:05 21929345                  /usr/lib/libXrender.so.1.3.0
7f0067e7d000-7f0067efe000 rw-p 00000000 00:00 0 
7f0067efe000-7f0067eff000 ---p 00000000 00:00 0 
7f0067eff000-7f006899e000 rw-p 00000000 00:00 0 
7f006899e000-7f006c000000 ---p 00000000 00:00 0 
7f006c001000-7f006c005000 r--p 00000000 103:05 21929280                  /usr/lib/libXext.so.6.4.0
7f006c005000-7f006c010000 r-xp 00004000 103:05 21929280                  /usr/lib/libXext.so.6.4.0
7f006c010000-7f006c014000 r--p 0000f000 103:05 21929280                  /usr/lib/libXext.so.6.4.0
7f006c014000-7f006c015000 r--p 00012000 103:05 21929280                  /usr/lib/libXext.so.6.4.0
7f006c015000-7f006c016000 rw-p 00013000 103:05 21929280                  /usr/lib/libXext.so.6.4.0
7f006c016000-7f006c071000 rw-p 00000000 00:00 0 
7f006c071000-7f006c072000 ---p 00000000 00:00 0 
7f006c072000-7f006c361000 rw-p 00000000 00:00 0 
7f006c361000-7f006d1a9000 ---p 00000000 00:00 0 
7f006d1a9000-7f006d2a3000 rw-p 00000000 00:00 0 
7f006d2a3000-7f006e0eb000 ---p 00000000 00:00 0 
7f006e0eb000-7f006f200000 rw-p 00000000 00:00 0 
7f006f200000-7f006f224000 r-xp 00000000 103:05 56520750                  /home/linuxdev/.jdks/corretto-18.0.2/lib/libjava.so
7f006f224000-7f006f424000 ---p 00024000 103:05 56520750                  /home/linuxdev/.jdks/corretto-18.0.2/lib/libjava.so
7f006f424000-7f006f425000 r--p 00024000 103:05 56520750                  /home/linuxdev/.jdks/corretto-18.0.2/lib/libjava.so
7f006f425000-7f006f426000 rw-p 00025000 103:05 56520750                  /home/linuxdev/.jdks/corretto-18.0.2/lib/libjava.so
7f006f426000-7f006f427000 rw-p 00000000 00:00 0 
7f006f429000-7f006f435000 r--p 00000000 103:05 21925784                  /usr/lib/libxcb.so.1.1.0
7f006f435000-7f006f449000 r-xp 0000c000 103:05 21925784                  /usr/lib/libxcb.so.1.1.0
7f006f449000-7f006f452000 r--p 00020000 103:05 21925784                  /usr/lib/libxcb.so.1.1.0
7f006f452000-7f006f453000 r--p 00028000 103:05 21925784                  /usr/lib/libxcb.so.1.1.0
7f006f453000-7f006f454000 rw-p 00029000 103:05 21925784                  /usr/lib/libxcb.so.1.1.0
7f006f454000-7f006f457000 r--p 00000000 103:05 21932896                  /usr/lib/libXcursor.so.1.0.2
7f006f457000-7f006f45c000 r-xp 00003000 103:05 21932896                  /usr/lib/libXcursor.so.1.0.2
7f006f45c000-7f006f45e000 r--p 00008000 103:05 21932896                  /usr/lib/libXcursor.so.1.0.2
7f006f45e000-7f006f45f000 r--p 00009000 103:05 21932896                  /usr/lib/libXcursor.so.1.0.2
7f006f45f000-7f006f460000 rw-p 0000a000 103:05 21932896                  /usr/lib/libXcursor.so.1.0.2
7f006f460000-7f006f463000 r--p 00000000 103:05 21893181                  /usr/lib/libgcc_s.so.1
7f006f463000-7f006f47a000 r-xp 00003000 103:05 21893181                  /usr/lib/libgcc_s.so.1
7f006f47a000-7f006f47e000 r--p 0001a000 103:05 21893181                  /usr/lib/libgcc_s.so.1
7f006f47e000-7f006f47f000 r--p 0001d000 103:05 21893181                  /usr/lib/libgcc_s.so.1
7f006f47f000-7f006f480000 rw-p 0001e000 103:05 21893181                  /usr/lib/libgcc_s.so.1
7f006f480000-7f006f600000 rw-p 00000000 00:00 0 
7f006f600000-7f006f61b000 r-xp 00000000 103:05 56520751                  /home/linuxdev/.jdks/corretto-18.0.2/lib/libjimage.so
7f006f61b000-7f006f81a000 ---p 0001b000 103:05 56520751                  /home/linuxdev/.jdks/corretto-18.0.2/lib/libjimage.so
7f006f81a000-7f006f81c000 r--p 0001a000 103:05 56520751                  /home/linuxdev/.jdks/corretto-18.0.2/lib/libjimage.so
7f006f81c000-7f006f81d000 rw-p 0001c000 103:05 56520751                  /home/linuxdev/.jdks/corretto-18.0.2/lib/libjimage.so
7f006f81d000-7f006f821000 rw-s 00000000 00:05 868                        /dev/nvidiactl
7f006f821000-7f006f823000 r--p 00000000 103:05 21930680                  /usr/lib/libXrandr.so.2.2.0
7f006f823000-7f006f82a000 r-xp 00002000 103:05 21930680                  /usr/lib/libXrandr.so.2.2.0
7f006f82a000-7f006f82c000 r--p 00009000 103:05 21930680                  /usr/lib/libXrandr.so.2.2.0
7f006f82c000-7f006f82d000 r--p 0000a000 103:05 21930680                  /usr/lib/libXrandr.so.2.2.0
7f006f82d000-7f006f82e000 rw-p 0000b000 103:05 21930680                  /usr/lib/libXrandr.so.2.2.0
7f006f82e000-7f006f833000 rw-p 00000000 00:00 0 
7f006f833000-7f006f917000 ---p 00000000 00:00 0 
7f006f917000-7f006f91c000 rw-p 00000000 00:00 0 
7f006f91c000-7f006fa00000 ---p 00000000 00:00 0 
7f006fa00000-7f0070cc7000 r-xp 00000000 103:05 56520765                  /home/linuxdev/.jdks/corretto-18.0.2/lib/server/libjvm.so
7f0070cc7000-7f0070ec7000 ---p 012c7000 103:05 56520765                  /home/linuxdev/.jdks/corretto-18.0.2/lib/server/libjvm.so
7f0070ec7000-7f0070f89000 r--p 012c7000 103:05 56520765                  /home/linuxdev/.jdks/corretto-18.0.2/lib/server/libjvm.so
7f0070f89000-7f0070fbe000 rw-p 01389000 103:05 56520765                  /home/linuxdev/.jdks/corretto-18.0.2/lib/server/libjvm.so
7f0070fbe000-7f0071019000 rw-p 00000000 00:00 0 
7f0071019000-7f007101b000 rw-s 00000000 00:01 46277                      /memfd:/.glXXXXXX (deleted)
7f007101b000-7f007101d000 rw-s 00000000 00:05 868                        /dev/nvidiactl
7f007101d000-7f0071021000 rw-s 00000000 00:05 868                        /dev/nvidiactl
7f0071021000-7f0071031000 rw-s 00000000 00:05 869                        /dev/nvidia0
7f0071031000-7f0071035000 ---p 00000000 00:00 0 
7f0071035000-7f0071131000 rw-p 00000000 00:00 0 
7f0071131000-7f007113f000 r--p 00000000 103:05 21892396                  /usr/lib/libm.so.6
7f007113f000-7f00711b9000 r-xp 0000e000 103:05 21892396                  /usr/lib/libm.so.6
7f00711b9000-7f0071217000 r--p 00088000 103:05 21892396                  /usr/lib/libm.so.6
7f0071217000-7f0071218000 r--p 000e5000 103:05 21892396                  /usr/lib/libm.so.6
7f0071218000-7f0071219000 rw-p 000e6000 103:05 21892396                  /usr/lib/libm.so.6
7f0071219000-7f007123b000 r--p 00000000 103:05 21892386                  /usr/lib/libc.so.6
7f007123b000-7f0071395000 r-xp 00022000 103:05 21892386                  /usr/lib/libc.so.6
7f0071395000-7f00713ed000 r--p 0017c000 103:05 21892386                  /usr/lib/libc.so.6
7f00713ed000-7f00713f1000 r--p 001d4000 103:05 21892386                  /usr/lib/libc.so.6
7f00713f1000-7f00713f3000 rw-p 001d8000 103:05 21892386                  /usr/lib/libc.so.6
7f00713f3000-7f0071400000 rw-p 00000000 00:00 0 
7f0071400000-7f0071419000 r-xp 00000000 103:05 56520752                  /home/linuxdev/.jdks/corretto-18.0.2/lib/libjli.so
7f0071419000-7f0071618000 ---p 00019000 103:05 56520752                  /home/linuxdev/.jdks/corretto-18.0.2/lib/libjli.so
7f0071618000-7f0071619000 r--p 00018000 103:05 56520752                  /home/linuxdev/.jdks/corretto-18.0.2/lib/libjli.so
7f0071619000-7f007161a000 rw-p 00019000 103:05 56520752                  /home/linuxdev/.jdks/corretto-18.0.2/lib/libjli.so
7f007161a000-7f007161b000 rw-s 00000000 00:05 869                        /dev/nvidia0
7f007161b000-7f007161c000 rw-s 00000000 00:05 868                        /dev/nvidiactl
7f007161c000-7f0071690000 rw-p 00000000 00:00 0 
7f0071690000-7f007169a000 ---p 00000000 00:00 0 
7f007169a000-7f007169b000 r--p 00000000 103:05 21892418                  /usr/lib/librt.so.1
7f007169b000-7f007169c000 r-xp 00001000 103:05 21892418                  /usr/lib/librt.so.1
7f007169c000-7f007169d000 r--p 00002000 103:05 21892418                  /usr/lib/librt.so.1
7f007169d000-7f007169e000 r--p 00002000 103:05 21892418                  /usr/lib/librt.so.1
7f007169e000-7f007169f000 rw-p 00003000 103:05 21892418                  /usr/lib/librt.so.1
7f007169f000-7f00716a1000 rw-p 00000000 00:00 0 
7f00716a1000-7f00716a2000 r--p 00000000 103:05 21892391                  /usr/lib/libdl.so.2
7f00716a2000-7f00716a3000 r-xp 00001000 103:05 21892391                  /usr/lib/libdl.so.2
7f00716a3000-7f00716a4000 r--p 00002000 103:05 21892391                  /usr/lib/libdl.so.2
7f00716a4000-7f00716a5000 r--p 00002000 103:05 21892391                  /usr/lib/libdl.so.2
7f00716a5000-7f00716a6000 rw-p 00003000 103:05 21892391                  /usr/lib/libdl.so.2
7f00716a6000-7f00716a7000 r--p 00000000 103:05 21892413                  /usr/lib/libpthread.so.0
7f00716a7000-7f00716a8000 r-xp 00001000 103:05 21892413                  /usr/lib/libpthread.so.0
7f00716a8000-7f00716a9000 r--p 00002000 103:05 21892413                  /usr/lib/libpthread.so.0
7f00716a9000-7f00716aa000 r--p 00002000 103:05 21892413                  /usr/lib/libpthread.so.0
7f00716aa000-7f00716ab000 rw-p 00003000 103:05 21892413                  /usr/lib/libpthread.so.0
7f00716ab000-7f00716ac000 rw-s 00000000 00:05 868                        /dev/nvidiactl
7f00716ac000-7f00716ad000 rw-s 00000000 00:05 868                        /dev/nvidiactl
7f00716ad000-7f00716ae000 rw-s 00044000 00:01 6144                       /memfd:/.nvidia_drv.XXXXXX (deleted)
7f00716ae000-7f00716af000 r--p 00000000 103:05 21931627                  /usr/lib/libXinerama.so.1.0.0
7f00716af000-7f00716b0000 r-xp 00001000 103:05 21931627                  /usr/lib/libXinerama.so.1.0.0
7f00716b0000-7f00716b1000 r--p 00002000 103:05 21931627                  /usr/lib/libXinerama.so.1.0.0
7f00716b1000-7f00716b2000 r--p 00002000 103:05 21931627                  /usr/lib/libXinerama.so.1.0.0
7f00716b2000-7f00716b3000 rw-p 00003000 103:05 21931627                  /usr/lib/libXinerama.so.1.0.0
7f00716b3000-7f00716b4000 r-xp 00000000 00:00 0 
7f00716b4000-7f00716bc000 rw-s 00000000 00:22 798                        /tmp/hsperfdata_linuxdev/758403
7f00716bc000-7f00716bd000 ---p 00000000 00:00 0 
7f00716bd000-7f00716be000 r--p 00000000 00:00 0 
7f00716be000-7f00716bf000 ---p 00000000 00:00 0 
7f00716bf000-7f00716c1000 rw-p 00000000 00:00 0 
7f00716c1000-7f00716c2000 r--p 00000000 103:05 21892377                  /usr/lib/ld-linux-x86-64.so.2
7f00716c2000-7f00716e8000 r-xp 00001000 103:05 21892377                  /usr/lib/ld-linux-x86-64.so.2
7f00716e8000-7f00716f2000 r--p 00027000 103:05 21892377                  /usr/lib/ld-linux-x86-64.so.2
7f00716f2000-7f00716f4000 r--p 00031000 103:05 21892377                  /usr/lib/ld-linux-x86-64.so.2
7f00716f4000-7f00716f6000 rw-p 00033000 103:05 21892377                  /usr/lib/ld-linux-x86-64.so.2
7ffdfff6a000-7ffdfff8b000 rw-p 00000000 00:00 0                          [stack]
7ffdfffae000-7ffdfffb2000 r--p 00000000 00:00 0                          [vvar]
7ffdfffb2000-7ffdfffb4000 r-xp 00000000 00:00 0                          [vdso]
ffffffffff600000-ffffffffff601000 --xp 00000000 00:00 0                  [vsyscall]


VM Arguments:
jvm_args: -Dfile.encoding=UTF-8 -Duser.country=US -Duser.language=en -Duser.variant 
java_command: main.java.Application
java_class_path (initial): /home/linuxdev/dev/WPI-Masters-Thesis-Workspace/Target_OpenGL_Triangle/build/classes/java/main:/home/linuxdev/dev/WPI-Masters-Thesis-Workspace/Target_OpenGL_Triangle/build/resources/main:/home/linuxdev/.gradle/caches/modules-2/files-2.1/org.lwjgl/lwjgl-assimp/3.1.2/a5e057835be22aecb2dc1e2b1550c61a628deaf6/lwjgl-assimp-3.1.2.jar:/home/linuxdev/.gradle/caches/modules-2/files-2.1/org.lwjgl/lwjgl-assimp/3.1.2/394a6760ecea174ff231485b337aa9b3e4ae8f0b/lwjgl-assimp-3.1.2-natives-linux.jar:/home/linuxdev/.gradle/caches/modules-2/files-2.1/org.lwjgl/lwjgl-glfw/3.1.2/bc0617451b3a87e7d12a9afed68402a2b3841ad4/lwjgl-glfw-3.1.2.jar:/home/linuxdev/.gradle/caches/modules-2/files-2.1/org.lwjgl/lwjgl-glfw/3.1.2/3ee9ea3d30b7bfc2e4900ba8de74d145a47a44d/lwjgl-glfw-3.1.2-natives-linux.jar:/home/linuxdev/.gradle/caches/modules-2/files-2.1/org.lwjgl/lwjgl-openal/3.1.2/a6e7db83eac633c7bd4250b9938ed3245c83aa3e/lwjgl-openal-3.1.2.jar:/home/linuxdev/.gradle/caches/modules-2/files-2.1/org.lwjgl/lwjgl-openal/3.1.2/db382c4e3c72e1c8d23f5cf9e944cc45f3dbc7ec/lwjgl-openal-3.1.2-natives-linux.jar:/home/linuxdev/.gradle/caches/modules-2/files-2.1/org.lwjgl/lwjgl-opengl/3.1.2/7c77050b72450dc06357369c73aaf76d45a3fdea/lwjgl-opengl-3.1.2.jar:/home/linuxdev/.gradle/caches/modules-2/files-2.1/org.lwjgl/lwjgl-opengl/3.1.2/20d2c0a490a2c489b6fbfa50a560acdab6048cb9/lwjgl-opengl-3.1.2-natives-linux.jar:/home/linuxdev/.gradle/caches/modules-2/files-2.1/org.lwjgl/lwjgl-stb/3.1.2/39f1ae05903c4b985a746cfd0ca1808d2a719e7/lwjgl-stb-3.1.2.jar:/home/linuxdev/.gradle/caches/modules-2/files-2.1/org.lwjgl/lwjgl-stb/3.1.2/8c87e9677fe33f356b714a0742fe66b8164c391f/lwjgl-stb-3.1.2-natives-linux.jar:/home/linuxdev/.gradle/caches/modules-2/files-2.1/org.lwjgl/lwjgl/3.1.2/28a4511b5bc6624dbc6c579ade1b25bc2b21733e/lwjgl-3.1.2.jar:/home/linuxdev/.gradle/caches/modules-2/files-2.1/org.lwjgl/lwjgl/3.1.2/eef24025434e3c7d735744987e9330d67d06bb7f/lwjgl-3.1.2-natives-linux.jar
Launcher Type: SUN_STANDARD

[Global flags]
     intx CICompilerCount                          = 12                                        {product} {ergonomic}
     uint ConcGCThreads                            = 5                                         {product} {ergonomic}
     uint G1ConcRefinementThreads                  = 18                                        {product} {ergonomic}
   size_t G1HeapRegionSize                         = 4194304                                   {product} {ergonomic}
    uintx GCDrainStackTargetSize                   = 64                                        {product} {ergonomic}
   size_t InitialHeapSize                          = 515899392                                 {product} {ergonomic}
   size_t MarkStackSize                            = 4194304                                   {product} {ergonomic}
   size_t MaxHeapSize                              = 8191475712                                {product} {ergonomic}
   size_t MaxNewSize                               = 4911529984                                {product} {ergonomic}
   size_t MinHeapDeltaBytes                        = 4194304                                   {product} {ergonomic}
   size_t MinHeapSize                              = 8388608                                   {product} {ergonomic}
    uintx NonNMethodCodeHeapSize                   = 7602480                                {pd product} {ergonomic}
    uintx NonProfiledCodeHeapSize                  = 122027880                              {pd product} {ergonomic}
    uintx ProfiledCodeHeapSize                     = 122027880                              {pd product} {ergonomic}
    uintx ReservedCodeCacheSize                    = 251658240                              {pd product} {ergonomic}
     bool SegmentedCodeCache                       = true                                      {product} {ergonomic}
   size_t SoftMaxHeapSize                          = 8191475712                             {manageable} {ergonomic}
     bool UseCompressedClassPointers               = true                           {product lp64_product} {ergonomic}
     bool UseCompressedOops                        = true                           {product lp64_product} {ergonomic}
     bool UseG1GC                                  = true                                      {product} {ergonomic}

Logging:
Log output configuration:
 #0: stdout all=warning uptime,level,tags foldmultilines=false
 #1: stderr all=off uptime,level,tags foldmultilines=false

Environment Variables:
PATH=/usr/local/sbin:/usr/local/bin:/usr/bin:/usr/lib/jvm/default/bin:/usr/bin/site_perl:/usr/bin/vendor_perl:/usr/bin/core_perl
SHELL=/bin/bash
DISPLAY=:0
LANG=en_US.UTF-8

Signal Handlers:
   SIGSEGV: crash_handler in libjvm.so, mask=11100100010111111101111111111110, flags=SA_RESTART|SA_SIGINFO
    SIGBUS: crash_handler in libjvm.so, mask=11100100010111111101111111111110, flags=SA_RESTART|SA_SIGINFO
    SIGFPE: crash_handler in libjvm.so, mask=11100100010111111101111111111110, flags=SA_RESTART|SA_SIGINFO
   SIGPIPE: javaSignalHandler in libjvm.so, mask=11100100010111111101111111111110, flags=SA_RESTART|SA_SIGINFO
   SIGXFSZ: javaSignalHandler in libjvm.so, mask=11100100010111111101111111111110, flags=SA_RESTART|SA_SIGINFO
    SIGILL: crash_handler in libjvm.so, mask=11100100010111111101111111111110, flags=SA_RESTART|SA_SIGINFO
   SIGUSR2: SR_handler in libjvm.so, mask=00100000000000000000000000000000, flags=SA_RESTART|SA_SIGINFO
    SIGHUP: UserHandler in libjvm.so, mask=11100100010111111101111111111110, flags=SA_RESTART|SA_SIGINFO
    SIGINT: UserHandler in libjvm.so, mask=11100100010111111101111111111110, flags=SA_RESTART|SA_SIGINFO
   SIGTERM: UserHandler in libjvm.so, mask=11100100010111111101111111111110, flags=SA_RESTART|SA_SIGINFO
   SIGQUIT: UserHandler in libjvm.so, mask=11100100010111111101111111111110, flags=SA_RESTART|SA_SIGINFO
   SIGTRAP: crash_handler in libjvm.so, mask=11100100010111111101111111111110, flags=SA_RESTART|SA_SIGINFO


---------------  S Y S T E M  ---------------

OS:
NAME="Arch Linux"
PRETTY_NAME="Arch Linux"
ID=arch
BUILD_ID=rolling
ANSI_COLOR="38;2;23;147;209"
HOME_URL="https://archlinux.org/"
DOCUMENTATION_URL="https://wiki.archlinux.org/"
SUPPORT_URL="https://bbs.archlinux.org/"
BUG_REPORT_URL="https://bugs.archlinux.org/"
PRIVACY_POLICY_URL="https://terms.archlinux.org/docs/privacy-policy/"
LOGO=archlinux-logo
uname: Linux 6.2.8-arch1-1 #1 SMP PREEMPT_DYNAMIC Wed, 22 Mar 2023 22:52:35 +0000 x86_64
OS uptime: 1 days 4:03 hours
libc: glibc 2.37 NPTL 2.37 
rlimit (soft/hard): STACK 8192k/infinity , CORE infinity/infinity , NPROC 124869/124869 , NOFILE 524288/524288 , AS infinity/infinity , CPU infinity/infinity , DATA infinity/infinity , FSIZE infinity/infinity , MEMLOCK 8192k/8192k
load average: 0.40 0.82 0.80

/proc/meminfo:
MemTotal:       31982928 kB
MemFree:         2816144 kB
MemAvailable:   22445776 kB
Buffers:          122692 kB
Cached:         19570648 kB
SwapCached:        64332 kB
Active:         10639252 kB
Inactive:       17311252 kB
Active(anon):    8376848 kB
Inactive(anon):    13464 kB
Active(file):    2262404 kB
Inactive(file): 17297788 kB
Unevictable:           4 kB
Mlocked:               4 kB
SwapTotal:      67108860 kB
SwapFree:       66428924 kB
Zswap:             47312 kB
Zswapped:         132336 kB
Dirty:              1604 kB
Writeback:             0 kB
AnonPages:       8219960 kB
Mapped:           800524 kB
Shmem:            133144 kB
KReclaimable:     537328 kB
Slab:             753932 kB
SReclaimable:     537328 kB
SUnreclaim:       216604 kB
KernelStack:       21724 kB
PageTables:        52420 kB
SecPageTables:         0 kB
NFS_Unstable:          0 kB
Bounce:                0 kB
WritebackTmp:          0 kB
CommitLimit:    83100324 kB
Committed_AS:   18588844 kB
VmallocTotal:   34359738367 kB
VmallocUsed:      137156 kB
VmallocChunk:          0 kB
Percpu:            19872 kB
HardwareCorrupted:     0 kB
AnonHugePages:   4808704 kB
ShmemHugePages:        0 kB
ShmemPmdMapped:        0 kB
FileHugePages:     65536 kB
FilePmdMapped:     53248 kB
CmaTotal:              0 kB
CmaFree:               0 kB
HugePages_Total:       0
HugePages_Free:        0
HugePages_Rsvd:        0
HugePages_Surp:        0
Hugepagesize:       2048 kB
Hugetlb:               0 kB
DirectMap4k:    11955704 kB
DirectMap2M:    20703232 kB
DirectMap1G:     1048576 kB

/sys/kernel/mm/transparent_hugepage/enabled: [always] madvise never
/sys/kernel/mm/transparent_hugepage/defrag (defrag/compaction efforts parameter): always defer defer+madvise [madvise] never

Process Memory:
Virtual Size: 11314744K (peak: 11314744K)
Resident Set Size: 92076K (peak: 92076K) (anon: 42576K, file: 48732K, shmem: 768K)
Swapped out: 0K
C-Heap outstanding allocations: 56951K, retained: 2568K

/proc/sys/kernel/threads-max (system-wide limit on the number of threads): 249739
/proc/sys/vm/max_map_count (maximum number of memory map areas a process may have): 65530
/proc/sys/kernel/pid_max (system-wide limit on number of process identifiers): 4194304

container (cgroup) information:
container_type: cgroupv2
cpu_cpuset_cpus: not supported
cpu_memory_nodes: not supported
active_processor_count: 24
cpu_quota: no quota
cpu_period: 100000
cpu_shares: no shares
memory_limit_in_bytes: unlimited
memory_and_swap_limit_in_bytes: unlimited
memory_soft_limit_in_bytes: unlimited
memory_usage_in_bytes: 10698952704
memory_max_usage_in_bytes: not supported
maximum number of tasks: unlimited
current number of tasks: 919

Steal ticks since vm start: 0
Steal ticks percentage since vm start:  0.000

CPU: total 24 (initial active 24) (24 cores per cpu, 2 threads per core) family 25 model 97 stepping 2 microcode 0xa601203, cx8, cmov, fxsr, ht, mmx, 3dnowpref, sse, sse2, sse3, ssse3, sse4a, sse4.1, sse4.2, popcnt, lzcnt, tsc, tscinvbit, avx, avx2, aes, erms, clmul, bmi1, bmi2, adx, avx512f, avx512dq, avx512cd, avx512bw, avx512vl, sha, fma, vzeroupper, avx512_vpopcntdq, avx512_vpclmulqdq, avx512_vaes, avx512_vnni, clflush, clflushopt, avx512_vbmi2, avx512_vbmi
CPU Model and flags from /proc/cpuinfo:
model name	: AMD Ryzen 9 7900X 12-Core Processor
flags		: fpu vme de pse tsc msr pae mce cx8 apic sep mtrr pge mca cmov pat pse36 clflush mmx fxsr sse sse2 ht syscall nx mmxext fxsr_opt pdpe1gb rdtscp lm constant_tsc rep_good amd_lbr_v2 nopl nonstop_tsc cpuid extd_apicid aperfmperf rapl pni pclmulqdq monitor ssse3 fma cx16 sse4_1 sse4_2 x2apic movbe popcnt aes xsave avx f16c rdrand lahf_lm cmp_legacy svm extapic cr8_legacy abm sse4a misalignsse 3dnowprefetch osvw ibs skinit wdt tce topoext perfctr_core perfctr_nb bpext perfctr_llc mwaitx cpb cat_l3 cdp_l3 hw_pstate ssbd mba perfmon_v2 ibrs ibpb stibp vmmcall fsgsbase bmi1 avx2 smep bmi2 erms invpcid cqm rdt_a avx512f avx512dq rdseed adx smap avx512ifma clflushopt clwb avx512cd sha_ni avx512bw avx512vl xsaveopt xsavec xgetbv1 xsaves cqm_llc cqm_occup_llc cqm_mbm_total cqm_mbm_local avx512_bf16 clzero irperf xsaveerptr rdpru wbnoinvd cppc arat npt lbrv svm_lock nrip_save tsc_scale vmcb_clean flushbyasid decodeassists pausefilter pfthreshold avic v_vmsave_vmload vgif x2avic v_spec_ctrl avx512vbmi umip pku ospke avx512_vbmi2 gfni vaes vpclmulqdq avx512_vnni avx512_bitalg avx512_vpopcntdq rdpid overflow_recov succor smca fsrm flush_l1d

Online cpus: 0-23
Offline cpus: 
BIOS frequency limitation: 4700000
Frequency switch latency (ns): 0
Available cpu frequencies: 4700000 3000000 
Current governor: schedutil
Core performance/turbo boost: 1

Memory: 4k page, physical 31982928k(2816144k free), swap 67108860k(66428924k free)
Page Sizes: 4k

vm_info: OpenJDK 64-Bit Server VM (18.0.2+9-FR) for linux-amd64 JRE (18.0.2+9-FR), built on Jul 15 2022 19:39:41 by "jenkins" with gcc 7.3.1 20180303 (Red Hat 7.3.1-5)

END.
